[12/04/2025 11:28:44] info: Logging was started to file.
[12/04/2025 11:28:44] info: Start application inspector initialization
[12/04/2025 11:28:44] info: Hide developer mode UI
[12/04/2025 11:28:45] info: Infrastructure Configurations: {"port":8000,"infrastructureAssemblyFolderPath":"C:\\Users\\kokou\\AppData\\Local\\Application Inspector Analyzer","applicationResourcesFolderPath":"C:\\Users\\kokou\\AppData\\Local\\Application Inspector Analyzer","scanTargetFolderPath":"c:\\Users\\kokou\\Nextcloud3\\AZ400","isDebugging":false,"logLevel":{"i2_1":"Error","j2_1":5,"type":5,"key":"Settings.LogLevel.Error.Text"},"logDir":"c:\\Users\\kokou\\Nextcloud3\\AZ400\\.ai\\Logs\\Infrastructure\\2025-04-12-11-28-45","tipsFoundNotificationThreshold":1000,"similarIssuesFoundNotificationThreshold":1000,"applicationLocalDataFolderPath":"c:\\Users\\kokou\\Nextcloud3\\AZ400\\.ai"}
[12/04/2025 11:28:45] info: Start infrastructure initialization
[12/04/2025 11:28:49] info: Infrastructure was started
[12/04/2025 11:28:56] info: Initialize aie integration isn't initialized
[12/04/2025 11:28:56] info: Infrastructure was initialized
[12/04/2025 11:28:56] info: Infrastructure Installer was deleted
[12/04/2025 11:28:57] warn: Localization 1036 was not found for apache mod_negotiation resource location disclosure
[12/04/2025 11:28:57] warn: Localization 1036 was not found for arbitrary directory copying
[12/04/2025 11:28:57] warn: Localization 1036 was not found for arbitrary directory creation
[12/04/2025 11:28:57] warn: Localization 1036 was not found for arbitrary directory deletion
[12/04/2025 11:28:57] warn: Localization 1036 was not found for arbitrary directory listing
[12/04/2025 11:28:57] warn: Localization 1036 was not found for arbitrary directory moving
[12/04/2025 11:28:57] warn: Localization 1036 was not found for arbitrary file copying
[12/04/2025 11:28:57] warn: Localization 1036 was not found for arbitrary file creation
[12/04/2025 11:28:57] warn: Localization 1036 was not found for arbitrary file deletion
[12/04/2025 11:28:57] warn: Localization 1036 was not found for arbitrary file modification
[12/04/2025 11:28:57] warn: Localization 1036 was not found for arbitrary file moving
[12/04/2025 11:28:57] warn: Localization 1036 was not found for arbitrary file reading
[12/04/2025 11:28:57] warn: Localization 1036 was not found for cookie injection
[12/04/2025 11:28:57] warn: Localization 1036 was not found for credentials brute-force
[12/04/2025 11:28:57] warn: Localization 1036 was not found for cross-site request forgery
[12/04/2025 11:28:57] warn: Localization 1036 was not found for cross-site scripting
[12/04/2025 11:28:57] warn: Localization 1036 was not found for cursor injection
[12/04/2025 11:28:57] warn: Localization 1036 was not found for cursor sqli
[12/04/2025 11:28:57] warn: Localization 1036 was not found for default
[12/04/2025 11:28:57] warn: Localization 1036 was not found for denial of service
[12/04/2025 11:28:57] warn: Localization 1036 was not found for deserialization of untrusted data
[12/04/2025 11:28:57] warn: Localization 1036 was not found for df
[12/04/2025 11:28:57] warn: Localization 1036 was not found for djangoorminjection
[12/04/2025 11:28:57] warn: Localization 1036 was not found for dll injection
[12/04/2025 11:28:57] warn: Localization 1036 was not found for double free
[12/04/2025 11:28:57] warn: Localization 1036 was not found for dynamic code injection
[12/04/2025 11:28:57] warn: Localization 1036 was not found for dynamic query injection
[12/04/2025 11:28:57] warn: Localization 1036 was not found for external control of configuration
[12/04/2025 11:28:57] warn: Localization 1036 was not found for fingerprinting
[12/04/2025 11:28:57] warn: Localization 1036 was not found for format string
[12/04/2025 11:28:57] warn: Localization 1036 was not found for hardcoded password
[12/04/2025 11:28:57] warn: Localization 1036 was not found for heap overflow
[12/04/2025 11:28:57] warn: Localization 1036 was not found for http header injection
[12/04/2025 11:28:57] warn: Localization 1036 was not found for http request splitting
[12/04/2025 11:28:57] warn: Localization 1036 was not found for http response splitting
[12/04/2025 11:28:57] warn: Localization 1036 was not found for improper access control taint
[12/04/2025 11:28:57] warn: Localization 1036 was not found for improper resource shutdown or release
[12/04/2025 11:28:57] warn: Localization 1036 was not found for information exposure
[12/04/2025 11:28:57] warn: Localization 1036 was not found for injection
[12/04/2025 11:28:57] warn: Localization 1036 was not found for insecure direct object references
[12/04/2025 11:28:57] warn: Localization 1036 was not found for insufficient session expiration
[12/04/2025 11:28:57] warn: Localization 1036 was not found for integer overflow
[12/04/2025 11:28:57] warn: Localization 1036 was not found for ldap injection
[12/04/2025 11:28:57] warn: Localization 1036 was not found for like injection
[12/04/2025 11:28:57] warn: Localization 1036 was not found for linq injection
[12/04/2025 11:28:57] warn: Localization 1036 was not found for local file inclusion
[12/04/2025 11:28:57] warn: Localization 1036 was not found for log forging
[12/04/2025 11:28:57] warn: Localization 1036 was not found for nosql injection
[12/04/2025 11:28:57] warn: Localization 1036 was not found for null dereference
[12/04/2025 11:28:57] warn: Localization 1036 was not found for object injection
[12/04/2025 11:28:57] warn: Localization 1036 was not found for open redirect
[12/04/2025 11:28:57] warn: Localization 1036 was not found for orm injection
[12/04/2025 11:28:57] warn: Localization 1036 was not found for os commanding
[12/04/2025 11:28:57] warn: Localization 1036 was not found for padding oracle attack
[12/04/2025 11:28:57] warn: Localization 1036 was not found for path traversal
[12/04/2025 11:28:57] warn: Localization 1036 was not found for persistent cookie exposing
[12/04/2025 11:28:57] warn: Localization 1036 was not found for potential path traversal
[12/04/2025 11:28:57] warn: Localization 1036 was not found for process control
[12/04/2025 11:28:57] warn: Localization 1036 was not found for redos
[12/04/2025 11:28:57] warn: Localization 1036 was not found for remote code execution
[12/04/2025 11:28:57] warn: Localization 1036 was not found for remote file inclusion
[12/04/2025 11:28:57] warn: Localization 1036 was not found for resource exhaustion
[12/04/2025 11:28:57] warn: Localization 1036 was not found for resource location brute-force
[12/04/2025 11:28:57] warn: Localization 1036 was not found for server-side request forgery
[12/04/2025 11:28:57] warn: Localization 1036 was not found for server-side template injection
[12/04/2025 11:28:57] warn: Localization 1036 was not found for serverfingerprinting
[12/04/2025 11:28:57] warn: Localization 1036 was not found for session management weakness
[12/04/2025 11:28:57] warn: Localization 1036 was not found for shellshock
[12/04/2025 11:28:57] warn: Localization 1036 was not found for smtp header injection
[12/04/2025 11:28:57] warn: Localization 1036 was not found for sql injection
[12/04/2025 11:28:57] warn: Localization 1036 was not found for sqli
[12/04/2025 11:28:57] warn: Localization 1036 was not found for stack overflow
[12/04/2025 11:28:57] warn: Localization 1036 was not found for uaf
[12/04/2025 11:28:57] warn: Localization 1036 was not found for uncontrolled data manipulation
[12/04/2025 11:28:57] warn: Localization 1036 was not found for uncontrolled env var modification
[12/04/2025 11:28:57] warn: Localization 1036 was not found for unrestricted file upload
[12/04/2025 11:28:57] warn: Localization 1036 was not found for use after free
[12/04/2025 11:28:57] warn: Localization 1036 was not found for webview xss taint
[12/04/2025 11:28:57] warn: Localization 1036 was not found for xml entity expansion
[12/04/2025 11:28:57] warn: Localization 1036 was not found for xml external entity
[12/04/2025 11:28:57] warn: Localization 1036 was not found for xpath injection
[12/04/2025 11:28:57] warn: Localization 1036 was not found for xquery injection
[12/04/2025 11:28:57] warn: Localization 1036 was not found for 100
[12/04/2025 11:28:57] warn: Localization 1036 was not found for 101
[12/04/2025 11:28:57] warn: Localization 1036 was not found for 102
[12/04/2025 11:28:57] warn: Localization 1036 was not found for 103
[12/04/2025 11:28:57] warn: Localization 1036 was not found for 104
[12/04/2025 11:28:57] warn: Localization 1036 was not found for 105
[12/04/2025 11:28:57] warn: Localization 1036 was not found for 107
[12/04/2025 11:28:57] warn: Localization 1036 was not found for 108
[12/04/2025 11:28:57] warn: Localization 1036 was not found for 109
[12/04/2025 11:28:57] warn: Localization 1036 was not found for 111
[12/04/2025 11:28:57] warn: Localization 1036 was not found for 113
[12/04/2025 11:28:57] warn: Localization 1036 was not found for 114
[12/04/2025 11:28:57] warn: Localization 1036 was not found for 116
[12/04/2025 11:28:57] warn: Localization 1036 was not found for 117
[12/04/2025 11:28:57] warn: Localization 1036 was not found for 118
[12/04/2025 11:28:57] warn: Localization 1036 was not found for 120
[12/04/2025 11:28:57] warn: Localization 1036 was not found for 122
[12/04/2025 11:28:57] warn: Localization 1036 was not found for 123
[12/04/2025 11:28:57] warn: Localization 1036 was not found for 124
[12/04/2025 11:28:57] warn: Localization 1036 was not found for 125
[12/04/2025 11:28:57] warn: Localization 1036 was not found for 127
[12/04/2025 11:28:57] warn: Localization 1036 was not found for 128
[12/04/2025 11:28:57] warn: Localization 1036 was not found for 129
[12/04/2025 11:28:57] warn: Localization 1036 was not found for 130
[12/04/2025 11:28:57] warn: Localization 1036 was not found for 135
[12/04/2025 11:28:57] warn: Localization 1036 was not found for 138
[12/04/2025 11:28:57] warn: Localization 1036 was not found for 139
[12/04/2025 11:28:57] warn: Localization 1036 was not found for 140
[12/04/2025 11:28:57] warn: Localization 1036 was not found for 141
[12/04/2025 11:28:57] warn: Localization 1036 was not found for 142
[12/04/2025 11:28:57] warn: Localization 1036 was not found for 144
[12/04/2025 11:28:57] warn: Localization 1036 was not found for 145
[12/04/2025 11:28:57] warn: Localization 1036 was not found for 146
[12/04/2025 11:28:57] warn: Localization 1036 was not found for 147
[12/04/2025 11:28:57] warn: Localization 1036 was not found for 148
[12/04/2025 11:28:57] warn: Localization 1036 was not found for 149
[12/04/2025 11:28:57] warn: Localization 1036 was not found for 150
[12/04/2025 11:28:57] warn: Localization 1036 was not found for 151
[12/04/2025 11:28:57] warn: Localization 1036 was not found for 152
[12/04/2025 11:28:57] warn: Localization 1036 was not found for 153
[12/04/2025 11:28:57] warn: Localization 1036 was not found for 154
[12/04/2025 11:28:57] warn: Localization 1036 was not found for 156
[12/04/2025 11:28:57] warn: Localization 1036 was not found for 157
[12/04/2025 11:28:57] warn: Localization 1036 was not found for 158
[12/04/2025 11:28:57] warn: Localization 1036 was not found for 159
[12/04/2025 11:28:57] warn: Localization 1036 was not found for 160
[12/04/2025 11:28:57] warn: Localization 1036 was not found for 161
[12/04/2025 11:28:57] warn: Localization 1036 was not found for 162
[12/04/2025 11:28:57] warn: Localization 1036 was not found for 163
[12/04/2025 11:28:57] warn: Localization 1036 was not found for 164
[12/04/2025 11:28:57] warn: Localization 1036 was not found for 165
[12/04/2025 11:28:57] warn: Localization 1036 was not found for 200
[12/04/2025 11:28:57] warn: Localization 1036 was not found for 24544
[12/04/2025 11:28:57] warn: Localization 1036 was not found for 24545
[12/04/2025 11:28:57] warn: Localization 1036 was not found for 24546
[12/04/2025 11:28:57] warn: Localization 1036 was not found for 24547
[12/04/2025 11:28:57] warn: Localization 1036 was not found for 24548
[12/04/2025 11:28:57] warn: Localization 1036 was not found for 24549
[12/04/2025 11:28:57] warn: Localization 1036 was not found for 24550
[12/04/2025 11:28:57] warn: Localization 1036 was not found for 24551
[12/04/2025 11:28:57] warn: Localization 1036 was not found for 24552
[12/04/2025 11:28:57] warn: Localization 1036 was not found for 24553
[12/04/2025 11:28:57] warn: Localization 1036 was not found for 24554
[12/04/2025 11:28:57] warn: Localization 1036 was not found for 24555
[12/04/2025 11:28:57] warn: Localization 1036 was not found for 24556
[12/04/2025 11:28:57] warn: Localization 1036 was not found for 24557
[12/04/2025 11:28:57] warn: Localization 1036 was not found for 24558
[12/04/2025 11:28:57] warn: Localization 1036 was not found for 24559
[12/04/2025 11:28:57] warn: Localization 1036 was not found for 24560
[12/04/2025 11:28:57] warn: Localization 1036 was not found for 24561
[12/04/2025 11:28:57] warn: Localization 1036 was not found for 24562
[12/04/2025 11:28:57] warn: Localization 1036 was not found for 24563
[12/04/2025 11:28:57] warn: Localization 1036 was not found for 24564
[12/04/2025 11:28:57] warn: Localization 1036 was not found for 24565
[12/04/2025 11:28:57] warn: Localization 1036 was not found for 24566
[12/04/2025 11:28:57] warn: Localization 1036 was not found for 24567
[12/04/2025 11:28:57] warn: Localization 1036 was not found for 24568
[12/04/2025 11:28:57] warn: Localization 1036 was not found for 305
[12/04/2025 11:28:57] warn: Localization 1036 was not found for 96
[12/04/2025 11:28:57] warn: Localization 1036 was not found for 97
[12/04/2025 11:28:57] warn: Localization 1036 was not found for 98
[12/04/2025 11:28:57] warn: Localization 1036 was not found for 99
[12/04/2025 11:28:57] warn: Localization 1036 was not found for attributes code inside addeventlistener
[12/04/2025 11:28:57] warn: Localization 1036 was not found for attributes code inside attachevent
[12/04/2025 11:28:57] warn: Localization 1036 was not found for attributes code inside createattribute
[12/04/2025 11:28:57] warn: Localization 1036 was not found for attributes code inside element event
[12/04/2025 11:28:57] warn: Localization 1036 was not found for attributes code inside setattribute
[12/04/2025 11:28:57] warn: Localization 1036 was not found for attributes code inside setattributens
[12/04/2025 11:28:57] warn: Localization 1036 was not found for buffer overflow
[12/04/2025 11:28:57] warn: Localization 1036 was not found for buffer overflow in python
[12/04/2025 11:28:57] warn: Localization 1036 was not found for buffer overflow pm
[12/04/2025 11:28:57] warn: Localization 1036 was not found for class defines clone but not implement cloneable
[12/04/2025 11:28:57] warn: Localization 1036 was not found for csrf protection disabled
[12/04/2025 11:28:57] warn: Localization 1036 was not found for cursor snarfing plsql
[12/04/2025 11:28:57] warn: Localization 1036 was not found for cursor snarfing tsql
[12/04/2025 11:28:57] warn: Localization 1036 was not found for dangerous function plsql
[12/04/2025 11:28:57] warn: Localization 1036 was not found for dangerous function tsql
[12/04/2025 11:28:57] warn: Localization 1036 was not found for debug information leakage
[12/04/2025 11:28:57] warn: Localization 1036 was not found for debug mode python
[12/04/2025 11:28:57] warn: Localization 1036 was not found for deprecated functions objc
[12/04/2025 11:28:57] warn: Localization 1036 was not found for deserialization of untrusted data pm
[12/04/2025 11:28:57] warn: Localization 1036 was not found for deserialization of untrusted data pm python
[12/04/2025 11:28:57] warn: Localization 1036 was not found for detection of error condition without action
[12/04/2025 11:28:57] warn: Localization 1036 was not found for direct use of threads
[12/04/2025 11:28:57] warn: Localization 1036 was not found for directorytraversalcreatereadstream
[12/04/2025 11:28:57] warn: Localization 1036 was not found for directorytraversalreadfile
[12/04/2025 11:28:57] warn: Localization 1036 was not found for disabling ssl certificate checks
[12/04/2025 11:28:57] warn: Localization 1036 was not found for disabling ssl certificate checks c
[12/04/2025 11:28:57] warn: Localization 1036 was not found for disabling ssl-tls certificate checks go
[12/04/2025 11:28:57] warn: Localization 1036 was not found for divide by zero
[12/04/2025 11:28:57] warn: Localization 1036 was not found for dom modification contextual fragment
[12/04/2025 11:28:57] warn: Localization 1036 was not found for dom modification html tag
[12/04/2025 11:28:57] warn: Localization 1036 was not found for dom modification selected position
[12/04/2025 11:28:57] warn: Localization 1036 was not found for dom modification string inside document
[12/04/2025 11:28:57] warn: Localization 1036 was not found for download of code without integrity check
[12/04/2025 11:28:57] warn: Localization 1036 was not found for embedded malicious code
[12/04/2025 11:28:57] warn: Localization 1036 was not found for empty default exception handler
[12/04/2025 11:28:57] warn: Localization 1036 was not found for erroneous null comparison
[12/04/2025 11:28:57] warn: Localization 1036 was not found for exposure of data element to wrong session
[12/04/2025 11:28:57] warn: Localization 1036 was not found for exposure of system data to an unauthorized control sphere
[12/04/2025 11:28:57] warn: Localization 1036 was not found for external control of file name or path
[12/04/2025 11:28:57] warn: Localization 1036 was not found for file snarfing plsql
[12/04/2025 11:28:57] warn: Localization 1036 was not found for format string pm
[12/04/2025 11:28:57] warn: Localization 1036 was not found for forwarding via location
[12/04/2025 11:28:57] warn: Localization 1036 was not found for forwarding via location function
[12/04/2025 11:28:57] warn: Localization 1036 was not found for forwarding via opening new tab
[12/04/2025 11:28:57] warn: Localization 1036 was not found for ftpusage
[12/04/2025 11:28:57] warn: Localization 1036 was not found for go weak cryptographic hash
[12/04/2025 11:28:57] warn: Localization 1036 was not found for hardcoded initialization vector
[12/04/2025 11:28:57] warn: Localization 1036 was not found for hardcoded key
[12/04/2025 11:28:57] warn: Localization 1036 was not found for hardcoded password kotlin
[12/04/2025 11:28:57] warn: Localization 1036 was not found for hardcoded password pm
[12/04/2025 11:28:57] warn: Localization 1036 was not found for hardcoded pbkdf password
[12/04/2025 11:28:57] warn: Localization 1036 was not found for headerinjection
[12/04/2025 11:28:57] warn: Localization 1036 was not found for improper access control
[12/04/2025 11:28:57] warn: Localization 1036 was not found for improper access control c
[12/04/2025 11:28:57] warn: Localization 1036 was not found for improper certificate validation
[12/04/2025 11:28:57] warn: Localization 1036 was not found for improper check for unusual or exceptional conditions
[12/04/2025 11:28:57] warn: Localization 1036 was not found for improperly implemented security check for standard
[12/04/2025 11:28:57] warn: Localization 1036 was not found for include interface ssl
[12/04/2025 11:28:57] warn: Localization 1036 was not found for incorrect permission assignment for critical resource
[12/04/2025 11:28:57] warn: Localization 1036 was not found for incorrect permission assignment for critical resource 1
[12/04/2025 11:28:57] warn: Localization 1036 was not found for incorrect permission assignment for critical resource go
[12/04/2025 11:28:57] warn: Localization 1036 was not found for incorrect permission assignment for critical resource java
[12/04/2025 11:28:57] warn: Localization 1036 was not found for incorrect unix api using
[12/04/2025 11:28:57] warn: Localization 1036 was not found for incorrect usage of seeds in pseudo-random number generator
[12/04/2025 11:28:57] warn: Localization 1036 was not found for incorrectpermissionassignmentphp
[12/04/2025 11:28:57] warn: Localization 1036 was not found for information exposure pm
[12/04/2025 11:28:57] warn: Localization 1036 was not found for information exposure through an error message
[12/04/2025 11:28:57] warn: Localization 1036 was not found for information exposure through comments
[12/04/2025 11:28:57] warn: Localization 1036 was not found for information exposure through persistent cookies
[12/04/2025 11:28:57] warn: Localization 1036 was not found for information exposure through persistent cookies 1
[12/04/2025 11:28:57] warn: Localization 1036 was not found for information exposure through static content
[12/04/2025 11:28:57] warn: Localization 1036 was not found for informationexposureviaexception
[12/04/2025 11:28:57] warn: Localization 1036 was not found for insecure cipher key export
[12/04/2025 11:28:57] warn: Localization 1036 was not found for insecure connection protocol
[12/04/2025 11:28:57] warn: Localization 1036 was not found for insecure cookie 1
[12/04/2025 11:28:57] warn: Localization 1036 was not found for insecure cookie 2
[12/04/2025 11:28:57] warn: Localization 1036 was not found for insecure cookie scope
[12/04/2025 11:28:57] warn: Localization 1036 was not found for insecure data storage
[12/04/2025 11:28:57] warn: Localization 1036 was not found for insecure data storage objc simple
[12/04/2025 11:28:57] warn: Localization 1036 was not found for insecure network binding
[12/04/2025 11:28:57] warn: Localization 1036 was not found for insecure randomness ojbc
[12/04/2025 11:28:57] warn: Localization 1036 was not found for insecure randomness plsql
[12/04/2025 11:28:57] warn: Localization 1036 was not found for insecure randomness tsql
[12/04/2025 11:28:57] warn: Localization 1036 was not found for insecure rsa padding
[12/04/2025 11:28:57] warn: Localization 1036 was not found for insecure rsa padding 1
[12/04/2025 11:28:57] warn: Localization 1036 was not found for insecure ssl connection
[12/04/2025 11:28:57] warn: Localization 1036 was not found for insecure ssl connection 1
[12/04/2025 11:28:57] warn: Localization 1036 was not found for insecure ssl protocol
[12/04/2025 11:28:57] warn: Localization 1036 was not found for insecure transport java
[12/04/2025 11:28:57] warn: Localization 1036 was not found for insecure usage of jinja templates
[12/04/2025 11:28:57] warn: Localization 1036 was not found for insecure usage of mako templates
[12/04/2025 11:28:57] warn: Localization 1036 was not found for insecure validation functions
[12/04/2025 11:28:57] warn: Localization 1036 was not found for insecure validation functions 1
[12/04/2025 11:28:57] warn: Localization 1036 was not found for insecure work with temporary files
[12/04/2025 11:28:57] warn: Localization 1036 was not found for insecureevalpython
[12/04/2025 11:28:57] warn: Localization 1036 was not found for insufficient cors policy
[12/04/2025 11:28:57] warn: Localization 1036 was not found for insufficient encryption key length
[12/04/2025 11:28:57] warn: Localization 1036 was not found for insufficient encryption key length 1
[12/04/2025 11:28:57] warn: Localization 1036 was not found for insufficient key size go
[12/04/2025 11:28:57] warn: Localization 1036 was not found for insufficient logging&monitoring
[12/04/2025 11:28:57] warn: Localization 1036 was not found for insufficient session expiration pm
[12/04/2025 11:28:57] warn: Localization 1036 was not found for insufficientencryptionkeylength
[12/04/2025 11:28:57] warn: Localization 1036 was not found for integer overflow pm
[12/04/2025 11:28:57] warn: Localization 1036 was not found for jquery function that adds element
[12/04/2025 11:28:57] warn: Localization 1036 was not found for jquery function that replaces element
[12/04/2025 11:28:57] warn: Localization 1036 was not found for jquery html inside dom
[12/04/2025 11:28:57] warn: Localization 1036 was not found for jquery unsafe functions for dom
[12/04/2025 11:28:57] warn: Localization 1036 was not found for jquery wrap element to html
[12/04/2025 11:28:57] warn: Localization 1036 was not found for json-test
[12/04/2025 11:28:57] warn: Localization 1036 was not found for lack of the host key verification go
[12/04/2025 11:28:57] warn: Localization 1036 was not found for least privilege violation
[12/04/2025 11:28:57] warn: Localization 1036 was not found for leftover debug code
[12/04/2025 11:28:57] warn: Localization 1036 was not found for marksafepython
[12/04/2025 11:28:57] warn: Localization 1036 was not found for memory leak
[12/04/2025 11:28:57] warn: Localization 1036 was not found for method without super clone
[12/04/2025 11:28:57] warn: Localization 1036 was not found for method without super finalize
[12/04/2025 11:28:57] warn: Localization 1036 was not found for missing auth localized reason
[12/04/2025 11:28:57] warn: Localization 1036 was not found for missing encryption of sensitive data
[12/04/2025 11:28:57] warn: Localization 1036 was not found for none
[12/04/2025 11:28:57] warn: Localization 1036 was not found for notlsreject
[12/04/2025 11:28:57] warn: Localization 1036 was not found for nslog using
[12/04/2025 11:28:57] warn: Localization 1036 was not found for null dereference pattern
[12/04/2025 11:28:57] warn: Localization 1036 was not found for null pbkdf password
[12/04/2025 11:28:57] warn: Localization 1036 was not found for obsolete function
[12/04/2025 11:28:57] warn: Localization 1036 was not found for openredirect
[12/04/2025 11:28:57] warn: Localization 1036 was not found for overly broad grant
[12/04/2025 11:28:57] warn: Localization 1036 was not found for override equals method without hashcode
[12/04/2025 11:28:57] warn: Localization 1036 was not found for pattern matching
[12/04/2025 11:28:57] warn: Localization 1036 was not found for php pm sensitive cookie in https session without ‘secure’ attribute
[12/04/2025 11:28:57] warn: Localization 1036 was not found for plaintext storage of a password
[12/04/2025 11:28:57] warn: Localization 1036 was not found for plaintext storage of a password 1
[12/04/2025 11:28:57] warn: Localization 1036 was not found for play 1 html xss
[12/04/2025 11:28:57] warn: Localization 1036 was not found for play 2 html xss
[12/04/2025 11:28:57] warn: Localization 1036 was not found for poor logging practice logger
[12/04/2025 11:28:57] warn: Localization 1036 was not found for poor logging practice system
[12/04/2025 11:28:57] warn: Localization 1036 was not found for possible rce through sql injection
[12/04/2025 11:28:57] warn: Localization 1036 was not found for private array typed field returned from a public method
[12/04/2025 11:28:57] warn: Localization 1036 was not found for public data assigned to private array typed field
[12/04/2025 11:28:57] warn: Localization 1036 was not found for python weak cryptographic hash
[12/04/2025 11:28:57] warn: Localization 1036 was not found for python2input
[12/04/2025 11:28:57] warn: Localization 1036 was not found for pythonassertion
[12/04/2025 11:28:57] warn: Localization 1036 was not found for reflectedcrosssitescripting
[12/04/2025 11:28:57] warn: Localization 1036 was not found for reliance on dns lookups in a security decision
[12/04/2025 11:28:57] warn: Localization 1036 was not found for return of stack variable address
[12/04/2025 11:28:57] warn: Localization 1036 was not found for reversible one way hash
[12/04/2025 11:28:57] warn: Localization 1036 was not found for sensitive cookie in https session without ‘secure’ attribute
[12/04/2025 11:28:57] warn: Localization 1036 was not found for sensitive cookie in https session without httponly attribute
[12/04/2025 11:28:57] warn: Localization 1036 was not found for sensitive cookie in https session without secure attribute
[12/04/2025 11:28:57] warn: Localization 1036 was not found for serversideinjectioneval
[12/04/2025 11:28:57] warn: Localization 1036 was not found for serversideinjectionfunction
[12/04/2025 11:28:57] warn: Localization 1036 was not found for serversideinjectionsetinterval
[12/04/2025 11:28:57] warn: Localization 1036 was not found for serversideinjectionsettimeout
[12/04/2025 11:28:57] warn: Localization 1036 was not found for serversideinjectionyaml
[12/04/2025 11:28:57] warn: Localization 1036 was not found for ssl configuration flaws
[12/04/2025 11:28:57] warn: Localization 1036 was not found for static random number generator
[12/04/2025 11:28:57] warn: Localization 1036 was not found for time of check time of use race condition
[12/04/2025 11:28:57] warn: Localization 1036 was not found for trust boundary violation
[12/04/2025 11:28:57] warn: Localization 1036 was not found for type confusion
[12/04/2025 11:28:57] warn: Localization 1036 was not found for uncontrolled memory allocation
[12/04/2025 11:28:57] warn: Localization 1036 was not found for uncontrolled recursion
[12/04/2025 11:28:57] warn: Localization 1036 was not found for unreachable code
[12/04/2025 11:28:57] warn: Localization 1036 was not found for unsafe cross-origin resource sharing
[12/04/2025 11:28:57] warn: Localization 1036 was not found for unsafe reflection
[12/04/2025 11:28:57] warn: Localization 1036 was not found for unsalted one way hash
[12/04/2025 11:28:57] warn: Localization 1036 was not found for unsalted one way hash 1
[12/04/2025 11:28:57] warn: Localization 1036 was not found for unsaltedonewayhash
[12/04/2025 11:28:57] warn: Localization 1036 was not found for unused var
[12/04/2025 11:28:57] warn: Localization 1036 was not found for urllibusagepython
[12/04/2025 11:28:57] warn: Localization 1036 was not found for use broken crypto
[12/04/2025 11:28:57] warn: Localization 1036 was not found for use of a broken or risky cryptographic algorithm
[12/04/2025 11:28:57] warn: Localization 1036 was not found for use of a broken or risky cryptographic algorithm 1
[12/04/2025 11:28:57] warn: Localization 1036 was not found for use of a broken or risky cryptographic algorithm 2
[12/04/2025 11:28:57] warn: Localization 1036 was not found for use of a broken or risky cryptographic algorithm 3
[12/04/2025 11:28:57] warn: Localization 1036 was not found for use of a broken or risky cryptographic algorithm 4
[12/04/2025 11:28:57] warn: Localization 1036 was not found for use of a broken or risky cryptographic algorithm 5
[12/04/2025 11:28:57] warn: Localization 1036 was not found for use of a broken or risky cryptographic algorithm 6
[12/04/2025 11:28:57] warn: Localization 1036 was not found for use of a broken or risky cryptographic algorithm go
[12/04/2025 11:28:57] warn: Localization 1036 was not found for use of function with inconsistent implementations
[12/04/2025 11:28:57] warn: Localization 1036 was not found for use of hardcoded cryptographic key
[12/04/2025 11:28:57] warn: Localization 1036 was not found for use of insufficiently random values
[12/04/2025 11:28:57] warn: Localization 1036 was not found for use of insufficiently random values 1
[12/04/2025 11:28:57] warn: Localization 1036 was not found for use of insufficiently random values 2
[12/04/2025 11:28:57] warn: Localization 1036 was not found for use of nullpointerexception catch
[12/04/2025 11:28:57] warn: Localization 1036 was not found for use of obsolete function 1
[12/04/2025 11:28:57] warn: Localization 1036 was not found for use of system exit
[12/04/2025 11:28:57] warn: Localization 1036 was not found for use of uninitialized variable
[12/04/2025 11:28:57] warn: Localization 1036 was not found for user driven insecure hash algorithm
[12/04/2025 11:28:57] warn: Localization 1036 was not found for user driven insecure hash algorithm 1
[12/04/2025 11:28:57] warn: Localization 1036 was not found for vulnerable template module
[12/04/2025 11:28:57] warn: Localization 1036 was not found for weak crypto api objc
[12/04/2025 11:28:57] warn: Localization 1036 was not found for weak crypto hash api objc
[12/04/2025 11:28:57] warn: Localization 1036 was not found for weak crypto iv objc
[12/04/2025 11:28:57] warn: Localization 1036 was not found for weak crypto key objc
[12/04/2025 11:28:57] warn: Localization 1036 was not found for weak cryptographic algorithm 1
[12/04/2025 11:28:57] warn: Localization 1036 was not found for weak cryptographic hash
[12/04/2025 11:28:57] warn: Localization 1036 was not found for weak cryptographic hash plsql
[12/04/2025 11:28:57] warn: Localization 1036 was not found for weak cryptographic hash tsql
[12/04/2025 11:28:57] warn: Localization 1036 was not found for weak hmac key objc
[12/04/2025 11:28:57] warn: Localization 1036 was not found for weak password requirements
[12/04/2025 11:28:57] warn: Localization 1036 was not found for weak pbkdf salt
[12/04/2025 11:28:57] warn: Localization 1036 was not found for weak rsa objc
[12/04/2025 11:28:57] warn: Localization 1036 was not found for weakhashcrypto
[12/04/2025 11:28:57] warn: Localization 1036 was not found for weakhashcryptojs
[12/04/2025 11:28:57] warn: Localization 1036 was not found for webforms validaterequest
[12/04/2025 11:28:57] warn: Localization 1036 was not found for webview xss
[12/04/2025 11:28:57] warn: Localization 1036 was not found for xml external entity pm
[12/04/2025 11:28:57] warn: Localization 1036 was not found for xss protection disabled
[12/04/2025 11:28:57] warn: Localization 1036 was not found for yaml load
[12/04/2025 11:28:57] warn: Localization 1036 was not found for .htaccess addhandler
[12/04/2025 11:28:57] warn: Localization 1036 was not found for .htaccess addtype
[12/04/2025 11:28:57] warn: Localization 1036 was not found for .htaccess options
[12/04/2025 11:28:57] warn: Localization 1036 was not found for .htaccess php_value
[12/04/2025 11:28:57] warn: Localization 1036 was not found for .htaccess serversignature
[12/04/2025 11:28:57] warn: Localization 1036 was not found for android_manifest.xml @android:allowbackup
[12/04/2025 11:28:57] warn: Localization 1036 was not found for android_manifest.xml @android:debuggable
[12/04/2025 11:28:57] warn: Localization 1036 was not found for android_manifest.xml @android:exported
[12/04/2025 11:28:57] warn: Localization 1036 was not found for android_manifest.xml @android:exported[provider]
[12/04/2025 11:28:57] warn: Localization 1036 was not found for android_manifest.xml @android:protectionlevel
[12/04/2025 11:28:57] warn: Localization 1036 was not found for android_manifest.xml @android:scheme
[12/04/2025 11:28:57] warn: Localization 1036 was not found for android_networksecurityconfig.xml @src
[12/04/2025 11:28:57] warn: Localization 1036 was not found for apache.conf addhandler
[12/04/2025 11:28:57] warn: Localization 1036 was not found for apache.conf addtype
[12/04/2025 11:28:57] warn: Localization 1036 was not found for apache.conf loadmodule
[12/04/2025 11:28:57] warn: Localization 1036 was not found for apache.conf options
[12/04/2025 11:28:57] warn: Localization 1036 was not found for apache.conf php_value
[12/04/2025 11:28:57] warn: Localization 1036 was not found for apache.conf serversignature
[12/04/2025 11:28:57] warn: Localization 1036 was not found for apache.conf servertokens
[12/04/2025 11:28:57] warn: Localization 1036 was not found for apache.conf traceenable
[12/04/2025 11:28:57] warn: Localization 1036 was not found for applicationhost.config @accesspolicy
[12/04/2025 11:28:57] warn: Localization 1036 was not found for applicationhost.config @notlistedisapisallowed
[12/04/2025 11:28:57] warn: Localization 1036 was not found for applicationhost.config @username
[12/04/2025 11:28:57] warn: Localization 1036 was not found for conf arbitrary file upload file_uploads
[12/04/2025 11:28:57] warn: Localization 1036 was not found for conf cross site scripting vulnerability http-only
[12/04/2025 11:28:57] warn: Localization 1036 was not found for conf cross site scripting vulnerability httponlycookies
[12/04/2025 11:28:57] warn: Localization 1036 was not found for conf cross site scripting vulnerability register_globals
[12/04/2025 11:28:57] warn: Localization 1036 was not found for conf cross site scripting vulnerability session.cookie_httponly
[12/04/2025 11:28:57] warn: Localization 1036 was not found for conf cross site scripting vulnerability traceenable
[12/04/2025 11:28:57] warn: Localization 1036 was not found for conf cross site scripting vulnerability validaterequest
[12/04/2025 11:28:57] warn: Localization 1036 was not found for conf denial of service loadmodule security2_module
[12/04/2025 11:28:57] warn: Localization 1036 was not found for conf denial of service max_execution_time
[12/04/2025 11:28:57] warn: Localization 1036 was not found for conf denial of service max_input_nesting_level
[12/04/2025 11:28:57] warn: Localization 1036 was not found for conf denial of service max_input_time
[12/04/2025 11:28:57] warn: Localization 1036 was not found for conf denial of service memory_limit
[12/04/2025 11:28:57] warn: Localization 1036 was not found for conf denial of service post_max_size
[12/04/2025 11:28:57] warn: Localization 1036 was not found for conf denial of service upload_max_filesize
[12/04/2025 11:28:57] warn: Localization 1036 was not found for conf directory indexing autoindex
[12/04/2025 11:28:57] warn: Localization 1036 was not found for conf directory indexing loadmodule autoindex_module
[12/04/2025 11:28:57] warn: Localization 1036 was not found for conf directory indexing options
[12/04/2025 11:28:57] warn: Localization 1036 was not found for conf directory indexing ssi
[12/04/2025 11:28:57] warn: Localization 1036 was not found for conf information leakage curl.cainfo
[12/04/2025 11:28:57] warn: Localization 1036 was not found for conf information leakage debug
[12/04/2025 11:28:57] warn: Localization 1036 was not found for conf information leakage display_errors
[12/04/2025 11:28:57] warn: Localization 1036 was not found for conf information leakage display_startup_errors
[12/04/2025 11:28:57] warn: Localization 1036 was not found for conf information leakage error-code
[12/04/2025 11:28:57] warn: Localization 1036 was not found for conf information leakage errordocument
[12/04/2025 11:28:57] warn: Localization 1036 was not found for conf information leakage expose_php
[12/04/2025 11:28:57] warn: Localization 1036 was not found for conf information leakage loadmodule include_module
[12/04/2025 11:28:57] warn: Localization 1036 was not found for conf information leakage loadmodule info_module
[12/04/2025 11:28:57] warn: Localization 1036 was not found for conf information leakage loadmodule negotiation_module
[12/04/2025 11:28:57] warn: Localization 1036 was not found for conf information leakage mode
[12/04/2025 11:28:57] warn: Localization 1036 was not found for conf information leakage param-name
[12/04/2025 11:28:57] warn: Localization 1036 was not found for conf information leakage param-name-xsrf
[12/04/2025 11:28:57] warn: Localization 1036 was not found for conf information leakage request_order
[12/04/2025 11:28:57] warn: Localization 1036 was not found for conf information leakage server_tokens
[12/04/2025 11:28:57] warn: Localization 1036 was not found for conf information leakage serversignature
[12/04/2025 11:28:57] warn: Localization 1036 was not found for conf information leakage servertokens
[12/04/2025 11:28:57] warn: Localization 1036 was not found for conf information leakage statuscode
[12/04/2025 11:28:57] warn: Localization 1036 was not found for conf information leakage value
[12/04/2025 11:28:57] warn: Localization 1036 was not found for conf insufficient authentication enableviewstatemac
[12/04/2025 11:28:57] warn: Localization 1036 was not found for conf insufficient session expiration session-timeout
[12/04/2025 11:28:57] warn: Localization 1036 was not found for conf insufficient transport layer protection requiressl
[12/04/2025 11:28:57] warn: Localization 1036 was not found for conf insufficient transport layer protection secure
[12/04/2025 11:28:57] warn: Localization 1036 was not found for conf insufficient transport layer protection transport-guarantee
[12/04/2025 11:28:57] warn: Localization 1036 was not found for conf obsolete option safe_mode
[12/04/2025 11:28:57] warn: Localization 1036 was not found for conf obsolete option safe_mode_exec_dir
[12/04/2025 11:28:57] warn: Localization 1036 was not found for conf obsolete option safe_mode_gid
[12/04/2025 11:28:57] warn: Localization 1036 was not found for conf obsolete option safe_mode_include_dir
[12/04/2025 11:28:57] warn: Localization 1036 was not found for conf path traversal vulnerability open_basedir
[12/04/2025 11:28:57] warn: Localization 1036 was not found for conf remote code execution addhandler
[12/04/2025 11:28:57] warn: Localization 1036 was not found for conf remote code execution addtype
[12/04/2025 11:28:57] warn: Localization 1036 was not found for conf remote code execution assert.active
[12/04/2025 11:28:57] warn: Localization 1036 was not found for conf remote code execution auto_append_file
[12/04/2025 11:28:57] warn: Localization 1036 was not found for conf remote code execution auto_prepend_file
[12/04/2025 11:28:57] warn: Localization 1036 was not found for conf remote code execution enable_dl
[12/04/2025 11:28:57] warn: Localization 1036 was not found for conf remote code execution php_value
[12/04/2025 11:28:57] warn: Localization 1036 was not found for conf remote command execution disable_functions
[12/04/2025 11:28:57] warn: Localization 1036 was not found for conf remote command execution http-method
[12/04/2025 11:28:57] warn: Localization 1036 was not found for conf remote command execution loadmodule cgi_module
[12/04/2025 11:28:57] warn: Localization 1036 was not found for conf remote file inclusion allow_url_fopen
[12/04/2025 11:28:57] warn: Localization 1036 was not found for conf remote file inclusion allow_url_include
[12/04/2025 11:28:57] warn: Localization 1036 was not found for conf remote file inclusion cgi.fix_pathinfo
[12/04/2025 11:28:57] warn: Localization 1036 was not found for conf response splitting enableheaderchecking
[12/04/2025 11:28:57] warn: Localization 1036 was not found for conf response splitting useunsafeheaderparsing
[12/04/2025 11:28:57] warn: Localization 1036 was not found for conf session hijacking log_errors
[12/04/2025 11:28:57] warn: Localization 1036 was not found for conf session hijacking session.cookie_lifetime
[12/04/2025 11:28:57] warn: Localization 1036 was not found for conf session hijacking session.cookie_secure
[12/04/2025 11:28:57] warn: Localization 1036 was not found for conf session hijacking session.referer_check
[12/04/2025 11:28:57] warn: Localization 1036 was not found for conf session hijacking session.save_path
[12/04/2025 11:28:57] warn: Localization 1036 was not found for conf session hijacking session.use_cookies
[12/04/2025 11:28:57] warn: Localization 1036 was not found for conf session hijacking session.use_only_cookies
[12/04/2025 11:28:57] warn: Localization 1036 was not found for conf session hijacking session.use_strict_mode
[12/04/2025 11:28:57] warn: Localization 1036 was not found for conf session hijacking ssl
[12/04/2025 11:28:57] warn: Localization 1036 was not found for conf session hijacking ssl_certificate
[12/04/2025 11:28:57] warn: Localization 1036 was not found for conf session hijacking ssl_certificate_key
[12/04/2025 11:28:57] warn: Localization 1036 was not found for conf session hijacking ssl_ciphers
[12/04/2025 11:28:57] warn: Localization 1036 was not found for conf session hijacking ssl_dhparam
[12/04/2025 11:28:57] warn: Localization 1036 was not found for conf session hijacking ssl_prefer_server_ciphers
[12/04/2025 11:28:57] warn: Localization 1036 was not found for conf session hijacking ssl_protocols
[12/04/2025 11:28:57] warn: Localization 1036 was not found for conf session hijacking ssl_session_cache
[12/04/2025 11:28:57] warn: Localization 1036 was not found for conf session hijacking ssl_session_timeout
[12/04/2025 11:28:57] warn: Localization 1036 was not found for conf session hijacking ssl_stapling
[12/04/2025 11:28:57] warn: Localization 1036 was not found for conf session hijacking tracking-mode
[12/04/2025 11:28:57] warn: Localization 1036 was not found for conf sql injection magic_quotes_gpc
[12/04/2025 11:28:57] warn: Localization 1036 was not found for conf sql injection magic_quotes_runtime
[12/04/2025 11:28:57] warn: Localization 1036 was not found for conf sql injection magic_quotes_sybase
[12/04/2025 11:28:57] warn: Localization 1036 was not found for domain.xml @audit-enabled
[12/04/2025 11:28:57] warn: Localization 1036 was not found for domain.xml @port
[12/04/2025 11:28:57] warn: Localization 1036 was not found for domain.xml @value
[12/04/2025 11:28:57] warn: Localization 1036 was not found for domain.xml @xpowered-by
[12/04/2025 11:28:57] warn: Localization 1036 was not found for domain.xml jvm-options
[12/04/2025 11:28:57] warn: Localization 1036 was not found for ios_info.plist cfbundleurltypes
[12/04/2025 11:28:57] warn: Localization 1036 was not found for ios_info.plist nsexceptionallowsinsecurehttploads
[12/04/2025 11:28:57] warn: Localization 1036 was not found for ios_info.plist nsexceptionminimumtlsversion
[12/04/2025 11:28:57] warn: Localization 1036 was not found for ios_info.plist nstemporarythirdpartyexceptionallowsinsecurehttploads
[12/04/2025 11:28:57] warn: Localization 1036 was not found for ios_info.plist nstemporarythirdpartyexceptionminimumtlsversion
[12/04/2025 11:28:57] warn: Localization 1036 was not found for lighttpd.conf cgi.assign
[12/04/2025 11:28:57] warn: Localization 1036 was not found for lighttpd.conf server.dir-listing
[12/04/2025 11:28:57] warn: Localization 1036 was not found for lighttpd.conf setenv.add-response-header
[12/04/2025 11:28:57] warn: Localization 1036 was not found for lighttpd.conf status.config-url
[12/04/2025 11:28:57] warn: Localization 1036 was not found for lighttpd.conf status.status-url
[12/04/2025 11:28:57] warn: Localization 1036 was not found for lighttpd.conf webdav.is-readonly
[12/04/2025 11:28:57] warn: Localization 1036 was not found for machine.config @debug
[12/04/2025 11:28:57] warn: Localization 1036 was not found for machine.config @decryption
[12/04/2025 11:28:57] warn: Localization 1036 was not found for machine.config @decryptionkey
[12/04/2025 11:28:57] warn: Localization 1036 was not found for machine.config @passwordformat
[12/04/2025 11:28:57] warn: Localization 1036 was not found for machine.config @retail
[12/04/2025 11:28:57] warn: Localization 1036 was not found for machine.config @username[@processmodel]
[12/04/2025 11:28:57] warn: Localization 1036 was not found for machine.config @validation
[12/04/2025 11:28:57] warn: Localization 1036 was not found for machine.config @validationkey
[12/04/2025 11:28:57] warn: Localization 1036 was not found for nginx.conf add_header
[12/04/2025 11:28:57] warn: Localization 1036 was not found for nginx.conf add_header[inheritance]
[12/04/2025 11:28:57] warn: Localization 1036 was not found for nginx.conf alias[traversal]
[12/04/2025 11:28:57] warn: Localization 1036 was not found for nginx.conf autoindex
[12/04/2025 11:28:57] warn: Localization 1036 was not found for nginx.conf error_log
[12/04/2025 11:28:57] warn: Localization 1036 was not found for nginx.conf error_page
[12/04/2025 11:28:57] warn: Localization 1036 was not found for nginx.conf more_set_headers
[12/04/2025 11:28:57] warn: Localization 1036 was not found for nginx.conf proxy_set_header
[12/04/2025 11:28:57] warn: Localization 1036 was not found for nginx.conf server_tokens
[12/04/2025 11:28:57] warn: Localization 1036 was not found for nginx.conf ssi
[12/04/2025 11:28:57] warn: Localization 1036 was not found for nginx.conf ssl
[12/04/2025 11:28:57] warn: Localization 1036 was not found for nginx.conf ssl_certificate
[12/04/2025 11:28:57] warn: Localization 1036 was not found for nginx.conf ssl_certificate_key
[12/04/2025 11:28:57] warn: Localization 1036 was not found for nginx.conf ssl_ciphers
[12/04/2025 11:28:57] warn: Localization 1036 was not found for nginx.conf ssl_dhparam
[12/04/2025 11:28:57] warn: Localization 1036 was not found for nginx.conf ssl_prefer_server_ciphers
[12/04/2025 11:28:57] warn: Localization 1036 was not found for nginx.conf ssl_protocols
[12/04/2025 11:28:57] warn: Localization 1036 was not found for nginx.conf ssl_session_cache
[12/04/2025 11:28:57] warn: Localization 1036 was not found for nginx.conf ssl_session_timeout
[12/04/2025 11:28:57] warn: Localization 1036 was not found for nginx.conf ssl_stapling
[12/04/2025 11:28:57] warn: Localization 1036 was not found for nginx.conf valid_referers
[12/04/2025 11:28:57] warn: Localization 1036 was not found for php.ini allow_url_fopen
[12/04/2025 11:28:57] warn: Localization 1036 was not found for php.ini allow_url_include
[12/04/2025 11:28:57] warn: Localization 1036 was not found for php.ini assert.active
[12/04/2025 11:28:57] warn: Localization 1036 was not found for php.ini auto_append_file
[12/04/2025 11:28:57] warn: Localization 1036 was not found for php.ini auto_prepend_file
[12/04/2025 11:28:57] warn: Localization 1036 was not found for php.ini cgi.fix_pathinfo
[12/04/2025 11:28:57] warn: Localization 1036 was not found for php.ini cgi.force_redirect
[12/04/2025 11:28:57] warn: Localization 1036 was not found for php.ini disable_functions
[12/04/2025 11:28:57] warn: Localization 1036 was not found for php.ini display_errors
[12/04/2025 11:28:57] warn: Localization 1036 was not found for php.ini display_startup_errors
[12/04/2025 11:28:57] warn: Localization 1036 was not found for php.ini enable_dl
[12/04/2025 11:28:57] warn: Localization 1036 was not found for php.ini expose_php
[12/04/2025 11:28:57] warn: Localization 1036 was not found for php.ini log_errors
[12/04/2025 11:28:57] warn: Localization 1036 was not found for php.ini magic_quotes_gpc
[12/04/2025 11:28:57] warn: Localization 1036 was not found for php.ini magic_quotes_runtime
[12/04/2025 11:28:57] warn: Localization 1036 was not found for php.ini magic_quotes_sybase
[12/04/2025 11:28:57] warn: Localization 1036 was not found for php.ini max_execution_time
[12/04/2025 11:28:57] warn: Localization 1036 was not found for php.ini max_input_nesting_level
[12/04/2025 11:28:57] warn: Localization 1036 was not found for php.ini max_input_time
[12/04/2025 11:28:57] warn: Localization 1036 was not found for php.ini memory_limit
[12/04/2025 11:28:57] warn: Localization 1036 was not found for php.ini open_basedir
[12/04/2025 11:28:57] warn: Localization 1036 was not found for php.ini post_max_size
[12/04/2025 11:28:57] warn: Localization 1036 was not found for php.ini register_globals
[12/04/2025 11:28:57] warn: Localization 1036 was not found for php.ini request_order
[12/04/2025 11:28:57] warn: Localization 1036 was not found for php.ini safe_mode
[12/04/2025 11:28:57] warn: Localization 1036 was not found for php.ini session.cookie_httponly
[12/04/2025 11:28:57] warn: Localization 1036 was not found for php.ini session.cookie_lifetime
[12/04/2025 11:28:57] warn: Localization 1036 was not found for php.ini session.cookie_secure
[12/04/2025 11:28:57] warn: Localization 1036 was not found for php.ini session.save_path
[12/04/2025 11:28:57] warn: Localization 1036 was not found for php.ini session.use_cookies
[12/04/2025 11:28:57] warn: Localization 1036 was not found for php.ini session.use_only_cookies
[12/04/2025 11:28:57] warn: Localization 1036 was not found for php.ini session.use_strict_mode
[12/04/2025 11:28:57] warn: Localization 1036 was not found for php.ini session.use_trans_sid
[12/04/2025 11:28:57] warn: Localization 1036 was not found for php.ini upload_max_filesize
[12/04/2025 11:28:57] warn: Localization 1036 was not found for potential vulnerability
[12/04/2025 11:28:57] warn: Localization 1036 was not found for server.xml_tomcat @allowtrace
[12/04/2025 11:28:57] warn: Localization 1036 was not found for server.xml_tomcat @autodeploy
[12/04/2025 11:28:57] warn: Localization 1036 was not found for server.xml_tomcat @clientauth
[12/04/2025 11:28:57] warn: Localization 1036 was not found for server.xml_tomcat @connectiontimeout
[12/04/2025 11:28:57] warn: Localization 1036 was not found for server.xml_tomcat @deployonstartup
[12/04/2025 11:28:57] warn: Localization 1036 was not found for server.xml_tomcat @maxhttpheadersize
[12/04/2025 11:28:57] warn: Localization 1036 was not found for server.xml_tomcat @secure
[12/04/2025 11:28:57] warn: Localization 1036 was not found for server.xml_tomcat @shutdown
[12/04/2025 11:28:57] warn: Localization 1036 was not found for server.xml_tomcat @xpoweredby
[12/04/2025 11:28:57] warn: Localization 1036 was not found for server.xml_websphere @allowlogoutpageredirecttoanyhost
[12/04/2025 11:28:57] warn: Localization 1036 was not found for server.xml_websphere @displayauthenticationrealm
[12/04/2025 11:28:57] warn: Localization 1036 was not found for server.xml_websphere @preservefullyqualifiedreferrerurl
[12/04/2025 11:28:57] warn: Localization 1036 was not found for standalone.xml @default-user
[12/04/2025 11:28:57] warn: Localization 1036 was not found for standalone.xml @display-source-fragment
[12/04/2025 11:28:57] warn: Localization 1036 was not found for standalone.xml @scan-interval
[12/04/2025 11:28:57] warn: Localization 1036 was not found for standalone.xml @value
[12/04/2025 11:28:57] warn: Localization 1036 was not found for standalone.xml @x-powered-by
[12/04/2025 11:28:57] warn: Localization 1036 was not found for web.config @allowoverride
[12/04/2025 11:28:57] warn: Localization 1036 was not found for web.config @cacherolesincookie
[12/04/2025 11:28:57] warn: Localization 1036 was not found for web.config @certificatevalidationmode
[12/04/2025 11:28:57] warn: Localization 1036 was not found for web.config @connectionprotection
[12/04/2025 11:28:57] warn: Localization 1036 was not found for web.config @cookieless
[12/04/2025 11:28:57] warn: Localization 1036 was not found for web.config @cookieprotection
[12/04/2025 11:28:57] warn: Localization 1036 was not found for web.config @cookierequiressl
[12/04/2025 11:28:57] warn: Localization 1036 was not found for web.config @cookieslidingexpiration
[12/04/2025 11:28:57] warn: Localization 1036 was not found for web.config @cookietimeout
[12/04/2025 11:28:57] warn: Localization 1036 was not found for web.config @createpersistentcookie
[12/04/2025 11:28:57] warn: Localization 1036 was not found for web.config @debug
[12/04/2025 11:28:57] warn: Localization 1036 was not found for web.config @decryptionkey
[12/04/2025 11:28:57] warn: Localization 1036 was not found for web.config @enablecrossappredirects
[12/04/2025 11:28:57] warn: Localization 1036 was not found for web.config @enabled
[12/04/2025 11:28:57] warn: Localization 1036 was not found for web.config @enabled[directorybrowse]
[12/04/2025 11:28:57] warn: Localization 1036 was not found for web.config @enableeventvalidation
[12/04/2025 11:28:57] warn: Localization 1036 was not found for web.config @enableheaderchecking
[12/04/2025 11:28:57] warn: Localization 1036 was not found for web.config @enableversionheader
[12/04/2025 11:28:57] warn: Localization 1036 was not found for web.config @enableviewstatemac
[12/04/2025 11:28:57] warn: Localization 1036 was not found for web.config @httponlycookies
[12/04/2025 11:28:57] warn: Localization 1036 was not found for web.config @level
[12/04/2025 11:28:57] warn: Localization 1036 was not found for web.config @maxeventdetaillength
[12/04/2025 11:28:57] warn: Localization 1036 was not found for web.config @maxeventlengthforsimplemessage
[12/04/2025 11:28:57] warn: Localization 1036 was not found for web.config @maxrequestlength
[12/04/2025 11:28:57] warn: Localization 1036 was not found for web.config @maxsizeforsimplemessage
[12/04/2025 11:28:57] warn: Localization 1036 was not found for web.config @minrequirednonalphanumericcharacters
[12/04/2025 11:28:57] warn: Localization 1036 was not found for web.config @minrequiredpasswordlength
[12/04/2025 11:28:57] warn: Localization 1036 was not found for web.config @mode
[12/04/2025 11:28:57] warn: Localization 1036 was not found for web.config @name[@credentials]
[12/04/2025 11:28:57] warn: Localization 1036 was not found for web.config @passwordformat
[12/04/2025 11:28:57] warn: Localization 1036 was not found for web.config @protection
[12/04/2025 11:28:57] warn: Localization 1036 was not found for web.config @requestvalidationmode
[12/04/2025 11:28:57] warn: Localization 1036 was not found for web.config @requiressl
[12/04/2025 11:28:57] warn: Localization 1036 was not found for web.config @requiressl[@authentication]
[12/04/2025 11:28:57] warn: Localization 1036 was not found for web.config @slidingexpiration
[12/04/2025 11:28:57] warn: Localization 1036 was not found for web.config @statuscode
[12/04/2025 11:28:57] warn: Localization 1036 was not found for web.config @timeout
[12/04/2025 11:28:57] warn: Localization 1036 was not found for web.config @type
[12/04/2025 11:28:57] warn: Localization 1036 was not found for web.config @username[@identity]
[12/04/2025 11:28:57] warn: Localization 1036 was not found for web.config @users
[12/04/2025 11:28:57] warn: Localization 1036 was not found for web.config @useunsafeheaderparsing
[12/04/2025 11:28:57] warn: Localization 1036 was not found for web.config @validaterequest
[12/04/2025 11:28:57] warn: Localization 1036 was not found for web.config @validation
[12/04/2025 11:28:57] warn: Localization 1036 was not found for web.config @validationkey
[12/04/2025 11:28:57] warn: Localization 1036 was not found for web.config @value
[12/04/2025 11:28:57] warn: Localization 1036 was not found for web.config @value[@accesscontrolalloworiginheader]
[12/04/2025 11:28:57] warn: Localization 1036 was not found for web.config @value[@aspnetcore_environment]
[12/04/2025 11:28:57] warn: Localization 1036 was not found for web.config @value[uselegacyencryption]
[12/04/2025 11:28:57] warn: Localization 1036 was not found for web.config @value[x-frame-options]
[12/04/2025 11:28:57] warn: Localization 1036 was not found for web.config @viewstateencryptionmode
[12/04/2025 11:28:57] warn: Localization 1036 was not found for web.config ciphervalue[@sessionstate]
[12/04/2025 11:28:57] warn: Localization 1036 was not found for web.config remove/@name[documentation]
[12/04/2025 11:28:57] warn: Localization 1036 was not found for web.config remove/@name[x-powered-by]
[12/04/2025 11:28:57] warn: Localization 1036 was not found for web.xml error-code
[12/04/2025 11:28:57] warn: Localization 1036 was not found for web.xml http-method
[12/04/2025 11:28:57] warn: Localization 1036 was not found for web.xml http-only
[12/04/2025 11:28:57] warn: Localization 1036 was not found for web.xml param-value
[12/04/2025 11:28:57] warn: Localization 1036 was not found for web.xml secure
[12/04/2025 11:28:57] warn: Localization 1036 was not found for web.xml session-timeout
[12/04/2025 11:28:57] warn: Localization 1036 was not found for web.xml tracking-mode
[12/04/2025 11:28:57] warn: Localization 1036 was not found for web.xml transport-guarantee
[12/04/2025 11:28:57] info: Clean up logs files was started
[12/04/2025 11:28:57] info: Clean up logs files was finished
