[26/04/2025 20:01:18] info: Logging was started to file.
[26/04/2025 20:01:18] info: Start application inspector initialization
[26/04/2025 20:01:18] info: Hide developer mode UI
[26/04/2025 20:01:19] info: Infrastructure Configurations: {"port":8000,"infrastructureAssemblyFolderPath":"C:\\Users\\kokou\\AppData\\Local\\Application Inspector Analyzer","applicationResourcesFolderPath":"C:\\Users\\kokou\\AppData\\Local\\Application Inspector Analyzer","scanTargetFolderPath":"c:\\Users\\kokou\\Nextcloud3\\AZ400","isDebugging":false,"logLevel":{"i2_1":"Error","j2_1":5,"type":5,"key":"Settings.LogLevel.Error.Text"},"logDir":"c:\\Users\\kokou\\Nextcloud3\\AZ400\\.ai\\Logs\\Infrastructure\\2025-04-26-20-01-19","tipsFoundNotificationThreshold":1000,"similarIssuesFoundNotificationThreshold":1000,"applicationLocalDataFolderPath":"c:\\Users\\kokou\\Nextcloud3\\AZ400\\.ai"}
[26/04/2025 20:01:19] info: Start infrastructure initialization
[26/04/2025 20:01:30] info: Infrastructure was started
[26/04/2025 20:01:40] info: Initialize aie integration isn't initialized
[26/04/2025 20:01:40] info: Infrastructure was initialized
[26/04/2025 20:01:40] info: Infrastructure Installer was deleted
[26/04/2025 20:01:42] warn: Localization 1036 was not found for apache mod_negotiation resource location disclosure
[26/04/2025 20:01:42] warn: Localization 1036 was not found for arbitrary directory copying
[26/04/2025 20:01:42] warn: Localization 1036 was not found for arbitrary directory creation
[26/04/2025 20:01:42] warn: Localization 1036 was not found for arbitrary directory deletion
[26/04/2025 20:01:42] warn: Localization 1036 was not found for arbitrary directory listing
[26/04/2025 20:01:42] warn: Localization 1036 was not found for arbitrary directory moving
[26/04/2025 20:01:42] warn: Localization 1036 was not found for arbitrary file copying
[26/04/2025 20:01:42] warn: Localization 1036 was not found for arbitrary file creation
[26/04/2025 20:01:42] warn: Localization 1036 was not found for arbitrary file deletion
[26/04/2025 20:01:42] warn: Localization 1036 was not found for arbitrary file modification
[26/04/2025 20:01:42] warn: Localization 1036 was not found for arbitrary file moving
[26/04/2025 20:01:42] warn: Localization 1036 was not found for arbitrary file reading
[26/04/2025 20:01:42] warn: Localization 1036 was not found for cookie injection
[26/04/2025 20:01:42] warn: Localization 1036 was not found for credentials brute-force
[26/04/2025 20:01:42] warn: Localization 1036 was not found for cross-site request forgery
[26/04/2025 20:01:42] warn: Localization 1036 was not found for cross-site scripting
[26/04/2025 20:01:42] warn: Localization 1036 was not found for cursor injection
[26/04/2025 20:01:42] warn: Localization 1036 was not found for cursor sqli
[26/04/2025 20:01:42] warn: Localization 1036 was not found for default
[26/04/2025 20:01:42] warn: Localization 1036 was not found for denial of service
[26/04/2025 20:01:42] warn: Localization 1036 was not found for deserialization of untrusted data
[26/04/2025 20:01:42] warn: Localization 1036 was not found for df
[26/04/2025 20:01:42] warn: Localization 1036 was not found for djangoorminjection
[26/04/2025 20:01:42] warn: Localization 1036 was not found for dll injection
[26/04/2025 20:01:42] warn: Localization 1036 was not found for double free
[26/04/2025 20:01:42] warn: Localization 1036 was not found for dynamic code injection
[26/04/2025 20:01:42] warn: Localization 1036 was not found for dynamic query injection
[26/04/2025 20:01:42] warn: Localization 1036 was not found for external control of configuration
[26/04/2025 20:01:42] warn: Localization 1036 was not found for fingerprinting
[26/04/2025 20:01:42] warn: Localization 1036 was not found for format string
[26/04/2025 20:01:42] warn: Localization 1036 was not found for hardcoded password
[26/04/2025 20:01:42] warn: Localization 1036 was not found for heap overflow
[26/04/2025 20:01:42] warn: Localization 1036 was not found for http header injection
[26/04/2025 20:01:42] warn: Localization 1036 was not found for http request splitting
[26/04/2025 20:01:42] warn: Localization 1036 was not found for http response splitting
[26/04/2025 20:01:42] warn: Localization 1036 was not found for improper access control taint
[26/04/2025 20:01:42] warn: Localization 1036 was not found for improper resource shutdown or release
[26/04/2025 20:01:42] warn: Localization 1036 was not found for information exposure
[26/04/2025 20:01:42] warn: Localization 1036 was not found for injection
[26/04/2025 20:01:42] warn: Localization 1036 was not found for insecure direct object references
[26/04/2025 20:01:42] warn: Localization 1036 was not found for insufficient session expiration
[26/04/2025 20:01:42] warn: Localization 1036 was not found for integer overflow
[26/04/2025 20:01:42] warn: Localization 1036 was not found for ldap injection
[26/04/2025 20:01:42] warn: Localization 1036 was not found for like injection
[26/04/2025 20:01:42] warn: Localization 1036 was not found for linq injection
[26/04/2025 20:01:42] warn: Localization 1036 was not found for local file inclusion
[26/04/2025 20:01:42] warn: Localization 1036 was not found for log forging
[26/04/2025 20:01:42] warn: Localization 1036 was not found for nosql injection
[26/04/2025 20:01:42] warn: Localization 1036 was not found for null dereference
[26/04/2025 20:01:42] warn: Localization 1036 was not found for object injection
[26/04/2025 20:01:42] warn: Localization 1036 was not found for open redirect
[26/04/2025 20:01:42] warn: Localization 1036 was not found for orm injection
[26/04/2025 20:01:42] warn: Localization 1036 was not found for os commanding
[26/04/2025 20:01:42] warn: Localization 1036 was not found for padding oracle attack
[26/04/2025 20:01:42] warn: Localization 1036 was not found for path traversal
[26/04/2025 20:01:42] warn: Localization 1036 was not found for persistent cookie exposing
[26/04/2025 20:01:42] warn: Localization 1036 was not found for potential path traversal
[26/04/2025 20:01:42] warn: Localization 1036 was not found for process control
[26/04/2025 20:01:42] warn: Localization 1036 was not found for redos
[26/04/2025 20:01:42] warn: Localization 1036 was not found for remote code execution
[26/04/2025 20:01:42] warn: Localization 1036 was not found for remote file inclusion
[26/04/2025 20:01:42] warn: Localization 1036 was not found for resource exhaustion
[26/04/2025 20:01:42] warn: Localization 1036 was not found for resource location brute-force
[26/04/2025 20:01:42] warn: Localization 1036 was not found for server-side request forgery
[26/04/2025 20:01:42] warn: Localization 1036 was not found for server-side template injection
[26/04/2025 20:01:42] warn: Localization 1036 was not found for serverfingerprinting
[26/04/2025 20:01:42] warn: Localization 1036 was not found for session management weakness
[26/04/2025 20:01:42] warn: Localization 1036 was not found for shellshock
[26/04/2025 20:01:42] warn: Localization 1036 was not found for smtp header injection
[26/04/2025 20:01:42] warn: Localization 1036 was not found for sql injection
[26/04/2025 20:01:42] warn: Localization 1036 was not found for sqli
[26/04/2025 20:01:42] warn: Localization 1036 was not found for stack overflow
[26/04/2025 20:01:42] warn: Localization 1036 was not found for uaf
[26/04/2025 20:01:42] warn: Localization 1036 was not found for uncontrolled data manipulation
[26/04/2025 20:01:42] warn: Localization 1036 was not found for uncontrolled env var modification
[26/04/2025 20:01:42] warn: Localization 1036 was not found for unrestricted file upload
[26/04/2025 20:01:42] warn: Localization 1036 was not found for use after free
[26/04/2025 20:01:42] warn: Localization 1036 was not found for webview xss taint
[26/04/2025 20:01:42] warn: Localization 1036 was not found for xml entity expansion
[26/04/2025 20:01:42] warn: Localization 1036 was not found for xml external entity
[26/04/2025 20:01:42] warn: Localization 1036 was not found for xpath injection
[26/04/2025 20:01:42] warn: Localization 1036 was not found for xquery injection
[26/04/2025 20:01:42] warn: Localization 1036 was not found for 100
[26/04/2025 20:01:42] warn: Localization 1036 was not found for 101
[26/04/2025 20:01:42] warn: Localization 1036 was not found for 102
[26/04/2025 20:01:42] warn: Localization 1036 was not found for 103
[26/04/2025 20:01:42] warn: Localization 1036 was not found for 104
[26/04/2025 20:01:42] warn: Localization 1036 was not found for 105
[26/04/2025 20:01:42] warn: Localization 1036 was not found for 107
[26/04/2025 20:01:42] warn: Localization 1036 was not found for 108
[26/04/2025 20:01:42] warn: Localization 1036 was not found for 109
[26/04/2025 20:01:42] warn: Localization 1036 was not found for 111
[26/04/2025 20:01:42] warn: Localization 1036 was not found for 113
[26/04/2025 20:01:42] warn: Localization 1036 was not found for 114
[26/04/2025 20:01:42] warn: Localization 1036 was not found for 116
[26/04/2025 20:01:42] warn: Localization 1036 was not found for 117
[26/04/2025 20:01:42] warn: Localization 1036 was not found for 118
[26/04/2025 20:01:42] warn: Localization 1036 was not found for 120
[26/04/2025 20:01:42] warn: Localization 1036 was not found for 122
[26/04/2025 20:01:42] warn: Localization 1036 was not found for 123
[26/04/2025 20:01:42] warn: Localization 1036 was not found for 124
[26/04/2025 20:01:42] warn: Localization 1036 was not found for 125
[26/04/2025 20:01:42] warn: Localization 1036 was not found for 127
[26/04/2025 20:01:42] warn: Localization 1036 was not found for 128
[26/04/2025 20:01:42] warn: Localization 1036 was not found for 129
[26/04/2025 20:01:42] warn: Localization 1036 was not found for 130
[26/04/2025 20:01:42] warn: Localization 1036 was not found for 135
[26/04/2025 20:01:42] warn: Localization 1036 was not found for 138
[26/04/2025 20:01:42] warn: Localization 1036 was not found for 139
[26/04/2025 20:01:42] warn: Localization 1036 was not found for 140
[26/04/2025 20:01:42] warn: Localization 1036 was not found for 141
[26/04/2025 20:01:42] warn: Localization 1036 was not found for 142
[26/04/2025 20:01:42] warn: Localization 1036 was not found for 144
[26/04/2025 20:01:42] warn: Localization 1036 was not found for 145
[26/04/2025 20:01:42] warn: Localization 1036 was not found for 146
[26/04/2025 20:01:42] warn: Localization 1036 was not found for 147
[26/04/2025 20:01:42] warn: Localization 1036 was not found for 148
[26/04/2025 20:01:42] warn: Localization 1036 was not found for 149
[26/04/2025 20:01:42] warn: Localization 1036 was not found for 150
[26/04/2025 20:01:42] warn: Localization 1036 was not found for 151
[26/04/2025 20:01:42] warn: Localization 1036 was not found for 152
[26/04/2025 20:01:42] warn: Localization 1036 was not found for 153
[26/04/2025 20:01:42] warn: Localization 1036 was not found for 154
[26/04/2025 20:01:42] warn: Localization 1036 was not found for 156
[26/04/2025 20:01:42] warn: Localization 1036 was not found for 157
[26/04/2025 20:01:42] warn: Localization 1036 was not found for 158
[26/04/2025 20:01:42] warn: Localization 1036 was not found for 159
[26/04/2025 20:01:42] warn: Localization 1036 was not found for 160
[26/04/2025 20:01:42] warn: Localization 1036 was not found for 161
[26/04/2025 20:01:42] warn: Localization 1036 was not found for 162
[26/04/2025 20:01:42] warn: Localization 1036 was not found for 163
[26/04/2025 20:01:42] warn: Localization 1036 was not found for 164
[26/04/2025 20:01:42] warn: Localization 1036 was not found for 165
[26/04/2025 20:01:42] warn: Localization 1036 was not found for 200
[26/04/2025 20:01:42] warn: Localization 1036 was not found for 24544
[26/04/2025 20:01:42] warn: Localization 1036 was not found for 24545
[26/04/2025 20:01:42] warn: Localization 1036 was not found for 24546
[26/04/2025 20:01:42] warn: Localization 1036 was not found for 24547
[26/04/2025 20:01:42] warn: Localization 1036 was not found for 24548
[26/04/2025 20:01:42] warn: Localization 1036 was not found for 24549
[26/04/2025 20:01:42] warn: Localization 1036 was not found for 24550
[26/04/2025 20:01:42] warn: Localization 1036 was not found for 24551
[26/04/2025 20:01:42] warn: Localization 1036 was not found for 24552
[26/04/2025 20:01:42] warn: Localization 1036 was not found for 24553
[26/04/2025 20:01:42] warn: Localization 1036 was not found for 24554
[26/04/2025 20:01:42] warn: Localization 1036 was not found for 24555
[26/04/2025 20:01:42] warn: Localization 1036 was not found for 24556
[26/04/2025 20:01:42] warn: Localization 1036 was not found for 24557
[26/04/2025 20:01:42] warn: Localization 1036 was not found for 24558
[26/04/2025 20:01:42] warn: Localization 1036 was not found for 24559
[26/04/2025 20:01:42] warn: Localization 1036 was not found for 24560
[26/04/2025 20:01:42] warn: Localization 1036 was not found for 24561
[26/04/2025 20:01:42] warn: Localization 1036 was not found for 24562
[26/04/2025 20:01:42] warn: Localization 1036 was not found for 24563
[26/04/2025 20:01:42] warn: Localization 1036 was not found for 24564
[26/04/2025 20:01:42] warn: Localization 1036 was not found for 24565
[26/04/2025 20:01:42] warn: Localization 1036 was not found for 24566
[26/04/2025 20:01:42] warn: Localization 1036 was not found for 24567
[26/04/2025 20:01:42] warn: Localization 1036 was not found for 24568
[26/04/2025 20:01:42] warn: Localization 1036 was not found for 305
[26/04/2025 20:01:42] warn: Localization 1036 was not found for 96
[26/04/2025 20:01:42] warn: Localization 1036 was not found for 97
[26/04/2025 20:01:42] warn: Localization 1036 was not found for 98
[26/04/2025 20:01:42] warn: Localization 1036 was not found for 99
[26/04/2025 20:01:42] warn: Localization 1036 was not found for attributes code inside addeventlistener
[26/04/2025 20:01:42] warn: Localization 1036 was not found for attributes code inside attachevent
[26/04/2025 20:01:42] warn: Localization 1036 was not found for attributes code inside createattribute
[26/04/2025 20:01:42] warn: Localization 1036 was not found for attributes code inside element event
[26/04/2025 20:01:42] warn: Localization 1036 was not found for attributes code inside setattribute
[26/04/2025 20:01:42] warn: Localization 1036 was not found for attributes code inside setattributens
[26/04/2025 20:01:42] warn: Localization 1036 was not found for buffer overflow
[26/04/2025 20:01:42] warn: Localization 1036 was not found for buffer overflow in python
[26/04/2025 20:01:42] warn: Localization 1036 was not found for buffer overflow pm
[26/04/2025 20:01:42] warn: Localization 1036 was not found for class defines clone but not implement cloneable
[26/04/2025 20:01:42] warn: Localization 1036 was not found for csrf protection disabled
[26/04/2025 20:01:42] warn: Localization 1036 was not found for cursor snarfing plsql
[26/04/2025 20:01:42] warn: Localization 1036 was not found for cursor snarfing tsql
[26/04/2025 20:01:42] warn: Localization 1036 was not found for dangerous function plsql
[26/04/2025 20:01:42] warn: Localization 1036 was not found for dangerous function tsql
[26/04/2025 20:01:42] warn: Localization 1036 was not found for debug information leakage
[26/04/2025 20:01:42] warn: Localization 1036 was not found for debug mode python
[26/04/2025 20:01:42] warn: Localization 1036 was not found for deprecated functions objc
[26/04/2025 20:01:42] warn: Localization 1036 was not found for deserialization of untrusted data pm
[26/04/2025 20:01:42] warn: Localization 1036 was not found for deserialization of untrusted data pm python
[26/04/2025 20:01:42] warn: Localization 1036 was not found for detection of error condition without action
[26/04/2025 20:01:42] warn: Localization 1036 was not found for direct use of threads
[26/04/2025 20:01:42] warn: Localization 1036 was not found for directorytraversalcreatereadstream
[26/04/2025 20:01:42] warn: Localization 1036 was not found for directorytraversalreadfile
[26/04/2025 20:01:42] warn: Localization 1036 was not found for disabling ssl certificate checks
[26/04/2025 20:01:42] warn: Localization 1036 was not found for disabling ssl certificate checks c
[26/04/2025 20:01:42] warn: Localization 1036 was not found for disabling ssl-tls certificate checks go
[26/04/2025 20:01:42] warn: Localization 1036 was not found for divide by zero
[26/04/2025 20:01:42] warn: Localization 1036 was not found for dom modification contextual fragment
[26/04/2025 20:01:42] warn: Localization 1036 was not found for dom modification html tag
[26/04/2025 20:01:42] warn: Localization 1036 was not found for dom modification selected position
[26/04/2025 20:01:42] warn: Localization 1036 was not found for dom modification string inside document
[26/04/2025 20:01:42] warn: Localization 1036 was not found for download of code without integrity check
[26/04/2025 20:01:42] warn: Localization 1036 was not found for embedded malicious code
[26/04/2025 20:01:42] warn: Localization 1036 was not found for empty default exception handler
[26/04/2025 20:01:42] warn: Localization 1036 was not found for erroneous null comparison
[26/04/2025 20:01:42] warn: Localization 1036 was not found for exposure of data element to wrong session
[26/04/2025 20:01:42] warn: Localization 1036 was not found for exposure of system data to an unauthorized control sphere
[26/04/2025 20:01:42] warn: Localization 1036 was not found for external control of file name or path
[26/04/2025 20:01:42] warn: Localization 1036 was not found for file snarfing plsql
[26/04/2025 20:01:42] warn: Localization 1036 was not found for format string pm
[26/04/2025 20:01:42] warn: Localization 1036 was not found for forwarding via location
[26/04/2025 20:01:42] warn: Localization 1036 was not found for forwarding via location function
[26/04/2025 20:01:42] warn: Localization 1036 was not found for forwarding via opening new tab
[26/04/2025 20:01:42] warn: Localization 1036 was not found for ftpusage
[26/04/2025 20:01:42] warn: Localization 1036 was not found for go weak cryptographic hash
[26/04/2025 20:01:42] warn: Localization 1036 was not found for hardcoded initialization vector
[26/04/2025 20:01:42] warn: Localization 1036 was not found for hardcoded key
[26/04/2025 20:01:42] warn: Localization 1036 was not found for hardcoded password kotlin
[26/04/2025 20:01:42] warn: Localization 1036 was not found for hardcoded password pm
[26/04/2025 20:01:42] warn: Localization 1036 was not found for hardcoded pbkdf password
[26/04/2025 20:01:42] warn: Localization 1036 was not found for headerinjection
[26/04/2025 20:01:42] warn: Localization 1036 was not found for improper access control
[26/04/2025 20:01:42] warn: Localization 1036 was not found for improper access control c
[26/04/2025 20:01:42] warn: Localization 1036 was not found for improper certificate validation
[26/04/2025 20:01:42] warn: Localization 1036 was not found for improper check for unusual or exceptional conditions
[26/04/2025 20:01:42] warn: Localization 1036 was not found for improperly implemented security check for standard
[26/04/2025 20:01:42] warn: Localization 1036 was not found for include interface ssl
[26/04/2025 20:01:42] warn: Localization 1036 was not found for incorrect permission assignment for critical resource
[26/04/2025 20:01:42] warn: Localization 1036 was not found for incorrect permission assignment for critical resource 1
[26/04/2025 20:01:42] warn: Localization 1036 was not found for incorrect permission assignment for critical resource go
[26/04/2025 20:01:42] warn: Localization 1036 was not found for incorrect permission assignment for critical resource java
[26/04/2025 20:01:42] warn: Localization 1036 was not found for incorrect unix api using
[26/04/2025 20:01:42] warn: Localization 1036 was not found for incorrect usage of seeds in pseudo-random number generator
[26/04/2025 20:01:42] warn: Localization 1036 was not found for incorrectpermissionassignmentphp
[26/04/2025 20:01:42] warn: Localization 1036 was not found for information exposure pm
[26/04/2025 20:01:42] warn: Localization 1036 was not found for information exposure through an error message
[26/04/2025 20:01:42] warn: Localization 1036 was not found for information exposure through comments
[26/04/2025 20:01:42] warn: Localization 1036 was not found for information exposure through persistent cookies
[26/04/2025 20:01:42] warn: Localization 1036 was not found for information exposure through persistent cookies 1
[26/04/2025 20:01:42] warn: Localization 1036 was not found for information exposure through static content
[26/04/2025 20:01:42] warn: Localization 1036 was not found for informationexposureviaexception
[26/04/2025 20:01:42] warn: Localization 1036 was not found for insecure cipher key export
[26/04/2025 20:01:42] warn: Localization 1036 was not found for insecure connection protocol
[26/04/2025 20:01:42] warn: Localization 1036 was not found for insecure cookie 1
[26/04/2025 20:01:42] warn: Localization 1036 was not found for insecure cookie 2
[26/04/2025 20:01:42] warn: Localization 1036 was not found for insecure cookie scope
[26/04/2025 20:01:42] warn: Localization 1036 was not found for insecure data storage
[26/04/2025 20:01:42] warn: Localization 1036 was not found for insecure data storage objc simple
[26/04/2025 20:01:42] warn: Localization 1036 was not found for insecure network binding
[26/04/2025 20:01:42] warn: Localization 1036 was not found for insecure randomness ojbc
[26/04/2025 20:01:42] warn: Localization 1036 was not found for insecure randomness plsql
[26/04/2025 20:01:42] warn: Localization 1036 was not found for insecure randomness tsql
[26/04/2025 20:01:42] warn: Localization 1036 was not found for insecure rsa padding
[26/04/2025 20:01:42] warn: Localization 1036 was not found for insecure rsa padding 1
[26/04/2025 20:01:42] warn: Localization 1036 was not found for insecure ssl connection
[26/04/2025 20:01:42] warn: Localization 1036 was not found for insecure ssl connection 1
[26/04/2025 20:01:42] warn: Localization 1036 was not found for insecure ssl protocol
[26/04/2025 20:01:42] warn: Localization 1036 was not found for insecure transport java
[26/04/2025 20:01:42] warn: Localization 1036 was not found for insecure usage of jinja templates
[26/04/2025 20:01:42] warn: Localization 1036 was not found for insecure usage of mako templates
[26/04/2025 20:01:42] warn: Localization 1036 was not found for insecure validation functions
[26/04/2025 20:01:42] warn: Localization 1036 was not found for insecure validation functions 1
[26/04/2025 20:01:42] warn: Localization 1036 was not found for insecure work with temporary files
[26/04/2025 20:01:42] warn: Localization 1036 was not found for insecureevalpython
[26/04/2025 20:01:42] warn: Localization 1036 was not found for insufficient cors policy
[26/04/2025 20:01:42] warn: Localization 1036 was not found for insufficient encryption key length
[26/04/2025 20:01:42] warn: Localization 1036 was not found for insufficient encryption key length 1
[26/04/2025 20:01:42] warn: Localization 1036 was not found for insufficient key size go
[26/04/2025 20:01:42] warn: Localization 1036 was not found for insufficient logging&monitoring
[26/04/2025 20:01:42] warn: Localization 1036 was not found for insufficient session expiration pm
[26/04/2025 20:01:42] warn: Localization 1036 was not found for insufficientencryptionkeylength
[26/04/2025 20:01:42] warn: Localization 1036 was not found for integer overflow pm
[26/04/2025 20:01:42] warn: Localization 1036 was not found for jquery function that adds element
[26/04/2025 20:01:42] warn: Localization 1036 was not found for jquery function that replaces element
[26/04/2025 20:01:42] warn: Localization 1036 was not found for jquery html inside dom
[26/04/2025 20:01:42] warn: Localization 1036 was not found for jquery unsafe functions for dom
[26/04/2025 20:01:42] warn: Localization 1036 was not found for jquery wrap element to html
[26/04/2025 20:01:42] warn: Localization 1036 was not found for json-test
[26/04/2025 20:01:42] warn: Localization 1036 was not found for lack of the host key verification go
[26/04/2025 20:01:42] warn: Localization 1036 was not found for least privilege violation
[26/04/2025 20:01:42] warn: Localization 1036 was not found for leftover debug code
[26/04/2025 20:01:42] warn: Localization 1036 was not found for marksafepython
[26/04/2025 20:01:42] warn: Localization 1036 was not found for memory leak
[26/04/2025 20:01:42] warn: Localization 1036 was not found for method without super clone
[26/04/2025 20:01:42] warn: Localization 1036 was not found for method without super finalize
[26/04/2025 20:01:42] warn: Localization 1036 was not found for missing auth localized reason
[26/04/2025 20:01:42] warn: Localization 1036 was not found for missing encryption of sensitive data
[26/04/2025 20:01:42] warn: Localization 1036 was not found for none
[26/04/2025 20:01:42] warn: Localization 1036 was not found for notlsreject
[26/04/2025 20:01:42] warn: Localization 1036 was not found for nslog using
[26/04/2025 20:01:42] warn: Localization 1036 was not found for null dereference pattern
[26/04/2025 20:01:42] warn: Localization 1036 was not found for null pbkdf password
[26/04/2025 20:01:42] warn: Localization 1036 was not found for obsolete function
[26/04/2025 20:01:42] warn: Localization 1036 was not found for openredirect
[26/04/2025 20:01:42] warn: Localization 1036 was not found for overly broad grant
[26/04/2025 20:01:42] warn: Localization 1036 was not found for override equals method without hashcode
[26/04/2025 20:01:42] warn: Localization 1036 was not found for pattern matching
[26/04/2025 20:01:42] warn: Localization 1036 was not found for php pm sensitive cookie in https session without ‘secure’ attribute
[26/04/2025 20:01:42] warn: Localization 1036 was not found for plaintext storage of a password
[26/04/2025 20:01:42] warn: Localization 1036 was not found for plaintext storage of a password 1
[26/04/2025 20:01:42] warn: Localization 1036 was not found for play 1 html xss
[26/04/2025 20:01:42] warn: Localization 1036 was not found for play 2 html xss
[26/04/2025 20:01:42] warn: Localization 1036 was not found for poor logging practice logger
[26/04/2025 20:01:42] warn: Localization 1036 was not found for poor logging practice system
[26/04/2025 20:01:42] warn: Localization 1036 was not found for possible rce through sql injection
[26/04/2025 20:01:42] warn: Localization 1036 was not found for private array typed field returned from a public method
[26/04/2025 20:01:42] warn: Localization 1036 was not found for public data assigned to private array typed field
[26/04/2025 20:01:42] warn: Localization 1036 was not found for python weak cryptographic hash
[26/04/2025 20:01:42] warn: Localization 1036 was not found for python2input
[26/04/2025 20:01:42] warn: Localization 1036 was not found for pythonassertion
[26/04/2025 20:01:42] warn: Localization 1036 was not found for reflectedcrosssitescripting
[26/04/2025 20:01:42] warn: Localization 1036 was not found for reliance on dns lookups in a security decision
[26/04/2025 20:01:42] warn: Localization 1036 was not found for return of stack variable address
[26/04/2025 20:01:42] warn: Localization 1036 was not found for reversible one way hash
[26/04/2025 20:01:42] warn: Localization 1036 was not found for sensitive cookie in https session without ‘secure’ attribute
[26/04/2025 20:01:42] warn: Localization 1036 was not found for sensitive cookie in https session without httponly attribute
[26/04/2025 20:01:42] warn: Localization 1036 was not found for sensitive cookie in https session without secure attribute
[26/04/2025 20:01:42] warn: Localization 1036 was not found for serversideinjectioneval
[26/04/2025 20:01:42] warn: Localization 1036 was not found for serversideinjectionfunction
[26/04/2025 20:01:42] warn: Localization 1036 was not found for serversideinjectionsetinterval
[26/04/2025 20:01:42] warn: Localization 1036 was not found for serversideinjectionsettimeout
[26/04/2025 20:01:42] warn: Localization 1036 was not found for serversideinjectionyaml
[26/04/2025 20:01:42] warn: Localization 1036 was not found for ssl configuration flaws
[26/04/2025 20:01:42] warn: Localization 1036 was not found for static random number generator
[26/04/2025 20:01:42] warn: Localization 1036 was not found for time of check time of use race condition
[26/04/2025 20:01:42] warn: Localization 1036 was not found for trust boundary violation
[26/04/2025 20:01:42] warn: Localization 1036 was not found for type confusion
[26/04/2025 20:01:42] warn: Localization 1036 was not found for uncontrolled memory allocation
[26/04/2025 20:01:42] warn: Localization 1036 was not found for uncontrolled recursion
[26/04/2025 20:01:42] warn: Localization 1036 was not found for unreachable code
[26/04/2025 20:01:42] warn: Localization 1036 was not found for unsafe cross-origin resource sharing
[26/04/2025 20:01:42] warn: Localization 1036 was not found for unsafe reflection
[26/04/2025 20:01:42] warn: Localization 1036 was not found for unsalted one way hash
[26/04/2025 20:01:42] warn: Localization 1036 was not found for unsalted one way hash 1
[26/04/2025 20:01:42] warn: Localization 1036 was not found for unsaltedonewayhash
[26/04/2025 20:01:42] warn: Localization 1036 was not found for unused var
[26/04/2025 20:01:42] warn: Localization 1036 was not found for urllibusagepython
[26/04/2025 20:01:42] warn: Localization 1036 was not found for use broken crypto
[26/04/2025 20:01:42] warn: Localization 1036 was not found for use of a broken or risky cryptographic algorithm
[26/04/2025 20:01:42] warn: Localization 1036 was not found for use of a broken or risky cryptographic algorithm 1
[26/04/2025 20:01:42] warn: Localization 1036 was not found for use of a broken or risky cryptographic algorithm 2
[26/04/2025 20:01:42] warn: Localization 1036 was not found for use of a broken or risky cryptographic algorithm 3
[26/04/2025 20:01:42] warn: Localization 1036 was not found for use of a broken or risky cryptographic algorithm 4
[26/04/2025 20:01:42] warn: Localization 1036 was not found for use of a broken or risky cryptographic algorithm 5
[26/04/2025 20:01:42] warn: Localization 1036 was not found for use of a broken or risky cryptographic algorithm 6
[26/04/2025 20:01:42] warn: Localization 1036 was not found for use of a broken or risky cryptographic algorithm go
[26/04/2025 20:01:42] warn: Localization 1036 was not found for use of function with inconsistent implementations
[26/04/2025 20:01:42] warn: Localization 1036 was not found for use of hardcoded cryptographic key
[26/04/2025 20:01:42] warn: Localization 1036 was not found for use of insufficiently random values
[26/04/2025 20:01:42] warn: Localization 1036 was not found for use of insufficiently random values 1
[26/04/2025 20:01:42] warn: Localization 1036 was not found for use of insufficiently random values 2
[26/04/2025 20:01:42] warn: Localization 1036 was not found for use of nullpointerexception catch
[26/04/2025 20:01:42] warn: Localization 1036 was not found for use of obsolete function 1
[26/04/2025 20:01:42] warn: Localization 1036 was not found for use of system exit
[26/04/2025 20:01:42] warn: Localization 1036 was not found for use of uninitialized variable
[26/04/2025 20:01:42] warn: Localization 1036 was not found for user driven insecure hash algorithm
[26/04/2025 20:01:42] warn: Localization 1036 was not found for user driven insecure hash algorithm 1
[26/04/2025 20:01:42] warn: Localization 1036 was not found for vulnerable template module
[26/04/2025 20:01:42] warn: Localization 1036 was not found for weak crypto api objc
[26/04/2025 20:01:42] warn: Localization 1036 was not found for weak crypto hash api objc
[26/04/2025 20:01:42] warn: Localization 1036 was not found for weak crypto iv objc
[26/04/2025 20:01:42] warn: Localization 1036 was not found for weak crypto key objc
[26/04/2025 20:01:42] warn: Localization 1036 was not found for weak cryptographic algorithm 1
[26/04/2025 20:01:42] warn: Localization 1036 was not found for weak cryptographic hash
[26/04/2025 20:01:42] warn: Localization 1036 was not found for weak cryptographic hash plsql
[26/04/2025 20:01:42] warn: Localization 1036 was not found for weak cryptographic hash tsql
[26/04/2025 20:01:42] warn: Localization 1036 was not found for weak hmac key objc
[26/04/2025 20:01:42] warn: Localization 1036 was not found for weak password requirements
[26/04/2025 20:01:42] warn: Localization 1036 was not found for weak pbkdf salt
[26/04/2025 20:01:42] warn: Localization 1036 was not found for weak rsa objc
[26/04/2025 20:01:42] warn: Localization 1036 was not found for weakhashcrypto
[26/04/2025 20:01:42] warn: Localization 1036 was not found for weakhashcryptojs
[26/04/2025 20:01:42] warn: Localization 1036 was not found for webforms validaterequest
[26/04/2025 20:01:42] warn: Localization 1036 was not found for webview xss
[26/04/2025 20:01:42] warn: Localization 1036 was not found for xml external entity pm
[26/04/2025 20:01:42] warn: Localization 1036 was not found for xss protection disabled
[26/04/2025 20:01:42] warn: Localization 1036 was not found for yaml load
[26/04/2025 20:01:42] warn: Localization 1036 was not found for .htaccess addhandler
[26/04/2025 20:01:42] warn: Localization 1036 was not found for .htaccess addtype
[26/04/2025 20:01:42] warn: Localization 1036 was not found for .htaccess options
[26/04/2025 20:01:42] warn: Localization 1036 was not found for .htaccess php_value
[26/04/2025 20:01:42] warn: Localization 1036 was not found for .htaccess serversignature
[26/04/2025 20:01:42] warn: Localization 1036 was not found for android_manifest.xml @android:allowbackup
[26/04/2025 20:01:42] warn: Localization 1036 was not found for android_manifest.xml @android:debuggable
[26/04/2025 20:01:42] warn: Localization 1036 was not found for android_manifest.xml @android:exported
[26/04/2025 20:01:42] warn: Localization 1036 was not found for android_manifest.xml @android:exported[provider]
[26/04/2025 20:01:42] warn: Localization 1036 was not found for android_manifest.xml @android:protectionlevel
[26/04/2025 20:01:42] warn: Localization 1036 was not found for android_manifest.xml @android:scheme
[26/04/2025 20:01:42] warn: Localization 1036 was not found for android_networksecurityconfig.xml @src
[26/04/2025 20:01:42] warn: Localization 1036 was not found for apache.conf addhandler
[26/04/2025 20:01:42] warn: Localization 1036 was not found for apache.conf addtype
[26/04/2025 20:01:42] warn: Localization 1036 was not found for apache.conf loadmodule
[26/04/2025 20:01:42] warn: Localization 1036 was not found for apache.conf options
[26/04/2025 20:01:42] warn: Localization 1036 was not found for apache.conf php_value
[26/04/2025 20:01:42] warn: Localization 1036 was not found for apache.conf serversignature
[26/04/2025 20:01:42] warn: Localization 1036 was not found for apache.conf servertokens
[26/04/2025 20:01:42] warn: Localization 1036 was not found for apache.conf traceenable
[26/04/2025 20:01:42] warn: Localization 1036 was not found for applicationhost.config @accesspolicy
[26/04/2025 20:01:42] warn: Localization 1036 was not found for applicationhost.config @notlistedisapisallowed
[26/04/2025 20:01:42] warn: Localization 1036 was not found for applicationhost.config @username
[26/04/2025 20:01:42] warn: Localization 1036 was not found for conf arbitrary file upload file_uploads
[26/04/2025 20:01:42] warn: Localization 1036 was not found for conf cross site scripting vulnerability http-only
[26/04/2025 20:01:42] warn: Localization 1036 was not found for conf cross site scripting vulnerability httponlycookies
[26/04/2025 20:01:42] warn: Localization 1036 was not found for conf cross site scripting vulnerability register_globals
[26/04/2025 20:01:42] warn: Localization 1036 was not found for conf cross site scripting vulnerability session.cookie_httponly
[26/04/2025 20:01:42] warn: Localization 1036 was not found for conf cross site scripting vulnerability traceenable
[26/04/2025 20:01:42] warn: Localization 1036 was not found for conf cross site scripting vulnerability validaterequest
[26/04/2025 20:01:42] warn: Localization 1036 was not found for conf denial of service loadmodule security2_module
[26/04/2025 20:01:42] warn: Localization 1036 was not found for conf denial of service max_execution_time
[26/04/2025 20:01:42] warn: Localization 1036 was not found for conf denial of service max_input_nesting_level
[26/04/2025 20:01:42] warn: Localization 1036 was not found for conf denial of service max_input_time
[26/04/2025 20:01:42] warn: Localization 1036 was not found for conf denial of service memory_limit
[26/04/2025 20:01:42] warn: Localization 1036 was not found for conf denial of service post_max_size
[26/04/2025 20:01:42] warn: Localization 1036 was not found for conf denial of service upload_max_filesize
[26/04/2025 20:01:42] warn: Localization 1036 was not found for conf directory indexing autoindex
[26/04/2025 20:01:42] warn: Localization 1036 was not found for conf directory indexing loadmodule autoindex_module
[26/04/2025 20:01:42] warn: Localization 1036 was not found for conf directory indexing options
[26/04/2025 20:01:42] warn: Localization 1036 was not found for conf directory indexing ssi
[26/04/2025 20:01:42] warn: Localization 1036 was not found for conf information leakage curl.cainfo
[26/04/2025 20:01:42] warn: Localization 1036 was not found for conf information leakage debug
[26/04/2025 20:01:42] warn: Localization 1036 was not found for conf information leakage display_errors
[26/04/2025 20:01:42] warn: Localization 1036 was not found for conf information leakage display_startup_errors
[26/04/2025 20:01:42] warn: Localization 1036 was not found for conf information leakage error-code
[26/04/2025 20:01:42] warn: Localization 1036 was not found for conf information leakage errordocument
[26/04/2025 20:01:42] warn: Localization 1036 was not found for conf information leakage expose_php
[26/04/2025 20:01:42] warn: Localization 1036 was not found for conf information leakage loadmodule include_module
[26/04/2025 20:01:42] warn: Localization 1036 was not found for conf information leakage loadmodule info_module
[26/04/2025 20:01:42] warn: Localization 1036 was not found for conf information leakage loadmodule negotiation_module
[26/04/2025 20:01:42] warn: Localization 1036 was not found for conf information leakage mode
[26/04/2025 20:01:42] warn: Localization 1036 was not found for conf information leakage param-name
[26/04/2025 20:01:42] warn: Localization 1036 was not found for conf information leakage param-name-xsrf
[26/04/2025 20:01:42] warn: Localization 1036 was not found for conf information leakage request_order
[26/04/2025 20:01:42] warn: Localization 1036 was not found for conf information leakage server_tokens
[26/04/2025 20:01:42] warn: Localization 1036 was not found for conf information leakage serversignature
[26/04/2025 20:01:42] warn: Localization 1036 was not found for conf information leakage servertokens
[26/04/2025 20:01:42] warn: Localization 1036 was not found for conf information leakage statuscode
[26/04/2025 20:01:42] warn: Localization 1036 was not found for conf information leakage value
[26/04/2025 20:01:42] warn: Localization 1036 was not found for conf insufficient authentication enableviewstatemac
[26/04/2025 20:01:42] warn: Localization 1036 was not found for conf insufficient session expiration session-timeout
[26/04/2025 20:01:42] warn: Localization 1036 was not found for conf insufficient transport layer protection requiressl
[26/04/2025 20:01:42] warn: Localization 1036 was not found for conf insufficient transport layer protection secure
[26/04/2025 20:01:42] warn: Localization 1036 was not found for conf insufficient transport layer protection transport-guarantee
[26/04/2025 20:01:42] warn: Localization 1036 was not found for conf obsolete option safe_mode
[26/04/2025 20:01:42] warn: Localization 1036 was not found for conf obsolete option safe_mode_exec_dir
[26/04/2025 20:01:42] warn: Localization 1036 was not found for conf obsolete option safe_mode_gid
[26/04/2025 20:01:42] warn: Localization 1036 was not found for conf obsolete option safe_mode_include_dir
[26/04/2025 20:01:42] warn: Localization 1036 was not found for conf path traversal vulnerability open_basedir
[26/04/2025 20:01:42] warn: Localization 1036 was not found for conf remote code execution addhandler
[26/04/2025 20:01:42] warn: Localization 1036 was not found for conf remote code execution addtype
[26/04/2025 20:01:42] warn: Localization 1036 was not found for conf remote code execution assert.active
[26/04/2025 20:01:42] warn: Localization 1036 was not found for conf remote code execution auto_append_file
[26/04/2025 20:01:42] warn: Localization 1036 was not found for conf remote code execution auto_prepend_file
[26/04/2025 20:01:42] warn: Localization 1036 was not found for conf remote code execution enable_dl
[26/04/2025 20:01:42] warn: Localization 1036 was not found for conf remote code execution php_value
[26/04/2025 20:01:42] warn: Localization 1036 was not found for conf remote command execution disable_functions
[26/04/2025 20:01:42] warn: Localization 1036 was not found for conf remote command execution http-method
[26/04/2025 20:01:42] warn: Localization 1036 was not found for conf remote command execution loadmodule cgi_module
[26/04/2025 20:01:42] warn: Localization 1036 was not found for conf remote file inclusion allow_url_fopen
[26/04/2025 20:01:42] warn: Localization 1036 was not found for conf remote file inclusion allow_url_include
[26/04/2025 20:01:42] warn: Localization 1036 was not found for conf remote file inclusion cgi.fix_pathinfo
[26/04/2025 20:01:42] warn: Localization 1036 was not found for conf response splitting enableheaderchecking
[26/04/2025 20:01:42] warn: Localization 1036 was not found for conf response splitting useunsafeheaderparsing
[26/04/2025 20:01:42] warn: Localization 1036 was not found for conf session hijacking log_errors
[26/04/2025 20:01:42] warn: Localization 1036 was not found for conf session hijacking session.cookie_lifetime
[26/04/2025 20:01:42] warn: Localization 1036 was not found for conf session hijacking session.cookie_secure
[26/04/2025 20:01:42] warn: Localization 1036 was not found for conf session hijacking session.referer_check
[26/04/2025 20:01:42] warn: Localization 1036 was not found for conf session hijacking session.save_path
[26/04/2025 20:01:42] warn: Localization 1036 was not found for conf session hijacking session.use_cookies
[26/04/2025 20:01:42] warn: Localization 1036 was not found for conf session hijacking session.use_only_cookies
[26/04/2025 20:01:42] warn: Localization 1036 was not found for conf session hijacking session.use_strict_mode
[26/04/2025 20:01:42] warn: Localization 1036 was not found for conf session hijacking ssl
[26/04/2025 20:01:42] warn: Localization 1036 was not found for conf session hijacking ssl_certificate
[26/04/2025 20:01:42] warn: Localization 1036 was not found for conf session hijacking ssl_certificate_key
[26/04/2025 20:01:42] warn: Localization 1036 was not found for conf session hijacking ssl_ciphers
[26/04/2025 20:01:42] warn: Localization 1036 was not found for conf session hijacking ssl_dhparam
[26/04/2025 20:01:42] warn: Localization 1036 was not found for conf session hijacking ssl_prefer_server_ciphers
[26/04/2025 20:01:42] warn: Localization 1036 was not found for conf session hijacking ssl_protocols
[26/04/2025 20:01:42] warn: Localization 1036 was not found for conf session hijacking ssl_session_cache
[26/04/2025 20:01:42] warn: Localization 1036 was not found for conf session hijacking ssl_session_timeout
[26/04/2025 20:01:42] warn: Localization 1036 was not found for conf session hijacking ssl_stapling
[26/04/2025 20:01:42] warn: Localization 1036 was not found for conf session hijacking tracking-mode
[26/04/2025 20:01:42] warn: Localization 1036 was not found for conf sql injection magic_quotes_gpc
[26/04/2025 20:01:42] warn: Localization 1036 was not found for conf sql injection magic_quotes_runtime
[26/04/2025 20:01:42] warn: Localization 1036 was not found for conf sql injection magic_quotes_sybase
[26/04/2025 20:01:42] warn: Localization 1036 was not found for domain.xml @audit-enabled
[26/04/2025 20:01:42] warn: Localization 1036 was not found for domain.xml @port
[26/04/2025 20:01:42] warn: Localization 1036 was not found for domain.xml @value
[26/04/2025 20:01:42] warn: Localization 1036 was not found for domain.xml @xpowered-by
[26/04/2025 20:01:42] warn: Localization 1036 was not found for domain.xml jvm-options
[26/04/2025 20:01:42] warn: Localization 1036 was not found for ios_info.plist cfbundleurltypes
[26/04/2025 20:01:42] warn: Localization 1036 was not found for ios_info.plist nsexceptionallowsinsecurehttploads
[26/04/2025 20:01:42] warn: Localization 1036 was not found for ios_info.plist nsexceptionminimumtlsversion
[26/04/2025 20:01:42] warn: Localization 1036 was not found for ios_info.plist nstemporarythirdpartyexceptionallowsinsecurehttploads
[26/04/2025 20:01:42] warn: Localization 1036 was not found for ios_info.plist nstemporarythirdpartyexceptionminimumtlsversion
[26/04/2025 20:01:42] warn: Localization 1036 was not found for lighttpd.conf cgi.assign
[26/04/2025 20:01:42] warn: Localization 1036 was not found for lighttpd.conf server.dir-listing
[26/04/2025 20:01:42] warn: Localization 1036 was not found for lighttpd.conf setenv.add-response-header
[26/04/2025 20:01:42] warn: Localization 1036 was not found for lighttpd.conf status.config-url
[26/04/2025 20:01:42] warn: Localization 1036 was not found for lighttpd.conf status.status-url
[26/04/2025 20:01:42] warn: Localization 1036 was not found for lighttpd.conf webdav.is-readonly
[26/04/2025 20:01:42] warn: Localization 1036 was not found for machine.config @debug
[26/04/2025 20:01:42] warn: Localization 1036 was not found for machine.config @decryption
[26/04/2025 20:01:42] warn: Localization 1036 was not found for machine.config @decryptionkey
[26/04/2025 20:01:42] warn: Localization 1036 was not found for machine.config @passwordformat
[26/04/2025 20:01:42] warn: Localization 1036 was not found for machine.config @retail
[26/04/2025 20:01:42] warn: Localization 1036 was not found for machine.config @username[@processmodel]
[26/04/2025 20:01:42] warn: Localization 1036 was not found for machine.config @validation
[26/04/2025 20:01:42] warn: Localization 1036 was not found for machine.config @validationkey
[26/04/2025 20:01:42] warn: Localization 1036 was not found for nginx.conf add_header
[26/04/2025 20:01:42] warn: Localization 1036 was not found for nginx.conf add_header[inheritance]
[26/04/2025 20:01:42] warn: Localization 1036 was not found for nginx.conf alias[traversal]
[26/04/2025 20:01:42] warn: Localization 1036 was not found for nginx.conf autoindex
[26/04/2025 20:01:42] warn: Localization 1036 was not found for nginx.conf error_log
[26/04/2025 20:01:42] warn: Localization 1036 was not found for nginx.conf error_page
[26/04/2025 20:01:42] warn: Localization 1036 was not found for nginx.conf more_set_headers
[26/04/2025 20:01:42] warn: Localization 1036 was not found for nginx.conf proxy_set_header
[26/04/2025 20:01:42] warn: Localization 1036 was not found for nginx.conf server_tokens
[26/04/2025 20:01:42] warn: Localization 1036 was not found for nginx.conf ssi
[26/04/2025 20:01:42] warn: Localization 1036 was not found for nginx.conf ssl
[26/04/2025 20:01:42] warn: Localization 1036 was not found for nginx.conf ssl_certificate
[26/04/2025 20:01:42] warn: Localization 1036 was not found for nginx.conf ssl_certificate_key
[26/04/2025 20:01:42] warn: Localization 1036 was not found for nginx.conf ssl_ciphers
[26/04/2025 20:01:42] warn: Localization 1036 was not found for nginx.conf ssl_dhparam
[26/04/2025 20:01:42] warn: Localization 1036 was not found for nginx.conf ssl_prefer_server_ciphers
[26/04/2025 20:01:42] warn: Localization 1036 was not found for nginx.conf ssl_protocols
[26/04/2025 20:01:42] warn: Localization 1036 was not found for nginx.conf ssl_session_cache
[26/04/2025 20:01:42] warn: Localization 1036 was not found for nginx.conf ssl_session_timeout
[26/04/2025 20:01:42] warn: Localization 1036 was not found for nginx.conf ssl_stapling
[26/04/2025 20:01:42] warn: Localization 1036 was not found for nginx.conf valid_referers
[26/04/2025 20:01:42] warn: Localization 1036 was not found for php.ini allow_url_fopen
[26/04/2025 20:01:42] warn: Localization 1036 was not found for php.ini allow_url_include
[26/04/2025 20:01:42] warn: Localization 1036 was not found for php.ini assert.active
[26/04/2025 20:01:42] warn: Localization 1036 was not found for php.ini auto_append_file
[26/04/2025 20:01:42] warn: Localization 1036 was not found for php.ini auto_prepend_file
[26/04/2025 20:01:42] warn: Localization 1036 was not found for php.ini cgi.fix_pathinfo
[26/04/2025 20:01:42] warn: Localization 1036 was not found for php.ini cgi.force_redirect
[26/04/2025 20:01:42] warn: Localization 1036 was not found for php.ini disable_functions
[26/04/2025 20:01:42] warn: Localization 1036 was not found for php.ini display_errors
[26/04/2025 20:01:42] warn: Localization 1036 was not found for php.ini display_startup_errors
[26/04/2025 20:01:42] warn: Localization 1036 was not found for php.ini enable_dl
[26/04/2025 20:01:42] warn: Localization 1036 was not found for php.ini expose_php
[26/04/2025 20:01:42] warn: Localization 1036 was not found for php.ini log_errors
[26/04/2025 20:01:42] warn: Localization 1036 was not found for php.ini magic_quotes_gpc
[26/04/2025 20:01:42] warn: Localization 1036 was not found for php.ini magic_quotes_runtime
[26/04/2025 20:01:42] warn: Localization 1036 was not found for php.ini magic_quotes_sybase
[26/04/2025 20:01:42] warn: Localization 1036 was not found for php.ini max_execution_time
[26/04/2025 20:01:42] warn: Localization 1036 was not found for php.ini max_input_nesting_level
[26/04/2025 20:01:42] warn: Localization 1036 was not found for php.ini max_input_time
[26/04/2025 20:01:42] warn: Localization 1036 was not found for php.ini memory_limit
[26/04/2025 20:01:42] warn: Localization 1036 was not found for php.ini open_basedir
[26/04/2025 20:01:42] warn: Localization 1036 was not found for php.ini post_max_size
[26/04/2025 20:01:42] warn: Localization 1036 was not found for php.ini register_globals
[26/04/2025 20:01:42] warn: Localization 1036 was not found for php.ini request_order
[26/04/2025 20:01:42] warn: Localization 1036 was not found for php.ini safe_mode
[26/04/2025 20:01:42] warn: Localization 1036 was not found for php.ini session.cookie_httponly
[26/04/2025 20:01:42] warn: Localization 1036 was not found for php.ini session.cookie_lifetime
[26/04/2025 20:01:42] warn: Localization 1036 was not found for php.ini session.cookie_secure
[26/04/2025 20:01:42] warn: Localization 1036 was not found for php.ini session.save_path
[26/04/2025 20:01:42] warn: Localization 1036 was not found for php.ini session.use_cookies
[26/04/2025 20:01:42] warn: Localization 1036 was not found for php.ini session.use_only_cookies
[26/04/2025 20:01:42] warn: Localization 1036 was not found for php.ini session.use_strict_mode
[26/04/2025 20:01:42] warn: Localization 1036 was not found for php.ini session.use_trans_sid
[26/04/2025 20:01:42] warn: Localization 1036 was not found for php.ini upload_max_filesize
[26/04/2025 20:01:42] warn: Localization 1036 was not found for potential vulnerability
[26/04/2025 20:01:42] warn: Localization 1036 was not found for server.xml_tomcat @allowtrace
[26/04/2025 20:01:42] warn: Localization 1036 was not found for server.xml_tomcat @autodeploy
[26/04/2025 20:01:42] warn: Localization 1036 was not found for server.xml_tomcat @clientauth
[26/04/2025 20:01:42] warn: Localization 1036 was not found for server.xml_tomcat @connectiontimeout
[26/04/2025 20:01:42] warn: Localization 1036 was not found for server.xml_tomcat @deployonstartup
[26/04/2025 20:01:42] warn: Localization 1036 was not found for server.xml_tomcat @maxhttpheadersize
[26/04/2025 20:01:42] warn: Localization 1036 was not found for server.xml_tomcat @secure
[26/04/2025 20:01:42] warn: Localization 1036 was not found for server.xml_tomcat @shutdown
[26/04/2025 20:01:42] warn: Localization 1036 was not found for server.xml_tomcat @xpoweredby
[26/04/2025 20:01:42] warn: Localization 1036 was not found for server.xml_websphere @allowlogoutpageredirecttoanyhost
[26/04/2025 20:01:42] warn: Localization 1036 was not found for server.xml_websphere @displayauthenticationrealm
[26/04/2025 20:01:42] warn: Localization 1036 was not found for server.xml_websphere @preservefullyqualifiedreferrerurl
[26/04/2025 20:01:42] warn: Localization 1036 was not found for standalone.xml @default-user
[26/04/2025 20:01:42] warn: Localization 1036 was not found for standalone.xml @display-source-fragment
[26/04/2025 20:01:42] warn: Localization 1036 was not found for standalone.xml @scan-interval
[26/04/2025 20:01:42] warn: Localization 1036 was not found for standalone.xml @value
[26/04/2025 20:01:42] warn: Localization 1036 was not found for standalone.xml @x-powered-by
[26/04/2025 20:01:42] warn: Localization 1036 was not found for web.config @allowoverride
[26/04/2025 20:01:42] warn: Localization 1036 was not found for web.config @cacherolesincookie
[26/04/2025 20:01:42] warn: Localization 1036 was not found for web.config @certificatevalidationmode
[26/04/2025 20:01:42] warn: Localization 1036 was not found for web.config @connectionprotection
[26/04/2025 20:01:42] warn: Localization 1036 was not found for web.config @cookieless
[26/04/2025 20:01:42] warn: Localization 1036 was not found for web.config @cookieprotection
[26/04/2025 20:01:42] warn: Localization 1036 was not found for web.config @cookierequiressl
[26/04/2025 20:01:42] warn: Localization 1036 was not found for web.config @cookieslidingexpiration
[26/04/2025 20:01:42] warn: Localization 1036 was not found for web.config @cookietimeout
[26/04/2025 20:01:42] warn: Localization 1036 was not found for web.config @createpersistentcookie
[26/04/2025 20:01:42] warn: Localization 1036 was not found for web.config @debug
[26/04/2025 20:01:42] warn: Localization 1036 was not found for web.config @decryptionkey
[26/04/2025 20:01:42] warn: Localization 1036 was not found for web.config @enablecrossappredirects
[26/04/2025 20:01:42] warn: Localization 1036 was not found for web.config @enabled
[26/04/2025 20:01:42] warn: Localization 1036 was not found for web.config @enabled[directorybrowse]
[26/04/2025 20:01:42] warn: Localization 1036 was not found for web.config @enableeventvalidation
[26/04/2025 20:01:42] warn: Localization 1036 was not found for web.config @enableheaderchecking
[26/04/2025 20:01:42] warn: Localization 1036 was not found for web.config @enableversionheader
[26/04/2025 20:01:42] warn: Localization 1036 was not found for web.config @enableviewstatemac
[26/04/2025 20:01:42] warn: Localization 1036 was not found for web.config @httponlycookies
[26/04/2025 20:01:42] warn: Localization 1036 was not found for web.config @level
[26/04/2025 20:01:42] warn: Localization 1036 was not found for web.config @maxeventdetaillength
[26/04/2025 20:01:42] warn: Localization 1036 was not found for web.config @maxeventlengthforsimplemessage
[26/04/2025 20:01:42] warn: Localization 1036 was not found for web.config @maxrequestlength
[26/04/2025 20:01:42] warn: Localization 1036 was not found for web.config @maxsizeforsimplemessage
[26/04/2025 20:01:42] warn: Localization 1036 was not found for web.config @minrequirednonalphanumericcharacters
[26/04/2025 20:01:42] warn: Localization 1036 was not found for web.config @minrequiredpasswordlength
[26/04/2025 20:01:42] warn: Localization 1036 was not found for web.config @mode
[26/04/2025 20:01:42] warn: Localization 1036 was not found for web.config @name[@credentials]
[26/04/2025 20:01:42] warn: Localization 1036 was not found for web.config @passwordformat
[26/04/2025 20:01:42] warn: Localization 1036 was not found for web.config @protection
[26/04/2025 20:01:42] warn: Localization 1036 was not found for web.config @requestvalidationmode
[26/04/2025 20:01:42] warn: Localization 1036 was not found for web.config @requiressl
[26/04/2025 20:01:42] warn: Localization 1036 was not found for web.config @requiressl[@authentication]
[26/04/2025 20:01:42] warn: Localization 1036 was not found for web.config @slidingexpiration
[26/04/2025 20:01:42] warn: Localization 1036 was not found for web.config @statuscode
[26/04/2025 20:01:42] warn: Localization 1036 was not found for web.config @timeout
[26/04/2025 20:01:42] warn: Localization 1036 was not found for web.config @type
[26/04/2025 20:01:42] warn: Localization 1036 was not found for web.config @username[@identity]
[26/04/2025 20:01:42] warn: Localization 1036 was not found for web.config @users
[26/04/2025 20:01:42] warn: Localization 1036 was not found for web.config @useunsafeheaderparsing
[26/04/2025 20:01:42] warn: Localization 1036 was not found for web.config @validaterequest
[26/04/2025 20:01:42] warn: Localization 1036 was not found for web.config @validation
[26/04/2025 20:01:42] warn: Localization 1036 was not found for web.config @validationkey
[26/04/2025 20:01:42] warn: Localization 1036 was not found for web.config @value
[26/04/2025 20:01:42] warn: Localization 1036 was not found for web.config @value[@accesscontrolalloworiginheader]
[26/04/2025 20:01:42] warn: Localization 1036 was not found for web.config @value[@aspnetcore_environment]
[26/04/2025 20:01:42] warn: Localization 1036 was not found for web.config @value[uselegacyencryption]
[26/04/2025 20:01:42] warn: Localization 1036 was not found for web.config @value[x-frame-options]
[26/04/2025 20:01:42] warn: Localization 1036 was not found for web.config @viewstateencryptionmode
[26/04/2025 20:01:42] warn: Localization 1036 was not found for web.config ciphervalue[@sessionstate]
[26/04/2025 20:01:42] warn: Localization 1036 was not found for web.config remove/@name[documentation]
[26/04/2025 20:01:42] warn: Localization 1036 was not found for web.config remove/@name[x-powered-by]
[26/04/2025 20:01:42] warn: Localization 1036 was not found for web.xml error-code
[26/04/2025 20:01:42] warn: Localization 1036 was not found for web.xml http-method
[26/04/2025 20:01:42] warn: Localization 1036 was not found for web.xml http-only
[26/04/2025 20:01:42] warn: Localization 1036 was not found for web.xml param-value
[26/04/2025 20:01:42] warn: Localization 1036 was not found for web.xml secure
[26/04/2025 20:01:42] warn: Localization 1036 was not found for web.xml session-timeout
[26/04/2025 20:01:42] warn: Localization 1036 was not found for web.xml tracking-mode
[26/04/2025 20:01:42] warn: Localization 1036 was not found for web.xml transport-guarantee
[26/04/2025 20:01:42] info: Clean up logs files was started
[26/04/2025 20:01:42] info: Clean up logs files was finished
