[22/04/2025 23:29:00] info: Logging was started to file.
[22/04/2025 23:29:00] info: Start application inspector initialization
[22/04/2025 23:29:00] info: Hide developer mode UI
[22/04/2025 23:29:01] info: Infrastructure Configurations: {"port":8000,"infrastructureAssemblyFolderPath":"C:\\Users\\kokou\\AppData\\Local\\Application Inspector Analyzer","applicationResourcesFolderPath":"C:\\Users\\kokou\\AppData\\Local\\Application Inspector Analyzer","scanTargetFolderPath":"c:\\Users\\kokou\\Nextcloud3\\AZ400","isDebugging":false,"logLevel":{"i2_1":"Error","j2_1":5,"type":5,"key":"Settings.LogLevel.Error.Text"},"logDir":"c:\\Users\\kokou\\Nextcloud3\\AZ400\\.ai\\Logs\\Infrastructure\\2025-04-22-23-29-01","tipsFoundNotificationThreshold":1000,"similarIssuesFoundNotificationThreshold":1000,"applicationLocalDataFolderPath":"c:\\Users\\kokou\\Nextcloud3\\AZ400\\.ai"}
[22/04/2025 23:29:01] info: Start infrastructure initialization
[22/04/2025 23:29:13] info: Infrastructure was started
[22/04/2025 23:29:26] info: Initialize aie integration isn't initialized
[22/04/2025 23:29:26] info: Infrastructure was initialized
[22/04/2025 23:29:26] info: Infrastructure Installer was deleted
[22/04/2025 23:29:28] warn: Localization 1036 was not found for apache mod_negotiation resource location disclosure
[22/04/2025 23:29:28] warn: Localization 1036 was not found for arbitrary directory copying
[22/04/2025 23:29:28] warn: Localization 1036 was not found for arbitrary directory creation
[22/04/2025 23:29:28] warn: Localization 1036 was not found for arbitrary directory deletion
[22/04/2025 23:29:28] warn: Localization 1036 was not found for arbitrary directory listing
[22/04/2025 23:29:28] warn: Localization 1036 was not found for arbitrary directory moving
[22/04/2025 23:29:28] warn: Localization 1036 was not found for arbitrary file copying
[22/04/2025 23:29:28] warn: Localization 1036 was not found for arbitrary file creation
[22/04/2025 23:29:28] warn: Localization 1036 was not found for arbitrary file deletion
[22/04/2025 23:29:28] warn: Localization 1036 was not found for arbitrary file modification
[22/04/2025 23:29:28] warn: Localization 1036 was not found for arbitrary file moving
[22/04/2025 23:29:28] warn: Localization 1036 was not found for arbitrary file reading
[22/04/2025 23:29:28] warn: Localization 1036 was not found for cookie injection
[22/04/2025 23:29:28] warn: Localization 1036 was not found for credentials brute-force
[22/04/2025 23:29:28] warn: Localization 1036 was not found for cross-site request forgery
[22/04/2025 23:29:28] warn: Localization 1036 was not found for cross-site scripting
[22/04/2025 23:29:28] warn: Localization 1036 was not found for cursor injection
[22/04/2025 23:29:28] warn: Localization 1036 was not found for cursor sqli
[22/04/2025 23:29:28] warn: Localization 1036 was not found for default
[22/04/2025 23:29:28] warn: Localization 1036 was not found for denial of service
[22/04/2025 23:29:28] warn: Localization 1036 was not found for deserialization of untrusted data
[22/04/2025 23:29:28] warn: Localization 1036 was not found for df
[22/04/2025 23:29:28] warn: Localization 1036 was not found for djangoorminjection
[22/04/2025 23:29:28] warn: Localization 1036 was not found for dll injection
[22/04/2025 23:29:28] warn: Localization 1036 was not found for double free
[22/04/2025 23:29:28] warn: Localization 1036 was not found for dynamic code injection
[22/04/2025 23:29:28] warn: Localization 1036 was not found for dynamic query injection
[22/04/2025 23:29:28] warn: Localization 1036 was not found for external control of configuration
[22/04/2025 23:29:28] warn: Localization 1036 was not found for fingerprinting
[22/04/2025 23:29:28] warn: Localization 1036 was not found for format string
[22/04/2025 23:29:28] warn: Localization 1036 was not found for hardcoded password
[22/04/2025 23:29:28] warn: Localization 1036 was not found for heap overflow
[22/04/2025 23:29:28] warn: Localization 1036 was not found for http header injection
[22/04/2025 23:29:28] warn: Localization 1036 was not found for http request splitting
[22/04/2025 23:29:28] warn: Localization 1036 was not found for http response splitting
[22/04/2025 23:29:28] warn: Localization 1036 was not found for improper access control taint
[22/04/2025 23:29:28] warn: Localization 1036 was not found for improper resource shutdown or release
[22/04/2025 23:29:28] warn: Localization 1036 was not found for information exposure
[22/04/2025 23:29:28] warn: Localization 1036 was not found for injection
[22/04/2025 23:29:28] warn: Localization 1036 was not found for insecure direct object references
[22/04/2025 23:29:28] warn: Localization 1036 was not found for insufficient session expiration
[22/04/2025 23:29:28] warn: Localization 1036 was not found for integer overflow
[22/04/2025 23:29:28] warn: Localization 1036 was not found for ldap injection
[22/04/2025 23:29:28] warn: Localization 1036 was not found for like injection
[22/04/2025 23:29:28] warn: Localization 1036 was not found for linq injection
[22/04/2025 23:29:28] warn: Localization 1036 was not found for local file inclusion
[22/04/2025 23:29:28] warn: Localization 1036 was not found for log forging
[22/04/2025 23:29:28] warn: Localization 1036 was not found for nosql injection
[22/04/2025 23:29:28] warn: Localization 1036 was not found for null dereference
[22/04/2025 23:29:28] warn: Localization 1036 was not found for object injection
[22/04/2025 23:29:28] warn: Localization 1036 was not found for open redirect
[22/04/2025 23:29:28] warn: Localization 1036 was not found for orm injection
[22/04/2025 23:29:28] warn: Localization 1036 was not found for os commanding
[22/04/2025 23:29:28] warn: Localization 1036 was not found for padding oracle attack
[22/04/2025 23:29:28] warn: Localization 1036 was not found for path traversal
[22/04/2025 23:29:28] warn: Localization 1036 was not found for persistent cookie exposing
[22/04/2025 23:29:28] warn: Localization 1036 was not found for potential path traversal
[22/04/2025 23:29:28] warn: Localization 1036 was not found for process control
[22/04/2025 23:29:28] warn: Localization 1036 was not found for redos
[22/04/2025 23:29:28] warn: Localization 1036 was not found for remote code execution
[22/04/2025 23:29:28] warn: Localization 1036 was not found for remote file inclusion
[22/04/2025 23:29:28] warn: Localization 1036 was not found for resource exhaustion
[22/04/2025 23:29:28] warn: Localization 1036 was not found for resource location brute-force
[22/04/2025 23:29:28] warn: Localization 1036 was not found for server-side request forgery
[22/04/2025 23:29:28] warn: Localization 1036 was not found for server-side template injection
[22/04/2025 23:29:28] warn: Localization 1036 was not found for serverfingerprinting
[22/04/2025 23:29:28] warn: Localization 1036 was not found for session management weakness
[22/04/2025 23:29:28] warn: Localization 1036 was not found for shellshock
[22/04/2025 23:29:28] warn: Localization 1036 was not found for smtp header injection
[22/04/2025 23:29:28] warn: Localization 1036 was not found for sql injection
[22/04/2025 23:29:28] warn: Localization 1036 was not found for sqli
[22/04/2025 23:29:28] warn: Localization 1036 was not found for stack overflow
[22/04/2025 23:29:28] warn: Localization 1036 was not found for uaf
[22/04/2025 23:29:28] warn: Localization 1036 was not found for uncontrolled data manipulation
[22/04/2025 23:29:28] warn: Localization 1036 was not found for uncontrolled env var modification
[22/04/2025 23:29:28] warn: Localization 1036 was not found for unrestricted file upload
[22/04/2025 23:29:28] warn: Localization 1036 was not found for use after free
[22/04/2025 23:29:28] warn: Localization 1036 was not found for webview xss taint
[22/04/2025 23:29:28] warn: Localization 1036 was not found for xml entity expansion
[22/04/2025 23:29:28] warn: Localization 1036 was not found for xml external entity
[22/04/2025 23:29:28] warn: Localization 1036 was not found for xpath injection
[22/04/2025 23:29:28] warn: Localization 1036 was not found for xquery injection
[22/04/2025 23:29:28] warn: Localization 1036 was not found for 100
[22/04/2025 23:29:28] warn: Localization 1036 was not found for 101
[22/04/2025 23:29:28] warn: Localization 1036 was not found for 102
[22/04/2025 23:29:28] warn: Localization 1036 was not found for 103
[22/04/2025 23:29:28] warn: Localization 1036 was not found for 104
[22/04/2025 23:29:28] warn: Localization 1036 was not found for 105
[22/04/2025 23:29:28] warn: Localization 1036 was not found for 107
[22/04/2025 23:29:28] warn: Localization 1036 was not found for 108
[22/04/2025 23:29:28] warn: Localization 1036 was not found for 109
[22/04/2025 23:29:28] warn: Localization 1036 was not found for 111
[22/04/2025 23:29:28] warn: Localization 1036 was not found for 113
[22/04/2025 23:29:28] warn: Localization 1036 was not found for 114
[22/04/2025 23:29:28] warn: Localization 1036 was not found for 116
[22/04/2025 23:29:28] warn: Localization 1036 was not found for 117
[22/04/2025 23:29:28] warn: Localization 1036 was not found for 118
[22/04/2025 23:29:28] warn: Localization 1036 was not found for 120
[22/04/2025 23:29:28] warn: Localization 1036 was not found for 122
[22/04/2025 23:29:28] warn: Localization 1036 was not found for 123
[22/04/2025 23:29:28] warn: Localization 1036 was not found for 124
[22/04/2025 23:29:28] warn: Localization 1036 was not found for 125
[22/04/2025 23:29:28] warn: Localization 1036 was not found for 127
[22/04/2025 23:29:28] warn: Localization 1036 was not found for 128
[22/04/2025 23:29:28] warn: Localization 1036 was not found for 129
[22/04/2025 23:29:28] warn: Localization 1036 was not found for 130
[22/04/2025 23:29:28] warn: Localization 1036 was not found for 135
[22/04/2025 23:29:28] warn: Localization 1036 was not found for 138
[22/04/2025 23:29:28] warn: Localization 1036 was not found for 139
[22/04/2025 23:29:28] warn: Localization 1036 was not found for 140
[22/04/2025 23:29:28] warn: Localization 1036 was not found for 141
[22/04/2025 23:29:28] warn: Localization 1036 was not found for 142
[22/04/2025 23:29:28] warn: Localization 1036 was not found for 144
[22/04/2025 23:29:28] warn: Localization 1036 was not found for 145
[22/04/2025 23:29:28] warn: Localization 1036 was not found for 146
[22/04/2025 23:29:28] warn: Localization 1036 was not found for 147
[22/04/2025 23:29:28] warn: Localization 1036 was not found for 148
[22/04/2025 23:29:28] warn: Localization 1036 was not found for 149
[22/04/2025 23:29:28] warn: Localization 1036 was not found for 150
[22/04/2025 23:29:28] warn: Localization 1036 was not found for 151
[22/04/2025 23:29:28] warn: Localization 1036 was not found for 152
[22/04/2025 23:29:28] warn: Localization 1036 was not found for 153
[22/04/2025 23:29:28] warn: Localization 1036 was not found for 154
[22/04/2025 23:29:28] warn: Localization 1036 was not found for 156
[22/04/2025 23:29:28] warn: Localization 1036 was not found for 157
[22/04/2025 23:29:28] warn: Localization 1036 was not found for 158
[22/04/2025 23:29:28] warn: Localization 1036 was not found for 159
[22/04/2025 23:29:28] warn: Localization 1036 was not found for 160
[22/04/2025 23:29:28] warn: Localization 1036 was not found for 161
[22/04/2025 23:29:28] warn: Localization 1036 was not found for 162
[22/04/2025 23:29:28] warn: Localization 1036 was not found for 163
[22/04/2025 23:29:28] warn: Localization 1036 was not found for 164
[22/04/2025 23:29:28] warn: Localization 1036 was not found for 165
[22/04/2025 23:29:28] warn: Localization 1036 was not found for 200
[22/04/2025 23:29:28] warn: Localization 1036 was not found for 24544
[22/04/2025 23:29:28] warn: Localization 1036 was not found for 24545
[22/04/2025 23:29:28] warn: Localization 1036 was not found for 24546
[22/04/2025 23:29:28] warn: Localization 1036 was not found for 24547
[22/04/2025 23:29:28] warn: Localization 1036 was not found for 24548
[22/04/2025 23:29:28] warn: Localization 1036 was not found for 24549
[22/04/2025 23:29:28] warn: Localization 1036 was not found for 24550
[22/04/2025 23:29:28] warn: Localization 1036 was not found for 24551
[22/04/2025 23:29:28] warn: Localization 1036 was not found for 24552
[22/04/2025 23:29:28] warn: Localization 1036 was not found for 24553
[22/04/2025 23:29:28] warn: Localization 1036 was not found for 24554
[22/04/2025 23:29:28] warn: Localization 1036 was not found for 24555
[22/04/2025 23:29:28] warn: Localization 1036 was not found for 24556
[22/04/2025 23:29:28] warn: Localization 1036 was not found for 24557
[22/04/2025 23:29:28] warn: Localization 1036 was not found for 24558
[22/04/2025 23:29:28] warn: Localization 1036 was not found for 24559
[22/04/2025 23:29:28] warn: Localization 1036 was not found for 24560
[22/04/2025 23:29:28] warn: Localization 1036 was not found for 24561
[22/04/2025 23:29:28] warn: Localization 1036 was not found for 24562
[22/04/2025 23:29:28] warn: Localization 1036 was not found for 24563
[22/04/2025 23:29:28] warn: Localization 1036 was not found for 24564
[22/04/2025 23:29:28] warn: Localization 1036 was not found for 24565
[22/04/2025 23:29:28] warn: Localization 1036 was not found for 24566
[22/04/2025 23:29:28] warn: Localization 1036 was not found for 24567
[22/04/2025 23:29:28] warn: Localization 1036 was not found for 24568
[22/04/2025 23:29:28] warn: Localization 1036 was not found for 305
[22/04/2025 23:29:28] warn: Localization 1036 was not found for 96
[22/04/2025 23:29:28] warn: Localization 1036 was not found for 97
[22/04/2025 23:29:28] warn: Localization 1036 was not found for 98
[22/04/2025 23:29:28] warn: Localization 1036 was not found for 99
[22/04/2025 23:29:28] warn: Localization 1036 was not found for attributes code inside addeventlistener
[22/04/2025 23:29:28] warn: Localization 1036 was not found for attributes code inside attachevent
[22/04/2025 23:29:28] warn: Localization 1036 was not found for attributes code inside createattribute
[22/04/2025 23:29:28] warn: Localization 1036 was not found for attributes code inside element event
[22/04/2025 23:29:28] warn: Localization 1036 was not found for attributes code inside setattribute
[22/04/2025 23:29:28] warn: Localization 1036 was not found for attributes code inside setattributens
[22/04/2025 23:29:28] warn: Localization 1036 was not found for buffer overflow
[22/04/2025 23:29:28] warn: Localization 1036 was not found for buffer overflow in python
[22/04/2025 23:29:28] warn: Localization 1036 was not found for buffer overflow pm
[22/04/2025 23:29:28] warn: Localization 1036 was not found for class defines clone but not implement cloneable
[22/04/2025 23:29:28] warn: Localization 1036 was not found for csrf protection disabled
[22/04/2025 23:29:28] warn: Localization 1036 was not found for cursor snarfing plsql
[22/04/2025 23:29:28] warn: Localization 1036 was not found for cursor snarfing tsql
[22/04/2025 23:29:28] warn: Localization 1036 was not found for dangerous function plsql
[22/04/2025 23:29:28] warn: Localization 1036 was not found for dangerous function tsql
[22/04/2025 23:29:28] warn: Localization 1036 was not found for debug information leakage
[22/04/2025 23:29:28] warn: Localization 1036 was not found for debug mode python
[22/04/2025 23:29:28] warn: Localization 1036 was not found for deprecated functions objc
[22/04/2025 23:29:28] warn: Localization 1036 was not found for deserialization of untrusted data pm
[22/04/2025 23:29:28] warn: Localization 1036 was not found for deserialization of untrusted data pm python
[22/04/2025 23:29:28] warn: Localization 1036 was not found for detection of error condition without action
[22/04/2025 23:29:28] warn: Localization 1036 was not found for direct use of threads
[22/04/2025 23:29:28] warn: Localization 1036 was not found for directorytraversalcreatereadstream
[22/04/2025 23:29:28] warn: Localization 1036 was not found for directorytraversalreadfile
[22/04/2025 23:29:28] warn: Localization 1036 was not found for disabling ssl certificate checks
[22/04/2025 23:29:28] warn: Localization 1036 was not found for disabling ssl certificate checks c
[22/04/2025 23:29:28] warn: Localization 1036 was not found for disabling ssl-tls certificate checks go
[22/04/2025 23:29:28] warn: Localization 1036 was not found for divide by zero
[22/04/2025 23:29:28] warn: Localization 1036 was not found for dom modification contextual fragment
[22/04/2025 23:29:28] warn: Localization 1036 was not found for dom modification html tag
[22/04/2025 23:29:28] warn: Localization 1036 was not found for dom modification selected position
[22/04/2025 23:29:28] warn: Localization 1036 was not found for dom modification string inside document
[22/04/2025 23:29:28] warn: Localization 1036 was not found for download of code without integrity check
[22/04/2025 23:29:28] warn: Localization 1036 was not found for embedded malicious code
[22/04/2025 23:29:28] warn: Localization 1036 was not found for empty default exception handler
[22/04/2025 23:29:28] warn: Localization 1036 was not found for erroneous null comparison
[22/04/2025 23:29:28] warn: Localization 1036 was not found for exposure of data element to wrong session
[22/04/2025 23:29:28] warn: Localization 1036 was not found for exposure of system data to an unauthorized control sphere
[22/04/2025 23:29:28] warn: Localization 1036 was not found for external control of file name or path
[22/04/2025 23:29:28] warn: Localization 1036 was not found for file snarfing plsql
[22/04/2025 23:29:28] warn: Localization 1036 was not found for format string pm
[22/04/2025 23:29:28] warn: Localization 1036 was not found for forwarding via location
[22/04/2025 23:29:28] warn: Localization 1036 was not found for forwarding via location function
[22/04/2025 23:29:28] warn: Localization 1036 was not found for forwarding via opening new tab
[22/04/2025 23:29:28] warn: Localization 1036 was not found for ftpusage
[22/04/2025 23:29:28] warn: Localization 1036 was not found for go weak cryptographic hash
[22/04/2025 23:29:28] warn: Localization 1036 was not found for hardcoded initialization vector
[22/04/2025 23:29:28] warn: Localization 1036 was not found for hardcoded key
[22/04/2025 23:29:28] warn: Localization 1036 was not found for hardcoded password kotlin
[22/04/2025 23:29:28] warn: Localization 1036 was not found for hardcoded password pm
[22/04/2025 23:29:28] warn: Localization 1036 was not found for hardcoded pbkdf password
[22/04/2025 23:29:28] warn: Localization 1036 was not found for headerinjection
[22/04/2025 23:29:28] warn: Localization 1036 was not found for improper access control
[22/04/2025 23:29:28] warn: Localization 1036 was not found for improper access control c
[22/04/2025 23:29:28] warn: Localization 1036 was not found for improper certificate validation
[22/04/2025 23:29:28] warn: Localization 1036 was not found for improper check for unusual or exceptional conditions
[22/04/2025 23:29:28] warn: Localization 1036 was not found for improperly implemented security check for standard
[22/04/2025 23:29:28] warn: Localization 1036 was not found for include interface ssl
[22/04/2025 23:29:28] warn: Localization 1036 was not found for incorrect permission assignment for critical resource
[22/04/2025 23:29:28] warn: Localization 1036 was not found for incorrect permission assignment for critical resource 1
[22/04/2025 23:29:28] warn: Localization 1036 was not found for incorrect permission assignment for critical resource go
[22/04/2025 23:29:28] warn: Localization 1036 was not found for incorrect permission assignment for critical resource java
[22/04/2025 23:29:28] warn: Localization 1036 was not found for incorrect unix api using
[22/04/2025 23:29:28] warn: Localization 1036 was not found for incorrect usage of seeds in pseudo-random number generator
[22/04/2025 23:29:28] warn: Localization 1036 was not found for incorrectpermissionassignmentphp
[22/04/2025 23:29:28] warn: Localization 1036 was not found for information exposure pm
[22/04/2025 23:29:28] warn: Localization 1036 was not found for information exposure through an error message
[22/04/2025 23:29:28] warn: Localization 1036 was not found for information exposure through comments
[22/04/2025 23:29:28] warn: Localization 1036 was not found for information exposure through persistent cookies
[22/04/2025 23:29:28] warn: Localization 1036 was not found for information exposure through persistent cookies 1
[22/04/2025 23:29:28] warn: Localization 1036 was not found for information exposure through static content
[22/04/2025 23:29:28] warn: Localization 1036 was not found for informationexposureviaexception
[22/04/2025 23:29:28] warn: Localization 1036 was not found for insecure cipher key export
[22/04/2025 23:29:28] warn: Localization 1036 was not found for insecure connection protocol
[22/04/2025 23:29:28] warn: Localization 1036 was not found for insecure cookie 1
[22/04/2025 23:29:28] warn: Localization 1036 was not found for insecure cookie 2
[22/04/2025 23:29:28] warn: Localization 1036 was not found for insecure cookie scope
[22/04/2025 23:29:28] warn: Localization 1036 was not found for insecure data storage
[22/04/2025 23:29:28] warn: Localization 1036 was not found for insecure data storage objc simple
[22/04/2025 23:29:28] warn: Localization 1036 was not found for insecure network binding
[22/04/2025 23:29:28] warn: Localization 1036 was not found for insecure randomness ojbc
[22/04/2025 23:29:28] warn: Localization 1036 was not found for insecure randomness plsql
[22/04/2025 23:29:28] warn: Localization 1036 was not found for insecure randomness tsql
[22/04/2025 23:29:28] warn: Localization 1036 was not found for insecure rsa padding
[22/04/2025 23:29:28] warn: Localization 1036 was not found for insecure rsa padding 1
[22/04/2025 23:29:28] warn: Localization 1036 was not found for insecure ssl connection
[22/04/2025 23:29:28] warn: Localization 1036 was not found for insecure ssl connection 1
[22/04/2025 23:29:28] warn: Localization 1036 was not found for insecure ssl protocol
[22/04/2025 23:29:28] warn: Localization 1036 was not found for insecure transport java
[22/04/2025 23:29:28] warn: Localization 1036 was not found for insecure usage of jinja templates
[22/04/2025 23:29:28] warn: Localization 1036 was not found for insecure usage of mako templates
[22/04/2025 23:29:28] warn: Localization 1036 was not found for insecure validation functions
[22/04/2025 23:29:28] warn: Localization 1036 was not found for insecure validation functions 1
[22/04/2025 23:29:28] warn: Localization 1036 was not found for insecure work with temporary files
[22/04/2025 23:29:28] warn: Localization 1036 was not found for insecureevalpython
[22/04/2025 23:29:28] warn: Localization 1036 was not found for insufficient cors policy
[22/04/2025 23:29:28] warn: Localization 1036 was not found for insufficient encryption key length
[22/04/2025 23:29:28] warn: Localization 1036 was not found for insufficient encryption key length 1
[22/04/2025 23:29:28] warn: Localization 1036 was not found for insufficient key size go
[22/04/2025 23:29:28] warn: Localization 1036 was not found for insufficient logging&monitoring
[22/04/2025 23:29:28] warn: Localization 1036 was not found for insufficient session expiration pm
[22/04/2025 23:29:28] warn: Localization 1036 was not found for insufficientencryptionkeylength
[22/04/2025 23:29:28] warn: Localization 1036 was not found for integer overflow pm
[22/04/2025 23:29:28] warn: Localization 1036 was not found for jquery function that adds element
[22/04/2025 23:29:28] warn: Localization 1036 was not found for jquery function that replaces element
[22/04/2025 23:29:28] warn: Localization 1036 was not found for jquery html inside dom
[22/04/2025 23:29:28] warn: Localization 1036 was not found for jquery unsafe functions for dom
[22/04/2025 23:29:28] warn: Localization 1036 was not found for jquery wrap element to html
[22/04/2025 23:29:28] warn: Localization 1036 was not found for json-test
[22/04/2025 23:29:28] warn: Localization 1036 was not found for lack of the host key verification go
[22/04/2025 23:29:28] warn: Localization 1036 was not found for least privilege violation
[22/04/2025 23:29:28] warn: Localization 1036 was not found for leftover debug code
[22/04/2025 23:29:28] warn: Localization 1036 was not found for marksafepython
[22/04/2025 23:29:28] warn: Localization 1036 was not found for memory leak
[22/04/2025 23:29:28] warn: Localization 1036 was not found for method without super clone
[22/04/2025 23:29:28] warn: Localization 1036 was not found for method without super finalize
[22/04/2025 23:29:28] warn: Localization 1036 was not found for missing auth localized reason
[22/04/2025 23:29:28] warn: Localization 1036 was not found for missing encryption of sensitive data
[22/04/2025 23:29:28] warn: Localization 1036 was not found for none
[22/04/2025 23:29:28] warn: Localization 1036 was not found for notlsreject
[22/04/2025 23:29:28] warn: Localization 1036 was not found for nslog using
[22/04/2025 23:29:28] warn: Localization 1036 was not found for null dereference pattern
[22/04/2025 23:29:28] warn: Localization 1036 was not found for null pbkdf password
[22/04/2025 23:29:28] warn: Localization 1036 was not found for obsolete function
[22/04/2025 23:29:28] warn: Localization 1036 was not found for openredirect
[22/04/2025 23:29:28] warn: Localization 1036 was not found for overly broad grant
[22/04/2025 23:29:28] warn: Localization 1036 was not found for override equals method without hashcode
[22/04/2025 23:29:28] warn: Localization 1036 was not found for pattern matching
[22/04/2025 23:29:28] warn: Localization 1036 was not found for php pm sensitive cookie in https session without ‘secure’ attribute
[22/04/2025 23:29:28] warn: Localization 1036 was not found for plaintext storage of a password
[22/04/2025 23:29:28] warn: Localization 1036 was not found for plaintext storage of a password 1
[22/04/2025 23:29:28] warn: Localization 1036 was not found for play 1 html xss
[22/04/2025 23:29:28] warn: Localization 1036 was not found for play 2 html xss
[22/04/2025 23:29:28] warn: Localization 1036 was not found for poor logging practice logger
[22/04/2025 23:29:28] warn: Localization 1036 was not found for poor logging practice system
[22/04/2025 23:29:28] warn: Localization 1036 was not found for possible rce through sql injection
[22/04/2025 23:29:28] warn: Localization 1036 was not found for private array typed field returned from a public method
[22/04/2025 23:29:28] warn: Localization 1036 was not found for public data assigned to private array typed field
[22/04/2025 23:29:28] warn: Localization 1036 was not found for python weak cryptographic hash
[22/04/2025 23:29:28] warn: Localization 1036 was not found for python2input
[22/04/2025 23:29:28] warn: Localization 1036 was not found for pythonassertion
[22/04/2025 23:29:28] warn: Localization 1036 was not found for reflectedcrosssitescripting
[22/04/2025 23:29:28] warn: Localization 1036 was not found for reliance on dns lookups in a security decision
[22/04/2025 23:29:28] warn: Localization 1036 was not found for return of stack variable address
[22/04/2025 23:29:28] warn: Localization 1036 was not found for reversible one way hash
[22/04/2025 23:29:28] warn: Localization 1036 was not found for sensitive cookie in https session without ‘secure’ attribute
[22/04/2025 23:29:28] warn: Localization 1036 was not found for sensitive cookie in https session without httponly attribute
[22/04/2025 23:29:28] warn: Localization 1036 was not found for sensitive cookie in https session without secure attribute
[22/04/2025 23:29:28] warn: Localization 1036 was not found for serversideinjectioneval
[22/04/2025 23:29:28] warn: Localization 1036 was not found for serversideinjectionfunction
[22/04/2025 23:29:28] warn: Localization 1036 was not found for serversideinjectionsetinterval
[22/04/2025 23:29:28] warn: Localization 1036 was not found for serversideinjectionsettimeout
[22/04/2025 23:29:28] warn: Localization 1036 was not found for serversideinjectionyaml
[22/04/2025 23:29:28] warn: Localization 1036 was not found for ssl configuration flaws
[22/04/2025 23:29:28] warn: Localization 1036 was not found for static random number generator
[22/04/2025 23:29:28] warn: Localization 1036 was not found for time of check time of use race condition
[22/04/2025 23:29:28] warn: Localization 1036 was not found for trust boundary violation
[22/04/2025 23:29:28] warn: Localization 1036 was not found for type confusion
[22/04/2025 23:29:28] warn: Localization 1036 was not found for uncontrolled memory allocation
[22/04/2025 23:29:28] warn: Localization 1036 was not found for uncontrolled recursion
[22/04/2025 23:29:28] warn: Localization 1036 was not found for unreachable code
[22/04/2025 23:29:28] warn: Localization 1036 was not found for unsafe cross-origin resource sharing
[22/04/2025 23:29:28] warn: Localization 1036 was not found for unsafe reflection
[22/04/2025 23:29:28] warn: Localization 1036 was not found for unsalted one way hash
[22/04/2025 23:29:28] warn: Localization 1036 was not found for unsalted one way hash 1
[22/04/2025 23:29:28] warn: Localization 1036 was not found for unsaltedonewayhash
[22/04/2025 23:29:28] warn: Localization 1036 was not found for unused var
[22/04/2025 23:29:28] warn: Localization 1036 was not found for urllibusagepython
[22/04/2025 23:29:28] warn: Localization 1036 was not found for use broken crypto
[22/04/2025 23:29:28] warn: Localization 1036 was not found for use of a broken or risky cryptographic algorithm
[22/04/2025 23:29:28] warn: Localization 1036 was not found for use of a broken or risky cryptographic algorithm 1
[22/04/2025 23:29:28] warn: Localization 1036 was not found for use of a broken or risky cryptographic algorithm 2
[22/04/2025 23:29:28] warn: Localization 1036 was not found for use of a broken or risky cryptographic algorithm 3
[22/04/2025 23:29:28] warn: Localization 1036 was not found for use of a broken or risky cryptographic algorithm 4
[22/04/2025 23:29:28] warn: Localization 1036 was not found for use of a broken or risky cryptographic algorithm 5
[22/04/2025 23:29:28] warn: Localization 1036 was not found for use of a broken or risky cryptographic algorithm 6
[22/04/2025 23:29:28] warn: Localization 1036 was not found for use of a broken or risky cryptographic algorithm go
[22/04/2025 23:29:28] warn: Localization 1036 was not found for use of function with inconsistent implementations
[22/04/2025 23:29:28] warn: Localization 1036 was not found for use of hardcoded cryptographic key
[22/04/2025 23:29:28] warn: Localization 1036 was not found for use of insufficiently random values
[22/04/2025 23:29:28] warn: Localization 1036 was not found for use of insufficiently random values 1
[22/04/2025 23:29:28] warn: Localization 1036 was not found for use of insufficiently random values 2
[22/04/2025 23:29:28] warn: Localization 1036 was not found for use of nullpointerexception catch
[22/04/2025 23:29:28] warn: Localization 1036 was not found for use of obsolete function 1
[22/04/2025 23:29:28] warn: Localization 1036 was not found for use of system exit
[22/04/2025 23:29:28] warn: Localization 1036 was not found for use of uninitialized variable
[22/04/2025 23:29:28] warn: Localization 1036 was not found for user driven insecure hash algorithm
[22/04/2025 23:29:28] warn: Localization 1036 was not found for user driven insecure hash algorithm 1
[22/04/2025 23:29:28] warn: Localization 1036 was not found for vulnerable template module
[22/04/2025 23:29:28] warn: Localization 1036 was not found for weak crypto api objc
[22/04/2025 23:29:28] warn: Localization 1036 was not found for weak crypto hash api objc
[22/04/2025 23:29:28] warn: Localization 1036 was not found for weak crypto iv objc
[22/04/2025 23:29:28] warn: Localization 1036 was not found for weak crypto key objc
[22/04/2025 23:29:28] warn: Localization 1036 was not found for weak cryptographic algorithm 1
[22/04/2025 23:29:28] warn: Localization 1036 was not found for weak cryptographic hash
[22/04/2025 23:29:28] warn: Localization 1036 was not found for weak cryptographic hash plsql
[22/04/2025 23:29:28] warn: Localization 1036 was not found for weak cryptographic hash tsql
[22/04/2025 23:29:28] warn: Localization 1036 was not found for weak hmac key objc
[22/04/2025 23:29:28] warn: Localization 1036 was not found for weak password requirements
[22/04/2025 23:29:28] warn: Localization 1036 was not found for weak pbkdf salt
[22/04/2025 23:29:28] warn: Localization 1036 was not found for weak rsa objc
[22/04/2025 23:29:28] warn: Localization 1036 was not found for weakhashcrypto
[22/04/2025 23:29:28] warn: Localization 1036 was not found for weakhashcryptojs
[22/04/2025 23:29:28] warn: Localization 1036 was not found for webforms validaterequest
[22/04/2025 23:29:28] warn: Localization 1036 was not found for webview xss
[22/04/2025 23:29:28] warn: Localization 1036 was not found for xml external entity pm
[22/04/2025 23:29:28] warn: Localization 1036 was not found for xss protection disabled
[22/04/2025 23:29:28] warn: Localization 1036 was not found for yaml load
[22/04/2025 23:29:28] warn: Localization 1036 was not found for .htaccess addhandler
[22/04/2025 23:29:28] warn: Localization 1036 was not found for .htaccess addtype
[22/04/2025 23:29:28] warn: Localization 1036 was not found for .htaccess options
[22/04/2025 23:29:28] warn: Localization 1036 was not found for .htaccess php_value
[22/04/2025 23:29:28] warn: Localization 1036 was not found for .htaccess serversignature
[22/04/2025 23:29:28] warn: Localization 1036 was not found for android_manifest.xml @android:allowbackup
[22/04/2025 23:29:28] warn: Localization 1036 was not found for android_manifest.xml @android:debuggable
[22/04/2025 23:29:28] warn: Localization 1036 was not found for android_manifest.xml @android:exported
[22/04/2025 23:29:28] warn: Localization 1036 was not found for android_manifest.xml @android:exported[provider]
[22/04/2025 23:29:28] warn: Localization 1036 was not found for android_manifest.xml @android:protectionlevel
[22/04/2025 23:29:28] warn: Localization 1036 was not found for android_manifest.xml @android:scheme
[22/04/2025 23:29:28] warn: Localization 1036 was not found for android_networksecurityconfig.xml @src
[22/04/2025 23:29:28] warn: Localization 1036 was not found for apache.conf addhandler
[22/04/2025 23:29:28] warn: Localization 1036 was not found for apache.conf addtype
[22/04/2025 23:29:28] warn: Localization 1036 was not found for apache.conf loadmodule
[22/04/2025 23:29:28] warn: Localization 1036 was not found for apache.conf options
[22/04/2025 23:29:28] warn: Localization 1036 was not found for apache.conf php_value
[22/04/2025 23:29:28] warn: Localization 1036 was not found for apache.conf serversignature
[22/04/2025 23:29:28] warn: Localization 1036 was not found for apache.conf servertokens
[22/04/2025 23:29:28] warn: Localization 1036 was not found for apache.conf traceenable
[22/04/2025 23:29:28] warn: Localization 1036 was not found for applicationhost.config @accesspolicy
[22/04/2025 23:29:28] warn: Localization 1036 was not found for applicationhost.config @notlistedisapisallowed
[22/04/2025 23:29:28] warn: Localization 1036 was not found for applicationhost.config @username
[22/04/2025 23:29:28] warn: Localization 1036 was not found for conf arbitrary file upload file_uploads
[22/04/2025 23:29:28] warn: Localization 1036 was not found for conf cross site scripting vulnerability http-only
[22/04/2025 23:29:28] warn: Localization 1036 was not found for conf cross site scripting vulnerability httponlycookies
[22/04/2025 23:29:28] warn: Localization 1036 was not found for conf cross site scripting vulnerability register_globals
[22/04/2025 23:29:28] warn: Localization 1036 was not found for conf cross site scripting vulnerability session.cookie_httponly
[22/04/2025 23:29:28] warn: Localization 1036 was not found for conf cross site scripting vulnerability traceenable
[22/04/2025 23:29:28] warn: Localization 1036 was not found for conf cross site scripting vulnerability validaterequest
[22/04/2025 23:29:28] warn: Localization 1036 was not found for conf denial of service loadmodule security2_module
[22/04/2025 23:29:28] warn: Localization 1036 was not found for conf denial of service max_execution_time
[22/04/2025 23:29:28] warn: Localization 1036 was not found for conf denial of service max_input_nesting_level
[22/04/2025 23:29:28] warn: Localization 1036 was not found for conf denial of service max_input_time
[22/04/2025 23:29:28] warn: Localization 1036 was not found for conf denial of service memory_limit
[22/04/2025 23:29:28] warn: Localization 1036 was not found for conf denial of service post_max_size
[22/04/2025 23:29:28] warn: Localization 1036 was not found for conf denial of service upload_max_filesize
[22/04/2025 23:29:28] warn: Localization 1036 was not found for conf directory indexing autoindex
[22/04/2025 23:29:28] warn: Localization 1036 was not found for conf directory indexing loadmodule autoindex_module
[22/04/2025 23:29:28] warn: Localization 1036 was not found for conf directory indexing options
[22/04/2025 23:29:28] warn: Localization 1036 was not found for conf directory indexing ssi
[22/04/2025 23:29:28] warn: Localization 1036 was not found for conf information leakage curl.cainfo
[22/04/2025 23:29:28] warn: Localization 1036 was not found for conf information leakage debug
[22/04/2025 23:29:28] warn: Localization 1036 was not found for conf information leakage display_errors
[22/04/2025 23:29:28] warn: Localization 1036 was not found for conf information leakage display_startup_errors
[22/04/2025 23:29:28] warn: Localization 1036 was not found for conf information leakage error-code
[22/04/2025 23:29:28] warn: Localization 1036 was not found for conf information leakage errordocument
[22/04/2025 23:29:28] warn: Localization 1036 was not found for conf information leakage expose_php
[22/04/2025 23:29:28] warn: Localization 1036 was not found for conf information leakage loadmodule include_module
[22/04/2025 23:29:28] warn: Localization 1036 was not found for conf information leakage loadmodule info_module
[22/04/2025 23:29:28] warn: Localization 1036 was not found for conf information leakage loadmodule negotiation_module
[22/04/2025 23:29:28] warn: Localization 1036 was not found for conf information leakage mode
[22/04/2025 23:29:28] warn: Localization 1036 was not found for conf information leakage param-name
[22/04/2025 23:29:28] warn: Localization 1036 was not found for conf information leakage param-name-xsrf
[22/04/2025 23:29:28] warn: Localization 1036 was not found for conf information leakage request_order
[22/04/2025 23:29:28] warn: Localization 1036 was not found for conf information leakage server_tokens
[22/04/2025 23:29:28] warn: Localization 1036 was not found for conf information leakage serversignature
[22/04/2025 23:29:28] warn: Localization 1036 was not found for conf information leakage servertokens
[22/04/2025 23:29:28] warn: Localization 1036 was not found for conf information leakage statuscode
[22/04/2025 23:29:28] warn: Localization 1036 was not found for conf information leakage value
[22/04/2025 23:29:28] warn: Localization 1036 was not found for conf insufficient authentication enableviewstatemac
[22/04/2025 23:29:28] warn: Localization 1036 was not found for conf insufficient session expiration session-timeout
[22/04/2025 23:29:28] warn: Localization 1036 was not found for conf insufficient transport layer protection requiressl
[22/04/2025 23:29:28] warn: Localization 1036 was not found for conf insufficient transport layer protection secure
[22/04/2025 23:29:28] warn: Localization 1036 was not found for conf insufficient transport layer protection transport-guarantee
[22/04/2025 23:29:28] warn: Localization 1036 was not found for conf obsolete option safe_mode
[22/04/2025 23:29:28] warn: Localization 1036 was not found for conf obsolete option safe_mode_exec_dir
[22/04/2025 23:29:28] warn: Localization 1036 was not found for conf obsolete option safe_mode_gid
[22/04/2025 23:29:28] warn: Localization 1036 was not found for conf obsolete option safe_mode_include_dir
[22/04/2025 23:29:28] warn: Localization 1036 was not found for conf path traversal vulnerability open_basedir
[22/04/2025 23:29:28] warn: Localization 1036 was not found for conf remote code execution addhandler
[22/04/2025 23:29:28] warn: Localization 1036 was not found for conf remote code execution addtype
[22/04/2025 23:29:28] warn: Localization 1036 was not found for conf remote code execution assert.active
[22/04/2025 23:29:28] warn: Localization 1036 was not found for conf remote code execution auto_append_file
[22/04/2025 23:29:28] warn: Localization 1036 was not found for conf remote code execution auto_prepend_file
[22/04/2025 23:29:28] warn: Localization 1036 was not found for conf remote code execution enable_dl
[22/04/2025 23:29:28] warn: Localization 1036 was not found for conf remote code execution php_value
[22/04/2025 23:29:28] warn: Localization 1036 was not found for conf remote command execution disable_functions
[22/04/2025 23:29:28] warn: Localization 1036 was not found for conf remote command execution http-method
[22/04/2025 23:29:28] warn: Localization 1036 was not found for conf remote command execution loadmodule cgi_module
[22/04/2025 23:29:28] warn: Localization 1036 was not found for conf remote file inclusion allow_url_fopen
[22/04/2025 23:29:28] warn: Localization 1036 was not found for conf remote file inclusion allow_url_include
[22/04/2025 23:29:28] warn: Localization 1036 was not found for conf remote file inclusion cgi.fix_pathinfo
[22/04/2025 23:29:28] warn: Localization 1036 was not found for conf response splitting enableheaderchecking
[22/04/2025 23:29:28] warn: Localization 1036 was not found for conf response splitting useunsafeheaderparsing
[22/04/2025 23:29:28] warn: Localization 1036 was not found for conf session hijacking log_errors
[22/04/2025 23:29:28] warn: Localization 1036 was not found for conf session hijacking session.cookie_lifetime
[22/04/2025 23:29:28] warn: Localization 1036 was not found for conf session hijacking session.cookie_secure
[22/04/2025 23:29:28] warn: Localization 1036 was not found for conf session hijacking session.referer_check
[22/04/2025 23:29:28] warn: Localization 1036 was not found for conf session hijacking session.save_path
[22/04/2025 23:29:28] warn: Localization 1036 was not found for conf session hijacking session.use_cookies
[22/04/2025 23:29:28] warn: Localization 1036 was not found for conf session hijacking session.use_only_cookies
[22/04/2025 23:29:28] warn: Localization 1036 was not found for conf session hijacking session.use_strict_mode
[22/04/2025 23:29:28] warn: Localization 1036 was not found for conf session hijacking ssl
[22/04/2025 23:29:28] warn: Localization 1036 was not found for conf session hijacking ssl_certificate
[22/04/2025 23:29:28] warn: Localization 1036 was not found for conf session hijacking ssl_certificate_key
[22/04/2025 23:29:28] warn: Localization 1036 was not found for conf session hijacking ssl_ciphers
[22/04/2025 23:29:28] warn: Localization 1036 was not found for conf session hijacking ssl_dhparam
[22/04/2025 23:29:28] warn: Localization 1036 was not found for conf session hijacking ssl_prefer_server_ciphers
[22/04/2025 23:29:28] warn: Localization 1036 was not found for conf session hijacking ssl_protocols
[22/04/2025 23:29:28] warn: Localization 1036 was not found for conf session hijacking ssl_session_cache
[22/04/2025 23:29:28] warn: Localization 1036 was not found for conf session hijacking ssl_session_timeout
[22/04/2025 23:29:28] warn: Localization 1036 was not found for conf session hijacking ssl_stapling
[22/04/2025 23:29:28] warn: Localization 1036 was not found for conf session hijacking tracking-mode
[22/04/2025 23:29:28] warn: Localization 1036 was not found for conf sql injection magic_quotes_gpc
[22/04/2025 23:29:28] warn: Localization 1036 was not found for conf sql injection magic_quotes_runtime
[22/04/2025 23:29:28] warn: Localization 1036 was not found for conf sql injection magic_quotes_sybase
[22/04/2025 23:29:28] warn: Localization 1036 was not found for domain.xml @audit-enabled
[22/04/2025 23:29:28] warn: Localization 1036 was not found for domain.xml @port
[22/04/2025 23:29:28] warn: Localization 1036 was not found for domain.xml @value
[22/04/2025 23:29:28] warn: Localization 1036 was not found for domain.xml @xpowered-by
[22/04/2025 23:29:28] warn: Localization 1036 was not found for domain.xml jvm-options
[22/04/2025 23:29:28] warn: Localization 1036 was not found for ios_info.plist cfbundleurltypes
[22/04/2025 23:29:28] warn: Localization 1036 was not found for ios_info.plist nsexceptionallowsinsecurehttploads
[22/04/2025 23:29:28] warn: Localization 1036 was not found for ios_info.plist nsexceptionminimumtlsversion
[22/04/2025 23:29:28] warn: Localization 1036 was not found for ios_info.plist nstemporarythirdpartyexceptionallowsinsecurehttploads
[22/04/2025 23:29:28] warn: Localization 1036 was not found for ios_info.plist nstemporarythirdpartyexceptionminimumtlsversion
[22/04/2025 23:29:28] warn: Localization 1036 was not found for lighttpd.conf cgi.assign
[22/04/2025 23:29:28] warn: Localization 1036 was not found for lighttpd.conf server.dir-listing
[22/04/2025 23:29:28] warn: Localization 1036 was not found for lighttpd.conf setenv.add-response-header
[22/04/2025 23:29:28] warn: Localization 1036 was not found for lighttpd.conf status.config-url
[22/04/2025 23:29:28] warn: Localization 1036 was not found for lighttpd.conf status.status-url
[22/04/2025 23:29:28] warn: Localization 1036 was not found for lighttpd.conf webdav.is-readonly
[22/04/2025 23:29:28] warn: Localization 1036 was not found for machine.config @debug
[22/04/2025 23:29:28] warn: Localization 1036 was not found for machine.config @decryption
[22/04/2025 23:29:28] warn: Localization 1036 was not found for machine.config @decryptionkey
[22/04/2025 23:29:28] warn: Localization 1036 was not found for machine.config @passwordformat
[22/04/2025 23:29:28] warn: Localization 1036 was not found for machine.config @retail
[22/04/2025 23:29:28] warn: Localization 1036 was not found for machine.config @username[@processmodel]
[22/04/2025 23:29:28] warn: Localization 1036 was not found for machine.config @validation
[22/04/2025 23:29:28] warn: Localization 1036 was not found for machine.config @validationkey
[22/04/2025 23:29:28] warn: Localization 1036 was not found for nginx.conf add_header
[22/04/2025 23:29:28] warn: Localization 1036 was not found for nginx.conf add_header[inheritance]
[22/04/2025 23:29:28] warn: Localization 1036 was not found for nginx.conf alias[traversal]
[22/04/2025 23:29:28] warn: Localization 1036 was not found for nginx.conf autoindex
[22/04/2025 23:29:28] warn: Localization 1036 was not found for nginx.conf error_log
[22/04/2025 23:29:28] warn: Localization 1036 was not found for nginx.conf error_page
[22/04/2025 23:29:28] warn: Localization 1036 was not found for nginx.conf more_set_headers
[22/04/2025 23:29:28] warn: Localization 1036 was not found for nginx.conf proxy_set_header
[22/04/2025 23:29:28] warn: Localization 1036 was not found for nginx.conf server_tokens
[22/04/2025 23:29:28] warn: Localization 1036 was not found for nginx.conf ssi
[22/04/2025 23:29:28] warn: Localization 1036 was not found for nginx.conf ssl
[22/04/2025 23:29:28] warn: Localization 1036 was not found for nginx.conf ssl_certificate
[22/04/2025 23:29:28] warn: Localization 1036 was not found for nginx.conf ssl_certificate_key
[22/04/2025 23:29:28] warn: Localization 1036 was not found for nginx.conf ssl_ciphers
[22/04/2025 23:29:28] warn: Localization 1036 was not found for nginx.conf ssl_dhparam
[22/04/2025 23:29:28] warn: Localization 1036 was not found for nginx.conf ssl_prefer_server_ciphers
[22/04/2025 23:29:28] warn: Localization 1036 was not found for nginx.conf ssl_protocols
[22/04/2025 23:29:28] warn: Localization 1036 was not found for nginx.conf ssl_session_cache
[22/04/2025 23:29:28] warn: Localization 1036 was not found for nginx.conf ssl_session_timeout
[22/04/2025 23:29:28] warn: Localization 1036 was not found for nginx.conf ssl_stapling
[22/04/2025 23:29:28] warn: Localization 1036 was not found for nginx.conf valid_referers
[22/04/2025 23:29:28] warn: Localization 1036 was not found for php.ini allow_url_fopen
[22/04/2025 23:29:28] warn: Localization 1036 was not found for php.ini allow_url_include
[22/04/2025 23:29:28] warn: Localization 1036 was not found for php.ini assert.active
[22/04/2025 23:29:28] warn: Localization 1036 was not found for php.ini auto_append_file
[22/04/2025 23:29:28] warn: Localization 1036 was not found for php.ini auto_prepend_file
[22/04/2025 23:29:28] warn: Localization 1036 was not found for php.ini cgi.fix_pathinfo
[22/04/2025 23:29:28] warn: Localization 1036 was not found for php.ini cgi.force_redirect
[22/04/2025 23:29:28] warn: Localization 1036 was not found for php.ini disable_functions
[22/04/2025 23:29:28] warn: Localization 1036 was not found for php.ini display_errors
[22/04/2025 23:29:28] warn: Localization 1036 was not found for php.ini display_startup_errors
[22/04/2025 23:29:28] warn: Localization 1036 was not found for php.ini enable_dl
[22/04/2025 23:29:28] warn: Localization 1036 was not found for php.ini expose_php
[22/04/2025 23:29:28] warn: Localization 1036 was not found for php.ini log_errors
[22/04/2025 23:29:28] warn: Localization 1036 was not found for php.ini magic_quotes_gpc
[22/04/2025 23:29:28] warn: Localization 1036 was not found for php.ini magic_quotes_runtime
[22/04/2025 23:29:28] warn: Localization 1036 was not found for php.ini magic_quotes_sybase
[22/04/2025 23:29:28] warn: Localization 1036 was not found for php.ini max_execution_time
[22/04/2025 23:29:28] warn: Localization 1036 was not found for php.ini max_input_nesting_level
[22/04/2025 23:29:28] warn: Localization 1036 was not found for php.ini max_input_time
[22/04/2025 23:29:28] warn: Localization 1036 was not found for php.ini memory_limit
[22/04/2025 23:29:28] warn: Localization 1036 was not found for php.ini open_basedir
[22/04/2025 23:29:28] warn: Localization 1036 was not found for php.ini post_max_size
[22/04/2025 23:29:28] warn: Localization 1036 was not found for php.ini register_globals
[22/04/2025 23:29:28] warn: Localization 1036 was not found for php.ini request_order
[22/04/2025 23:29:28] warn: Localization 1036 was not found for php.ini safe_mode
[22/04/2025 23:29:28] warn: Localization 1036 was not found for php.ini session.cookie_httponly
[22/04/2025 23:29:28] warn: Localization 1036 was not found for php.ini session.cookie_lifetime
[22/04/2025 23:29:28] warn: Localization 1036 was not found for php.ini session.cookie_secure
[22/04/2025 23:29:28] warn: Localization 1036 was not found for php.ini session.save_path
[22/04/2025 23:29:28] warn: Localization 1036 was not found for php.ini session.use_cookies
[22/04/2025 23:29:28] warn: Localization 1036 was not found for php.ini session.use_only_cookies
[22/04/2025 23:29:28] warn: Localization 1036 was not found for php.ini session.use_strict_mode
[22/04/2025 23:29:28] warn: Localization 1036 was not found for php.ini session.use_trans_sid
[22/04/2025 23:29:28] warn: Localization 1036 was not found for php.ini upload_max_filesize
[22/04/2025 23:29:28] warn: Localization 1036 was not found for potential vulnerability
[22/04/2025 23:29:28] warn: Localization 1036 was not found for server.xml_tomcat @allowtrace
[22/04/2025 23:29:28] warn: Localization 1036 was not found for server.xml_tomcat @autodeploy
[22/04/2025 23:29:28] warn: Localization 1036 was not found for server.xml_tomcat @clientauth
[22/04/2025 23:29:28] warn: Localization 1036 was not found for server.xml_tomcat @connectiontimeout
[22/04/2025 23:29:28] warn: Localization 1036 was not found for server.xml_tomcat @deployonstartup
[22/04/2025 23:29:28] warn: Localization 1036 was not found for server.xml_tomcat @maxhttpheadersize
[22/04/2025 23:29:28] warn: Localization 1036 was not found for server.xml_tomcat @secure
[22/04/2025 23:29:28] warn: Localization 1036 was not found for server.xml_tomcat @shutdown
[22/04/2025 23:29:28] warn: Localization 1036 was not found for server.xml_tomcat @xpoweredby
[22/04/2025 23:29:28] warn: Localization 1036 was not found for server.xml_websphere @allowlogoutpageredirecttoanyhost
[22/04/2025 23:29:28] warn: Localization 1036 was not found for server.xml_websphere @displayauthenticationrealm
[22/04/2025 23:29:28] warn: Localization 1036 was not found for server.xml_websphere @preservefullyqualifiedreferrerurl
[22/04/2025 23:29:28] warn: Localization 1036 was not found for standalone.xml @default-user
[22/04/2025 23:29:28] warn: Localization 1036 was not found for standalone.xml @display-source-fragment
[22/04/2025 23:29:28] warn: Localization 1036 was not found for standalone.xml @scan-interval
[22/04/2025 23:29:28] warn: Localization 1036 was not found for standalone.xml @value
[22/04/2025 23:29:28] warn: Localization 1036 was not found for standalone.xml @x-powered-by
[22/04/2025 23:29:28] warn: Localization 1036 was not found for web.config @allowoverride
[22/04/2025 23:29:28] warn: Localization 1036 was not found for web.config @cacherolesincookie
[22/04/2025 23:29:28] warn: Localization 1036 was not found for web.config @certificatevalidationmode
[22/04/2025 23:29:28] warn: Localization 1036 was not found for web.config @connectionprotection
[22/04/2025 23:29:28] warn: Localization 1036 was not found for web.config @cookieless
[22/04/2025 23:29:28] warn: Localization 1036 was not found for web.config @cookieprotection
[22/04/2025 23:29:28] warn: Localization 1036 was not found for web.config @cookierequiressl
[22/04/2025 23:29:28] warn: Localization 1036 was not found for web.config @cookieslidingexpiration
[22/04/2025 23:29:28] warn: Localization 1036 was not found for web.config @cookietimeout
[22/04/2025 23:29:28] warn: Localization 1036 was not found for web.config @createpersistentcookie
[22/04/2025 23:29:28] warn: Localization 1036 was not found for web.config @debug
[22/04/2025 23:29:28] warn: Localization 1036 was not found for web.config @decryptionkey
[22/04/2025 23:29:28] warn: Localization 1036 was not found for web.config @enablecrossappredirects
[22/04/2025 23:29:28] warn: Localization 1036 was not found for web.config @enabled
[22/04/2025 23:29:28] warn: Localization 1036 was not found for web.config @enabled[directorybrowse]
[22/04/2025 23:29:28] warn: Localization 1036 was not found for web.config @enableeventvalidation
[22/04/2025 23:29:28] warn: Localization 1036 was not found for web.config @enableheaderchecking
[22/04/2025 23:29:28] warn: Localization 1036 was not found for web.config @enableversionheader
[22/04/2025 23:29:28] warn: Localization 1036 was not found for web.config @enableviewstatemac
[22/04/2025 23:29:28] warn: Localization 1036 was not found for web.config @httponlycookies
[22/04/2025 23:29:28] warn: Localization 1036 was not found for web.config @level
[22/04/2025 23:29:28] warn: Localization 1036 was not found for web.config @maxeventdetaillength
[22/04/2025 23:29:28] warn: Localization 1036 was not found for web.config @maxeventlengthforsimplemessage
[22/04/2025 23:29:28] warn: Localization 1036 was not found for web.config @maxrequestlength
[22/04/2025 23:29:28] warn: Localization 1036 was not found for web.config @maxsizeforsimplemessage
[22/04/2025 23:29:28] warn: Localization 1036 was not found for web.config @minrequirednonalphanumericcharacters
[22/04/2025 23:29:28] warn: Localization 1036 was not found for web.config @minrequiredpasswordlength
[22/04/2025 23:29:28] warn: Localization 1036 was not found for web.config @mode
[22/04/2025 23:29:28] warn: Localization 1036 was not found for web.config @name[@credentials]
[22/04/2025 23:29:28] warn: Localization 1036 was not found for web.config @passwordformat
[22/04/2025 23:29:28] warn: Localization 1036 was not found for web.config @protection
[22/04/2025 23:29:28] warn: Localization 1036 was not found for web.config @requestvalidationmode
[22/04/2025 23:29:28] warn: Localization 1036 was not found for web.config @requiressl
[22/04/2025 23:29:28] warn: Localization 1036 was not found for web.config @requiressl[@authentication]
[22/04/2025 23:29:28] warn: Localization 1036 was not found for web.config @slidingexpiration
[22/04/2025 23:29:28] warn: Localization 1036 was not found for web.config @statuscode
[22/04/2025 23:29:28] warn: Localization 1036 was not found for web.config @timeout
[22/04/2025 23:29:28] warn: Localization 1036 was not found for web.config @type
[22/04/2025 23:29:28] warn: Localization 1036 was not found for web.config @username[@identity]
[22/04/2025 23:29:28] warn: Localization 1036 was not found for web.config @users
[22/04/2025 23:29:28] warn: Localization 1036 was not found for web.config @useunsafeheaderparsing
[22/04/2025 23:29:28] warn: Localization 1036 was not found for web.config @validaterequest
[22/04/2025 23:29:28] warn: Localization 1036 was not found for web.config @validation
[22/04/2025 23:29:28] warn: Localization 1036 was not found for web.config @validationkey
[22/04/2025 23:29:28] warn: Localization 1036 was not found for web.config @value
[22/04/2025 23:29:28] warn: Localization 1036 was not found for web.config @value[@accesscontrolalloworiginheader]
[22/04/2025 23:29:28] warn: Localization 1036 was not found for web.config @value[@aspnetcore_environment]
[22/04/2025 23:29:28] warn: Localization 1036 was not found for web.config @value[uselegacyencryption]
[22/04/2025 23:29:28] warn: Localization 1036 was not found for web.config @value[x-frame-options]
[22/04/2025 23:29:28] warn: Localization 1036 was not found for web.config @viewstateencryptionmode
[22/04/2025 23:29:28] warn: Localization 1036 was not found for web.config ciphervalue[@sessionstate]
[22/04/2025 23:29:28] warn: Localization 1036 was not found for web.config remove/@name[documentation]
[22/04/2025 23:29:28] warn: Localization 1036 was not found for web.config remove/@name[x-powered-by]
[22/04/2025 23:29:28] warn: Localization 1036 was not found for web.xml error-code
[22/04/2025 23:29:28] warn: Localization 1036 was not found for web.xml http-method
[22/04/2025 23:29:28] warn: Localization 1036 was not found for web.xml http-only
[22/04/2025 23:29:28] warn: Localization 1036 was not found for web.xml param-value
[22/04/2025 23:29:28] warn: Localization 1036 was not found for web.xml secure
[22/04/2025 23:29:28] warn: Localization 1036 was not found for web.xml session-timeout
[22/04/2025 23:29:28] warn: Localization 1036 was not found for web.xml tracking-mode
[22/04/2025 23:29:28] warn: Localization 1036 was not found for web.xml transport-guarantee
[22/04/2025 23:29:28] info: Clean up logs files was started
[22/04/2025 23:29:28] info: Clean up logs files was finished
