[08/04/2025 00:46:15] info: Logging was started to file.
[08/04/2025 00:46:15] info: Start application inspector initialization
[08/04/2025 00:46:15] info: Hide developer mode UI
[08/04/2025 00:46:15] info: Infrastructure Configurations: {"port":8000,"infrastructureAssemblyFolderPath":"C:\\Users\\kokou\\AppData\\Local\\Application Inspector Analyzer","applicationResourcesFolderPath":"C:\\Users\\kokou\\AppData\\Local\\Application Inspector Analyzer","scanTargetFolderPath":"c:\\Users\\kokou\\Nextcloud3\\AZ400","isDebugging":false,"logLevel":{"i2_1":"Error","j2_1":5,"type":5,"key":"Settings.LogLevel.Error.Text"},"logDir":"c:\\Users\\kokou\\Nextcloud3\\AZ400\\.ai\\Logs\\Infrastructure\\2025-04-08-00-46-15","tipsFoundNotificationThreshold":1000,"similarIssuesFoundNotificationThreshold":1000,"applicationLocalDataFolderPath":"c:\\Users\\kokou\\Nextcloud3\\AZ400\\.ai"}
[08/04/2025 00:46:15] info: Start infrastructure initialization
[08/04/2025 00:46:17] info: Infrastructure was started
[08/04/2025 00:46:25] info: Initialize aie integration isn't initialized
[08/04/2025 00:46:25] info: Infrastructure was initialized
[08/04/2025 00:46:25] info: Infrastructure Installer was deleted
[08/04/2025 00:46:26] warn: Localization 1036 was not found for apache mod_negotiation resource location disclosure
[08/04/2025 00:46:26] warn: Localization 1036 was not found for arbitrary directory copying
[08/04/2025 00:46:26] warn: Localization 1036 was not found for arbitrary directory creation
[08/04/2025 00:46:26] warn: Localization 1036 was not found for arbitrary directory deletion
[08/04/2025 00:46:26] warn: Localization 1036 was not found for arbitrary directory listing
[08/04/2025 00:46:26] warn: Localization 1036 was not found for arbitrary directory moving
[08/04/2025 00:46:26] warn: Localization 1036 was not found for arbitrary file copying
[08/04/2025 00:46:26] warn: Localization 1036 was not found for arbitrary file creation
[08/04/2025 00:46:26] warn: Localization 1036 was not found for arbitrary file deletion
[08/04/2025 00:46:26] warn: Localization 1036 was not found for arbitrary file modification
[08/04/2025 00:46:26] warn: Localization 1036 was not found for arbitrary file moving
[08/04/2025 00:46:26] warn: Localization 1036 was not found for arbitrary file reading
[08/04/2025 00:46:26] warn: Localization 1036 was not found for cookie injection
[08/04/2025 00:46:26] warn: Localization 1036 was not found for credentials brute-force
[08/04/2025 00:46:26] warn: Localization 1036 was not found for cross-site request forgery
[08/04/2025 00:46:26] warn: Localization 1036 was not found for cross-site scripting
[08/04/2025 00:46:26] warn: Localization 1036 was not found for cursor injection
[08/04/2025 00:46:26] warn: Localization 1036 was not found for cursor sqli
[08/04/2025 00:46:26] warn: Localization 1036 was not found for default
[08/04/2025 00:46:26] warn: Localization 1036 was not found for denial of service
[08/04/2025 00:46:26] warn: Localization 1036 was not found for deserialization of untrusted data
[08/04/2025 00:46:26] warn: Localization 1036 was not found for df
[08/04/2025 00:46:26] warn: Localization 1036 was not found for djangoorminjection
[08/04/2025 00:46:26] warn: Localization 1036 was not found for dll injection
[08/04/2025 00:46:26] warn: Localization 1036 was not found for double free
[08/04/2025 00:46:26] warn: Localization 1036 was not found for dynamic code injection
[08/04/2025 00:46:26] warn: Localization 1036 was not found for dynamic query injection
[08/04/2025 00:46:26] warn: Localization 1036 was not found for external control of configuration
[08/04/2025 00:46:26] warn: Localization 1036 was not found for fingerprinting
[08/04/2025 00:46:26] warn: Localization 1036 was not found for format string
[08/04/2025 00:46:26] warn: Localization 1036 was not found for hardcoded password
[08/04/2025 00:46:26] warn: Localization 1036 was not found for heap overflow
[08/04/2025 00:46:26] warn: Localization 1036 was not found for http header injection
[08/04/2025 00:46:26] warn: Localization 1036 was not found for http request splitting
[08/04/2025 00:46:26] warn: Localization 1036 was not found for http response splitting
[08/04/2025 00:46:26] warn: Localization 1036 was not found for improper access control taint
[08/04/2025 00:46:26] warn: Localization 1036 was not found for improper resource shutdown or release
[08/04/2025 00:46:26] warn: Localization 1036 was not found for information exposure
[08/04/2025 00:46:26] warn: Localization 1036 was not found for injection
[08/04/2025 00:46:26] warn: Localization 1036 was not found for insecure direct object references
[08/04/2025 00:46:26] warn: Localization 1036 was not found for insufficient session expiration
[08/04/2025 00:46:26] warn: Localization 1036 was not found for integer overflow
[08/04/2025 00:46:26] warn: Localization 1036 was not found for ldap injection
[08/04/2025 00:46:26] warn: Localization 1036 was not found for like injection
[08/04/2025 00:46:26] warn: Localization 1036 was not found for linq injection
[08/04/2025 00:46:26] warn: Localization 1036 was not found for local file inclusion
[08/04/2025 00:46:26] warn: Localization 1036 was not found for log forging
[08/04/2025 00:46:26] warn: Localization 1036 was not found for nosql injection
[08/04/2025 00:46:26] warn: Localization 1036 was not found for null dereference
[08/04/2025 00:46:26] warn: Localization 1036 was not found for object injection
[08/04/2025 00:46:26] warn: Localization 1036 was not found for open redirect
[08/04/2025 00:46:26] warn: Localization 1036 was not found for orm injection
[08/04/2025 00:46:26] warn: Localization 1036 was not found for os commanding
[08/04/2025 00:46:26] warn: Localization 1036 was not found for padding oracle attack
[08/04/2025 00:46:26] warn: Localization 1036 was not found for path traversal
[08/04/2025 00:46:26] warn: Localization 1036 was not found for persistent cookie exposing
[08/04/2025 00:46:26] warn: Localization 1036 was not found for potential path traversal
[08/04/2025 00:46:26] warn: Localization 1036 was not found for process control
[08/04/2025 00:46:26] warn: Localization 1036 was not found for redos
[08/04/2025 00:46:26] warn: Localization 1036 was not found for remote code execution
[08/04/2025 00:46:26] warn: Localization 1036 was not found for remote file inclusion
[08/04/2025 00:46:26] warn: Localization 1036 was not found for resource exhaustion
[08/04/2025 00:46:26] warn: Localization 1036 was not found for resource location brute-force
[08/04/2025 00:46:26] warn: Localization 1036 was not found for server-side request forgery
[08/04/2025 00:46:26] warn: Localization 1036 was not found for server-side template injection
[08/04/2025 00:46:26] warn: Localization 1036 was not found for serverfingerprinting
[08/04/2025 00:46:26] warn: Localization 1036 was not found for session management weakness
[08/04/2025 00:46:26] warn: Localization 1036 was not found for shellshock
[08/04/2025 00:46:26] warn: Localization 1036 was not found for smtp header injection
[08/04/2025 00:46:26] warn: Localization 1036 was not found for sql injection
[08/04/2025 00:46:26] warn: Localization 1036 was not found for sqli
[08/04/2025 00:46:26] warn: Localization 1036 was not found for stack overflow
[08/04/2025 00:46:26] warn: Localization 1036 was not found for uaf
[08/04/2025 00:46:26] warn: Localization 1036 was not found for uncontrolled data manipulation
[08/04/2025 00:46:26] warn: Localization 1036 was not found for uncontrolled env var modification
[08/04/2025 00:46:26] warn: Localization 1036 was not found for unrestricted file upload
[08/04/2025 00:46:26] warn: Localization 1036 was not found for use after free
[08/04/2025 00:46:26] warn: Localization 1036 was not found for webview xss taint
[08/04/2025 00:46:26] warn: Localization 1036 was not found for xml entity expansion
[08/04/2025 00:46:26] warn: Localization 1036 was not found for xml external entity
[08/04/2025 00:46:26] warn: Localization 1036 was not found for xpath injection
[08/04/2025 00:46:26] warn: Localization 1036 was not found for xquery injection
[08/04/2025 00:46:26] warn: Localization 1036 was not found for 100
[08/04/2025 00:46:26] warn: Localization 1036 was not found for 101
[08/04/2025 00:46:26] warn: Localization 1036 was not found for 102
[08/04/2025 00:46:26] warn: Localization 1036 was not found for 103
[08/04/2025 00:46:26] warn: Localization 1036 was not found for 104
[08/04/2025 00:46:26] warn: Localization 1036 was not found for 105
[08/04/2025 00:46:26] warn: Localization 1036 was not found for 107
[08/04/2025 00:46:26] warn: Localization 1036 was not found for 108
[08/04/2025 00:46:26] warn: Localization 1036 was not found for 109
[08/04/2025 00:46:26] warn: Localization 1036 was not found for 111
[08/04/2025 00:46:26] warn: Localization 1036 was not found for 113
[08/04/2025 00:46:26] warn: Localization 1036 was not found for 114
[08/04/2025 00:46:26] warn: Localization 1036 was not found for 116
[08/04/2025 00:46:26] warn: Localization 1036 was not found for 117
[08/04/2025 00:46:26] warn: Localization 1036 was not found for 118
[08/04/2025 00:46:26] warn: Localization 1036 was not found for 120
[08/04/2025 00:46:26] warn: Localization 1036 was not found for 122
[08/04/2025 00:46:26] warn: Localization 1036 was not found for 123
[08/04/2025 00:46:26] warn: Localization 1036 was not found for 124
[08/04/2025 00:46:26] warn: Localization 1036 was not found for 125
[08/04/2025 00:46:26] warn: Localization 1036 was not found for 127
[08/04/2025 00:46:26] warn: Localization 1036 was not found for 128
[08/04/2025 00:46:26] warn: Localization 1036 was not found for 129
[08/04/2025 00:46:26] warn: Localization 1036 was not found for 130
[08/04/2025 00:46:26] warn: Localization 1036 was not found for 135
[08/04/2025 00:46:26] warn: Localization 1036 was not found for 138
[08/04/2025 00:46:26] warn: Localization 1036 was not found for 139
[08/04/2025 00:46:26] warn: Localization 1036 was not found for 140
[08/04/2025 00:46:26] warn: Localization 1036 was not found for 141
[08/04/2025 00:46:26] warn: Localization 1036 was not found for 142
[08/04/2025 00:46:26] warn: Localization 1036 was not found for 144
[08/04/2025 00:46:26] warn: Localization 1036 was not found for 145
[08/04/2025 00:46:26] warn: Localization 1036 was not found for 146
[08/04/2025 00:46:26] warn: Localization 1036 was not found for 147
[08/04/2025 00:46:26] warn: Localization 1036 was not found for 148
[08/04/2025 00:46:26] warn: Localization 1036 was not found for 149
[08/04/2025 00:46:26] warn: Localization 1036 was not found for 150
[08/04/2025 00:46:26] warn: Localization 1036 was not found for 151
[08/04/2025 00:46:26] warn: Localization 1036 was not found for 152
[08/04/2025 00:46:26] warn: Localization 1036 was not found for 153
[08/04/2025 00:46:26] warn: Localization 1036 was not found for 154
[08/04/2025 00:46:26] warn: Localization 1036 was not found for 156
[08/04/2025 00:46:26] warn: Localization 1036 was not found for 157
[08/04/2025 00:46:26] warn: Localization 1036 was not found for 158
[08/04/2025 00:46:26] warn: Localization 1036 was not found for 159
[08/04/2025 00:46:26] warn: Localization 1036 was not found for 160
[08/04/2025 00:46:26] warn: Localization 1036 was not found for 161
[08/04/2025 00:46:26] warn: Localization 1036 was not found for 162
[08/04/2025 00:46:26] warn: Localization 1036 was not found for 163
[08/04/2025 00:46:26] warn: Localization 1036 was not found for 164
[08/04/2025 00:46:26] warn: Localization 1036 was not found for 165
[08/04/2025 00:46:26] warn: Localization 1036 was not found for 200
[08/04/2025 00:46:26] warn: Localization 1036 was not found for 24544
[08/04/2025 00:46:26] warn: Localization 1036 was not found for 24545
[08/04/2025 00:46:26] warn: Localization 1036 was not found for 24546
[08/04/2025 00:46:26] warn: Localization 1036 was not found for 24547
[08/04/2025 00:46:26] warn: Localization 1036 was not found for 24548
[08/04/2025 00:46:26] warn: Localization 1036 was not found for 24549
[08/04/2025 00:46:26] warn: Localization 1036 was not found for 24550
[08/04/2025 00:46:26] warn: Localization 1036 was not found for 24551
[08/04/2025 00:46:26] warn: Localization 1036 was not found for 24552
[08/04/2025 00:46:26] warn: Localization 1036 was not found for 24553
[08/04/2025 00:46:26] warn: Localization 1036 was not found for 24554
[08/04/2025 00:46:26] warn: Localization 1036 was not found for 24555
[08/04/2025 00:46:26] warn: Localization 1036 was not found for 24556
[08/04/2025 00:46:26] warn: Localization 1036 was not found for 24557
[08/04/2025 00:46:26] warn: Localization 1036 was not found for 24558
[08/04/2025 00:46:26] warn: Localization 1036 was not found for 24559
[08/04/2025 00:46:26] warn: Localization 1036 was not found for 24560
[08/04/2025 00:46:26] warn: Localization 1036 was not found for 24561
[08/04/2025 00:46:26] warn: Localization 1036 was not found for 24562
[08/04/2025 00:46:26] warn: Localization 1036 was not found for 24563
[08/04/2025 00:46:26] warn: Localization 1036 was not found for 24564
[08/04/2025 00:46:26] warn: Localization 1036 was not found for 24565
[08/04/2025 00:46:26] warn: Localization 1036 was not found for 24566
[08/04/2025 00:46:26] warn: Localization 1036 was not found for 24567
[08/04/2025 00:46:26] warn: Localization 1036 was not found for 24568
[08/04/2025 00:46:26] warn: Localization 1036 was not found for 305
[08/04/2025 00:46:26] warn: Localization 1036 was not found for 96
[08/04/2025 00:46:26] warn: Localization 1036 was not found for 97
[08/04/2025 00:46:26] warn: Localization 1036 was not found for 98
[08/04/2025 00:46:26] warn: Localization 1036 was not found for 99
[08/04/2025 00:46:26] warn: Localization 1036 was not found for attributes code inside addeventlistener
[08/04/2025 00:46:26] warn: Localization 1036 was not found for attributes code inside attachevent
[08/04/2025 00:46:26] warn: Localization 1036 was not found for attributes code inside createattribute
[08/04/2025 00:46:26] warn: Localization 1036 was not found for attributes code inside element event
[08/04/2025 00:46:26] warn: Localization 1036 was not found for attributes code inside setattribute
[08/04/2025 00:46:26] warn: Localization 1036 was not found for attributes code inside setattributens
[08/04/2025 00:46:26] warn: Localization 1036 was not found for buffer overflow
[08/04/2025 00:46:26] warn: Localization 1036 was not found for buffer overflow in python
[08/04/2025 00:46:26] warn: Localization 1036 was not found for buffer overflow pm
[08/04/2025 00:46:26] warn: Localization 1036 was not found for class defines clone but not implement cloneable
[08/04/2025 00:46:26] warn: Localization 1036 was not found for csrf protection disabled
[08/04/2025 00:46:26] warn: Localization 1036 was not found for cursor snarfing plsql
[08/04/2025 00:46:26] warn: Localization 1036 was not found for cursor snarfing tsql
[08/04/2025 00:46:26] warn: Localization 1036 was not found for dangerous function plsql
[08/04/2025 00:46:26] warn: Localization 1036 was not found for dangerous function tsql
[08/04/2025 00:46:26] warn: Localization 1036 was not found for debug information leakage
[08/04/2025 00:46:26] warn: Localization 1036 was not found for debug mode python
[08/04/2025 00:46:26] warn: Localization 1036 was not found for deprecated functions objc
[08/04/2025 00:46:26] warn: Localization 1036 was not found for deserialization of untrusted data pm
[08/04/2025 00:46:26] warn: Localization 1036 was not found for deserialization of untrusted data pm python
[08/04/2025 00:46:26] warn: Localization 1036 was not found for detection of error condition without action
[08/04/2025 00:46:26] warn: Localization 1036 was not found for direct use of threads
[08/04/2025 00:46:26] warn: Localization 1036 was not found for directorytraversalcreatereadstream
[08/04/2025 00:46:26] warn: Localization 1036 was not found for directorytraversalreadfile
[08/04/2025 00:46:26] warn: Localization 1036 was not found for disabling ssl certificate checks
[08/04/2025 00:46:26] warn: Localization 1036 was not found for disabling ssl certificate checks c
[08/04/2025 00:46:26] warn: Localization 1036 was not found for disabling ssl-tls certificate checks go
[08/04/2025 00:46:26] warn: Localization 1036 was not found for divide by zero
[08/04/2025 00:46:26] warn: Localization 1036 was not found for dom modification contextual fragment
[08/04/2025 00:46:26] warn: Localization 1036 was not found for dom modification html tag
[08/04/2025 00:46:26] warn: Localization 1036 was not found for dom modification selected position
[08/04/2025 00:46:26] warn: Localization 1036 was not found for dom modification string inside document
[08/04/2025 00:46:26] warn: Localization 1036 was not found for download of code without integrity check
[08/04/2025 00:46:26] warn: Localization 1036 was not found for embedded malicious code
[08/04/2025 00:46:26] warn: Localization 1036 was not found for empty default exception handler
[08/04/2025 00:46:26] warn: Localization 1036 was not found for erroneous null comparison
[08/04/2025 00:46:26] warn: Localization 1036 was not found for exposure of data element to wrong session
[08/04/2025 00:46:26] warn: Localization 1036 was not found for exposure of system data to an unauthorized control sphere
[08/04/2025 00:46:26] warn: Localization 1036 was not found for external control of file name or path
[08/04/2025 00:46:26] warn: Localization 1036 was not found for file snarfing plsql
[08/04/2025 00:46:26] warn: Localization 1036 was not found for format string pm
[08/04/2025 00:46:26] warn: Localization 1036 was not found for forwarding via location
[08/04/2025 00:46:26] warn: Localization 1036 was not found for forwarding via location function
[08/04/2025 00:46:26] warn: Localization 1036 was not found for forwarding via opening new tab
[08/04/2025 00:46:26] warn: Localization 1036 was not found for ftpusage
[08/04/2025 00:46:26] warn: Localization 1036 was not found for go weak cryptographic hash
[08/04/2025 00:46:26] warn: Localization 1036 was not found for hardcoded initialization vector
[08/04/2025 00:46:26] warn: Localization 1036 was not found for hardcoded key
[08/04/2025 00:46:26] warn: Localization 1036 was not found for hardcoded password kotlin
[08/04/2025 00:46:26] warn: Localization 1036 was not found for hardcoded password pm
[08/04/2025 00:46:26] warn: Localization 1036 was not found for hardcoded pbkdf password
[08/04/2025 00:46:26] warn: Localization 1036 was not found for headerinjection
[08/04/2025 00:46:26] warn: Localization 1036 was not found for improper access control
[08/04/2025 00:46:26] warn: Localization 1036 was not found for improper access control c
[08/04/2025 00:46:26] warn: Localization 1036 was not found for improper certificate validation
[08/04/2025 00:46:26] warn: Localization 1036 was not found for improper check for unusual or exceptional conditions
[08/04/2025 00:46:26] warn: Localization 1036 was not found for improperly implemented security check for standard
[08/04/2025 00:46:26] warn: Localization 1036 was not found for include interface ssl
[08/04/2025 00:46:26] warn: Localization 1036 was not found for incorrect permission assignment for critical resource
[08/04/2025 00:46:26] warn: Localization 1036 was not found for incorrect permission assignment for critical resource 1
[08/04/2025 00:46:26] warn: Localization 1036 was not found for incorrect permission assignment for critical resource go
[08/04/2025 00:46:26] warn: Localization 1036 was not found for incorrect permission assignment for critical resource java
[08/04/2025 00:46:26] warn: Localization 1036 was not found for incorrect unix api using
[08/04/2025 00:46:26] warn: Localization 1036 was not found for incorrect usage of seeds in pseudo-random number generator
[08/04/2025 00:46:26] warn: Localization 1036 was not found for incorrectpermissionassignmentphp
[08/04/2025 00:46:26] warn: Localization 1036 was not found for information exposure pm
[08/04/2025 00:46:26] warn: Localization 1036 was not found for information exposure through an error message
[08/04/2025 00:46:26] warn: Localization 1036 was not found for information exposure through comments
[08/04/2025 00:46:26] warn: Localization 1036 was not found for information exposure through persistent cookies
[08/04/2025 00:46:26] warn: Localization 1036 was not found for information exposure through persistent cookies 1
[08/04/2025 00:46:26] warn: Localization 1036 was not found for information exposure through static content
[08/04/2025 00:46:26] warn: Localization 1036 was not found for informationexposureviaexception
[08/04/2025 00:46:26] warn: Localization 1036 was not found for insecure cipher key export
[08/04/2025 00:46:26] warn: Localization 1036 was not found for insecure connection protocol
[08/04/2025 00:46:26] warn: Localization 1036 was not found for insecure cookie 1
[08/04/2025 00:46:26] warn: Localization 1036 was not found for insecure cookie 2
[08/04/2025 00:46:26] warn: Localization 1036 was not found for insecure cookie scope
[08/04/2025 00:46:26] warn: Localization 1036 was not found for insecure data storage
[08/04/2025 00:46:26] warn: Localization 1036 was not found for insecure data storage objc simple
[08/04/2025 00:46:26] warn: Localization 1036 was not found for insecure network binding
[08/04/2025 00:46:26] warn: Localization 1036 was not found for insecure randomness ojbc
[08/04/2025 00:46:26] warn: Localization 1036 was not found for insecure randomness plsql
[08/04/2025 00:46:26] warn: Localization 1036 was not found for insecure randomness tsql
[08/04/2025 00:46:26] warn: Localization 1036 was not found for insecure rsa padding
[08/04/2025 00:46:26] warn: Localization 1036 was not found for insecure rsa padding 1
[08/04/2025 00:46:26] warn: Localization 1036 was not found for insecure ssl connection
[08/04/2025 00:46:26] warn: Localization 1036 was not found for insecure ssl connection 1
[08/04/2025 00:46:26] warn: Localization 1036 was not found for insecure ssl protocol
[08/04/2025 00:46:26] warn: Localization 1036 was not found for insecure transport java
[08/04/2025 00:46:26] warn: Localization 1036 was not found for insecure usage of jinja templates
[08/04/2025 00:46:26] warn: Localization 1036 was not found for insecure usage of mako templates
[08/04/2025 00:46:26] warn: Localization 1036 was not found for insecure validation functions
[08/04/2025 00:46:26] warn: Localization 1036 was not found for insecure validation functions 1
[08/04/2025 00:46:26] warn: Localization 1036 was not found for insecure work with temporary files
[08/04/2025 00:46:26] warn: Localization 1036 was not found for insecureevalpython
[08/04/2025 00:46:26] warn: Localization 1036 was not found for insufficient cors policy
[08/04/2025 00:46:26] warn: Localization 1036 was not found for insufficient encryption key length
[08/04/2025 00:46:26] warn: Localization 1036 was not found for insufficient encryption key length 1
[08/04/2025 00:46:26] warn: Localization 1036 was not found for insufficient key size go
[08/04/2025 00:46:26] warn: Localization 1036 was not found for insufficient logging&monitoring
[08/04/2025 00:46:26] warn: Localization 1036 was not found for insufficient session expiration pm
[08/04/2025 00:46:26] warn: Localization 1036 was not found for insufficientencryptionkeylength
[08/04/2025 00:46:26] warn: Localization 1036 was not found for integer overflow pm
[08/04/2025 00:46:26] warn: Localization 1036 was not found for jquery function that adds element
[08/04/2025 00:46:26] warn: Localization 1036 was not found for jquery function that replaces element
[08/04/2025 00:46:26] warn: Localization 1036 was not found for jquery html inside dom
[08/04/2025 00:46:26] warn: Localization 1036 was not found for jquery unsafe functions for dom
[08/04/2025 00:46:26] warn: Localization 1036 was not found for jquery wrap element to html
[08/04/2025 00:46:26] warn: Localization 1036 was not found for json-test
[08/04/2025 00:46:26] warn: Localization 1036 was not found for lack of the host key verification go
[08/04/2025 00:46:26] warn: Localization 1036 was not found for least privilege violation
[08/04/2025 00:46:26] warn: Localization 1036 was not found for leftover debug code
[08/04/2025 00:46:26] warn: Localization 1036 was not found for marksafepython
[08/04/2025 00:46:26] warn: Localization 1036 was not found for memory leak
[08/04/2025 00:46:26] warn: Localization 1036 was not found for method without super clone
[08/04/2025 00:46:26] warn: Localization 1036 was not found for method without super finalize
[08/04/2025 00:46:26] warn: Localization 1036 was not found for missing auth localized reason
[08/04/2025 00:46:26] warn: Localization 1036 was not found for missing encryption of sensitive data
[08/04/2025 00:46:26] warn: Localization 1036 was not found for none
[08/04/2025 00:46:26] warn: Localization 1036 was not found for notlsreject
[08/04/2025 00:46:26] warn: Localization 1036 was not found for nslog using
[08/04/2025 00:46:26] warn: Localization 1036 was not found for null dereference pattern
[08/04/2025 00:46:26] warn: Localization 1036 was not found for null pbkdf password
[08/04/2025 00:46:26] warn: Localization 1036 was not found for obsolete function
[08/04/2025 00:46:26] warn: Localization 1036 was not found for openredirect
[08/04/2025 00:46:26] warn: Localization 1036 was not found for overly broad grant
[08/04/2025 00:46:26] warn: Localization 1036 was not found for override equals method without hashcode
[08/04/2025 00:46:26] warn: Localization 1036 was not found for pattern matching
[08/04/2025 00:46:26] warn: Localization 1036 was not found for php pm sensitive cookie in https session without ‘secure’ attribute
[08/04/2025 00:46:26] warn: Localization 1036 was not found for plaintext storage of a password
[08/04/2025 00:46:26] warn: Localization 1036 was not found for plaintext storage of a password 1
[08/04/2025 00:46:26] warn: Localization 1036 was not found for play 1 html xss
[08/04/2025 00:46:26] warn: Localization 1036 was not found for play 2 html xss
[08/04/2025 00:46:26] warn: Localization 1036 was not found for poor logging practice logger
[08/04/2025 00:46:26] warn: Localization 1036 was not found for poor logging practice system
[08/04/2025 00:46:26] warn: Localization 1036 was not found for possible rce through sql injection
[08/04/2025 00:46:26] warn: Localization 1036 was not found for private array typed field returned from a public method
[08/04/2025 00:46:26] warn: Localization 1036 was not found for public data assigned to private array typed field
[08/04/2025 00:46:26] warn: Localization 1036 was not found for python weak cryptographic hash
[08/04/2025 00:46:26] warn: Localization 1036 was not found for python2input
[08/04/2025 00:46:26] warn: Localization 1036 was not found for pythonassertion
[08/04/2025 00:46:26] warn: Localization 1036 was not found for reflectedcrosssitescripting
[08/04/2025 00:46:26] warn: Localization 1036 was not found for reliance on dns lookups in a security decision
[08/04/2025 00:46:26] warn: Localization 1036 was not found for return of stack variable address
[08/04/2025 00:46:26] warn: Localization 1036 was not found for reversible one way hash
[08/04/2025 00:46:26] warn: Localization 1036 was not found for sensitive cookie in https session without ‘secure’ attribute
[08/04/2025 00:46:26] warn: Localization 1036 was not found for sensitive cookie in https session without httponly attribute
[08/04/2025 00:46:26] warn: Localization 1036 was not found for sensitive cookie in https session without secure attribute
[08/04/2025 00:46:26] warn: Localization 1036 was not found for serversideinjectioneval
[08/04/2025 00:46:26] warn: Localization 1036 was not found for serversideinjectionfunction
[08/04/2025 00:46:26] warn: Localization 1036 was not found for serversideinjectionsetinterval
[08/04/2025 00:46:26] warn: Localization 1036 was not found for serversideinjectionsettimeout
[08/04/2025 00:46:26] warn: Localization 1036 was not found for serversideinjectionyaml
[08/04/2025 00:46:26] warn: Localization 1036 was not found for ssl configuration flaws
[08/04/2025 00:46:26] warn: Localization 1036 was not found for static random number generator
[08/04/2025 00:46:26] warn: Localization 1036 was not found for time of check time of use race condition
[08/04/2025 00:46:26] warn: Localization 1036 was not found for trust boundary violation
[08/04/2025 00:46:26] warn: Localization 1036 was not found for type confusion
[08/04/2025 00:46:26] warn: Localization 1036 was not found for uncontrolled memory allocation
[08/04/2025 00:46:26] warn: Localization 1036 was not found for uncontrolled recursion
[08/04/2025 00:46:26] warn: Localization 1036 was not found for unreachable code
[08/04/2025 00:46:26] warn: Localization 1036 was not found for unsafe cross-origin resource sharing
[08/04/2025 00:46:26] warn: Localization 1036 was not found for unsafe reflection
[08/04/2025 00:46:26] warn: Localization 1036 was not found for unsalted one way hash
[08/04/2025 00:46:26] warn: Localization 1036 was not found for unsalted one way hash 1
[08/04/2025 00:46:26] warn: Localization 1036 was not found for unsaltedonewayhash
[08/04/2025 00:46:26] warn: Localization 1036 was not found for unused var
[08/04/2025 00:46:26] warn: Localization 1036 was not found for urllibusagepython
[08/04/2025 00:46:26] warn: Localization 1036 was not found for use broken crypto
[08/04/2025 00:46:26] warn: Localization 1036 was not found for use of a broken or risky cryptographic algorithm
[08/04/2025 00:46:26] warn: Localization 1036 was not found for use of a broken or risky cryptographic algorithm 1
[08/04/2025 00:46:26] warn: Localization 1036 was not found for use of a broken or risky cryptographic algorithm 2
[08/04/2025 00:46:26] warn: Localization 1036 was not found for use of a broken or risky cryptographic algorithm 3
[08/04/2025 00:46:26] warn: Localization 1036 was not found for use of a broken or risky cryptographic algorithm 4
[08/04/2025 00:46:26] warn: Localization 1036 was not found for use of a broken or risky cryptographic algorithm 5
[08/04/2025 00:46:26] warn: Localization 1036 was not found for use of a broken or risky cryptographic algorithm 6
[08/04/2025 00:46:26] warn: Localization 1036 was not found for use of a broken or risky cryptographic algorithm go
[08/04/2025 00:46:26] warn: Localization 1036 was not found for use of function with inconsistent implementations
[08/04/2025 00:46:26] warn: Localization 1036 was not found for use of hardcoded cryptographic key
[08/04/2025 00:46:26] warn: Localization 1036 was not found for use of insufficiently random values
[08/04/2025 00:46:26] warn: Localization 1036 was not found for use of insufficiently random values 1
[08/04/2025 00:46:26] warn: Localization 1036 was not found for use of insufficiently random values 2
[08/04/2025 00:46:26] warn: Localization 1036 was not found for use of nullpointerexception catch
[08/04/2025 00:46:26] warn: Localization 1036 was not found for use of obsolete function 1
[08/04/2025 00:46:26] warn: Localization 1036 was not found for use of system exit
[08/04/2025 00:46:26] warn: Localization 1036 was not found for use of uninitialized variable
[08/04/2025 00:46:26] warn: Localization 1036 was not found for user driven insecure hash algorithm
[08/04/2025 00:46:26] warn: Localization 1036 was not found for user driven insecure hash algorithm 1
[08/04/2025 00:46:26] warn: Localization 1036 was not found for vulnerable template module
[08/04/2025 00:46:26] warn: Localization 1036 was not found for weak crypto api objc
[08/04/2025 00:46:26] warn: Localization 1036 was not found for weak crypto hash api objc
[08/04/2025 00:46:26] warn: Localization 1036 was not found for weak crypto iv objc
[08/04/2025 00:46:26] warn: Localization 1036 was not found for weak crypto key objc
[08/04/2025 00:46:26] warn: Localization 1036 was not found for weak cryptographic algorithm 1
[08/04/2025 00:46:26] warn: Localization 1036 was not found for weak cryptographic hash
[08/04/2025 00:46:26] warn: Localization 1036 was not found for weak cryptographic hash plsql
[08/04/2025 00:46:26] warn: Localization 1036 was not found for weak cryptographic hash tsql
[08/04/2025 00:46:26] warn: Localization 1036 was not found for weak hmac key objc
[08/04/2025 00:46:26] warn: Localization 1036 was not found for weak password requirements
[08/04/2025 00:46:26] warn: Localization 1036 was not found for weak pbkdf salt
[08/04/2025 00:46:26] warn: Localization 1036 was not found for weak rsa objc
[08/04/2025 00:46:26] warn: Localization 1036 was not found for weakhashcrypto
[08/04/2025 00:46:26] warn: Localization 1036 was not found for weakhashcryptojs
[08/04/2025 00:46:26] warn: Localization 1036 was not found for webforms validaterequest
[08/04/2025 00:46:26] warn: Localization 1036 was not found for webview xss
[08/04/2025 00:46:26] warn: Localization 1036 was not found for xml external entity pm
[08/04/2025 00:46:26] warn: Localization 1036 was not found for xss protection disabled
[08/04/2025 00:46:26] warn: Localization 1036 was not found for yaml load
[08/04/2025 00:46:26] warn: Localization 1036 was not found for .htaccess addhandler
[08/04/2025 00:46:26] warn: Localization 1036 was not found for .htaccess addtype
[08/04/2025 00:46:26] warn: Localization 1036 was not found for .htaccess options
[08/04/2025 00:46:26] warn: Localization 1036 was not found for .htaccess php_value
[08/04/2025 00:46:26] warn: Localization 1036 was not found for .htaccess serversignature
[08/04/2025 00:46:26] warn: Localization 1036 was not found for android_manifest.xml @android:allowbackup
[08/04/2025 00:46:26] warn: Localization 1036 was not found for android_manifest.xml @android:debuggable
[08/04/2025 00:46:26] warn: Localization 1036 was not found for android_manifest.xml @android:exported
[08/04/2025 00:46:26] warn: Localization 1036 was not found for android_manifest.xml @android:exported[provider]
[08/04/2025 00:46:26] warn: Localization 1036 was not found for android_manifest.xml @android:protectionlevel
[08/04/2025 00:46:26] warn: Localization 1036 was not found for android_manifest.xml @android:scheme
[08/04/2025 00:46:26] warn: Localization 1036 was not found for android_networksecurityconfig.xml @src
[08/04/2025 00:46:26] warn: Localization 1036 was not found for apache.conf addhandler
[08/04/2025 00:46:26] warn: Localization 1036 was not found for apache.conf addtype
[08/04/2025 00:46:26] warn: Localization 1036 was not found for apache.conf loadmodule
[08/04/2025 00:46:26] warn: Localization 1036 was not found for apache.conf options
[08/04/2025 00:46:26] warn: Localization 1036 was not found for apache.conf php_value
[08/04/2025 00:46:26] warn: Localization 1036 was not found for apache.conf serversignature
[08/04/2025 00:46:26] warn: Localization 1036 was not found for apache.conf servertokens
[08/04/2025 00:46:26] warn: Localization 1036 was not found for apache.conf traceenable
[08/04/2025 00:46:26] warn: Localization 1036 was not found for applicationhost.config @accesspolicy
[08/04/2025 00:46:26] warn: Localization 1036 was not found for applicationhost.config @notlistedisapisallowed
[08/04/2025 00:46:26] warn: Localization 1036 was not found for applicationhost.config @username
[08/04/2025 00:46:26] warn: Localization 1036 was not found for conf arbitrary file upload file_uploads
[08/04/2025 00:46:26] warn: Localization 1036 was not found for conf cross site scripting vulnerability http-only
[08/04/2025 00:46:26] warn: Localization 1036 was not found for conf cross site scripting vulnerability httponlycookies
[08/04/2025 00:46:26] warn: Localization 1036 was not found for conf cross site scripting vulnerability register_globals
[08/04/2025 00:46:26] warn: Localization 1036 was not found for conf cross site scripting vulnerability session.cookie_httponly
[08/04/2025 00:46:26] warn: Localization 1036 was not found for conf cross site scripting vulnerability traceenable
[08/04/2025 00:46:26] warn: Localization 1036 was not found for conf cross site scripting vulnerability validaterequest
[08/04/2025 00:46:26] warn: Localization 1036 was not found for conf denial of service loadmodule security2_module
[08/04/2025 00:46:26] warn: Localization 1036 was not found for conf denial of service max_execution_time
[08/04/2025 00:46:26] warn: Localization 1036 was not found for conf denial of service max_input_nesting_level
[08/04/2025 00:46:26] warn: Localization 1036 was not found for conf denial of service max_input_time
[08/04/2025 00:46:26] warn: Localization 1036 was not found for conf denial of service memory_limit
[08/04/2025 00:46:26] warn: Localization 1036 was not found for conf denial of service post_max_size
[08/04/2025 00:46:26] warn: Localization 1036 was not found for conf denial of service upload_max_filesize
[08/04/2025 00:46:26] warn: Localization 1036 was not found for conf directory indexing autoindex
[08/04/2025 00:46:26] warn: Localization 1036 was not found for conf directory indexing loadmodule autoindex_module
[08/04/2025 00:46:26] warn: Localization 1036 was not found for conf directory indexing options
[08/04/2025 00:46:26] warn: Localization 1036 was not found for conf directory indexing ssi
[08/04/2025 00:46:26] warn: Localization 1036 was not found for conf information leakage curl.cainfo
[08/04/2025 00:46:26] warn: Localization 1036 was not found for conf information leakage debug
[08/04/2025 00:46:26] warn: Localization 1036 was not found for conf information leakage display_errors
[08/04/2025 00:46:26] warn: Localization 1036 was not found for conf information leakage display_startup_errors
[08/04/2025 00:46:26] warn: Localization 1036 was not found for conf information leakage error-code
[08/04/2025 00:46:26] warn: Localization 1036 was not found for conf information leakage errordocument
[08/04/2025 00:46:26] warn: Localization 1036 was not found for conf information leakage expose_php
[08/04/2025 00:46:26] warn: Localization 1036 was not found for conf information leakage loadmodule include_module
[08/04/2025 00:46:26] warn: Localization 1036 was not found for conf information leakage loadmodule info_module
[08/04/2025 00:46:26] warn: Localization 1036 was not found for conf information leakage loadmodule negotiation_module
[08/04/2025 00:46:26] warn: Localization 1036 was not found for conf information leakage mode
[08/04/2025 00:46:26] warn: Localization 1036 was not found for conf information leakage param-name
[08/04/2025 00:46:26] warn: Localization 1036 was not found for conf information leakage param-name-xsrf
[08/04/2025 00:46:26] warn: Localization 1036 was not found for conf information leakage request_order
[08/04/2025 00:46:26] warn: Localization 1036 was not found for conf information leakage server_tokens
[08/04/2025 00:46:26] warn: Localization 1036 was not found for conf information leakage serversignature
[08/04/2025 00:46:26] warn: Localization 1036 was not found for conf information leakage servertokens
[08/04/2025 00:46:26] warn: Localization 1036 was not found for conf information leakage statuscode
[08/04/2025 00:46:26] warn: Localization 1036 was not found for conf information leakage value
[08/04/2025 00:46:26] warn: Localization 1036 was not found for conf insufficient authentication enableviewstatemac
[08/04/2025 00:46:26] warn: Localization 1036 was not found for conf insufficient session expiration session-timeout
[08/04/2025 00:46:26] warn: Localization 1036 was not found for conf insufficient transport layer protection requiressl
[08/04/2025 00:46:26] warn: Localization 1036 was not found for conf insufficient transport layer protection secure
[08/04/2025 00:46:26] warn: Localization 1036 was not found for conf insufficient transport layer protection transport-guarantee
[08/04/2025 00:46:26] warn: Localization 1036 was not found for conf obsolete option safe_mode
[08/04/2025 00:46:26] warn: Localization 1036 was not found for conf obsolete option safe_mode_exec_dir
[08/04/2025 00:46:26] warn: Localization 1036 was not found for conf obsolete option safe_mode_gid
[08/04/2025 00:46:26] warn: Localization 1036 was not found for conf obsolete option safe_mode_include_dir
[08/04/2025 00:46:26] warn: Localization 1036 was not found for conf path traversal vulnerability open_basedir
[08/04/2025 00:46:26] warn: Localization 1036 was not found for conf remote code execution addhandler
[08/04/2025 00:46:26] warn: Localization 1036 was not found for conf remote code execution addtype
[08/04/2025 00:46:26] warn: Localization 1036 was not found for conf remote code execution assert.active
[08/04/2025 00:46:26] warn: Localization 1036 was not found for conf remote code execution auto_append_file
[08/04/2025 00:46:26] warn: Localization 1036 was not found for conf remote code execution auto_prepend_file
[08/04/2025 00:46:26] warn: Localization 1036 was not found for conf remote code execution enable_dl
[08/04/2025 00:46:26] warn: Localization 1036 was not found for conf remote code execution php_value
[08/04/2025 00:46:26] warn: Localization 1036 was not found for conf remote command execution disable_functions
[08/04/2025 00:46:26] warn: Localization 1036 was not found for conf remote command execution http-method
[08/04/2025 00:46:26] warn: Localization 1036 was not found for conf remote command execution loadmodule cgi_module
[08/04/2025 00:46:26] warn: Localization 1036 was not found for conf remote file inclusion allow_url_fopen
[08/04/2025 00:46:26] warn: Localization 1036 was not found for conf remote file inclusion allow_url_include
[08/04/2025 00:46:26] warn: Localization 1036 was not found for conf remote file inclusion cgi.fix_pathinfo
[08/04/2025 00:46:26] warn: Localization 1036 was not found for conf response splitting enableheaderchecking
[08/04/2025 00:46:26] warn: Localization 1036 was not found for conf response splitting useunsafeheaderparsing
[08/04/2025 00:46:26] warn: Localization 1036 was not found for conf session hijacking log_errors
[08/04/2025 00:46:26] warn: Localization 1036 was not found for conf session hijacking session.cookie_lifetime
[08/04/2025 00:46:26] warn: Localization 1036 was not found for conf session hijacking session.cookie_secure
[08/04/2025 00:46:26] warn: Localization 1036 was not found for conf session hijacking session.referer_check
[08/04/2025 00:46:26] warn: Localization 1036 was not found for conf session hijacking session.save_path
[08/04/2025 00:46:26] warn: Localization 1036 was not found for conf session hijacking session.use_cookies
[08/04/2025 00:46:26] warn: Localization 1036 was not found for conf session hijacking session.use_only_cookies
[08/04/2025 00:46:26] warn: Localization 1036 was not found for conf session hijacking session.use_strict_mode
[08/04/2025 00:46:26] warn: Localization 1036 was not found for conf session hijacking ssl
[08/04/2025 00:46:26] warn: Localization 1036 was not found for conf session hijacking ssl_certificate
[08/04/2025 00:46:26] warn: Localization 1036 was not found for conf session hijacking ssl_certificate_key
[08/04/2025 00:46:26] warn: Localization 1036 was not found for conf session hijacking ssl_ciphers
[08/04/2025 00:46:26] warn: Localization 1036 was not found for conf session hijacking ssl_dhparam
[08/04/2025 00:46:26] warn: Localization 1036 was not found for conf session hijacking ssl_prefer_server_ciphers
[08/04/2025 00:46:26] warn: Localization 1036 was not found for conf session hijacking ssl_protocols
[08/04/2025 00:46:26] warn: Localization 1036 was not found for conf session hijacking ssl_session_cache
[08/04/2025 00:46:26] warn: Localization 1036 was not found for conf session hijacking ssl_session_timeout
[08/04/2025 00:46:26] warn: Localization 1036 was not found for conf session hijacking ssl_stapling
[08/04/2025 00:46:26] warn: Localization 1036 was not found for conf session hijacking tracking-mode
[08/04/2025 00:46:26] warn: Localization 1036 was not found for conf sql injection magic_quotes_gpc
[08/04/2025 00:46:26] warn: Localization 1036 was not found for conf sql injection magic_quotes_runtime
[08/04/2025 00:46:26] warn: Localization 1036 was not found for conf sql injection magic_quotes_sybase
[08/04/2025 00:46:26] warn: Localization 1036 was not found for domain.xml @audit-enabled
[08/04/2025 00:46:26] warn: Localization 1036 was not found for domain.xml @port
[08/04/2025 00:46:26] warn: Localization 1036 was not found for domain.xml @value
[08/04/2025 00:46:26] warn: Localization 1036 was not found for domain.xml @xpowered-by
[08/04/2025 00:46:26] warn: Localization 1036 was not found for domain.xml jvm-options
[08/04/2025 00:46:26] warn: Localization 1036 was not found for ios_info.plist cfbundleurltypes
[08/04/2025 00:46:26] warn: Localization 1036 was not found for ios_info.plist nsexceptionallowsinsecurehttploads
[08/04/2025 00:46:26] warn: Localization 1036 was not found for ios_info.plist nsexceptionminimumtlsversion
[08/04/2025 00:46:26] warn: Localization 1036 was not found for ios_info.plist nstemporarythirdpartyexceptionallowsinsecurehttploads
[08/04/2025 00:46:26] warn: Localization 1036 was not found for ios_info.plist nstemporarythirdpartyexceptionminimumtlsversion
[08/04/2025 00:46:26] warn: Localization 1036 was not found for lighttpd.conf cgi.assign
[08/04/2025 00:46:26] warn: Localization 1036 was not found for lighttpd.conf server.dir-listing
[08/04/2025 00:46:26] warn: Localization 1036 was not found for lighttpd.conf setenv.add-response-header
[08/04/2025 00:46:26] warn: Localization 1036 was not found for lighttpd.conf status.config-url
[08/04/2025 00:46:26] warn: Localization 1036 was not found for lighttpd.conf status.status-url
[08/04/2025 00:46:26] warn: Localization 1036 was not found for lighttpd.conf webdav.is-readonly
[08/04/2025 00:46:26] warn: Localization 1036 was not found for machine.config @debug
[08/04/2025 00:46:26] warn: Localization 1036 was not found for machine.config @decryption
[08/04/2025 00:46:26] warn: Localization 1036 was not found for machine.config @decryptionkey
[08/04/2025 00:46:26] warn: Localization 1036 was not found for machine.config @passwordformat
[08/04/2025 00:46:26] warn: Localization 1036 was not found for machine.config @retail
[08/04/2025 00:46:26] warn: Localization 1036 was not found for machine.config @username[@processmodel]
[08/04/2025 00:46:26] warn: Localization 1036 was not found for machine.config @validation
[08/04/2025 00:46:26] warn: Localization 1036 was not found for machine.config @validationkey
[08/04/2025 00:46:26] warn: Localization 1036 was not found for nginx.conf add_header
[08/04/2025 00:46:26] warn: Localization 1036 was not found for nginx.conf add_header[inheritance]
[08/04/2025 00:46:26] warn: Localization 1036 was not found for nginx.conf alias[traversal]
[08/04/2025 00:46:26] warn: Localization 1036 was not found for nginx.conf autoindex
[08/04/2025 00:46:26] warn: Localization 1036 was not found for nginx.conf error_log
[08/04/2025 00:46:26] warn: Localization 1036 was not found for nginx.conf error_page
[08/04/2025 00:46:26] warn: Localization 1036 was not found for nginx.conf more_set_headers
[08/04/2025 00:46:26] warn: Localization 1036 was not found for nginx.conf proxy_set_header
[08/04/2025 00:46:26] warn: Localization 1036 was not found for nginx.conf server_tokens
[08/04/2025 00:46:26] warn: Localization 1036 was not found for nginx.conf ssi
[08/04/2025 00:46:26] warn: Localization 1036 was not found for nginx.conf ssl
[08/04/2025 00:46:26] warn: Localization 1036 was not found for nginx.conf ssl_certificate
[08/04/2025 00:46:26] warn: Localization 1036 was not found for nginx.conf ssl_certificate_key
[08/04/2025 00:46:26] warn: Localization 1036 was not found for nginx.conf ssl_ciphers
[08/04/2025 00:46:26] warn: Localization 1036 was not found for nginx.conf ssl_dhparam
[08/04/2025 00:46:26] warn: Localization 1036 was not found for nginx.conf ssl_prefer_server_ciphers
[08/04/2025 00:46:26] warn: Localization 1036 was not found for nginx.conf ssl_protocols
[08/04/2025 00:46:26] warn: Localization 1036 was not found for nginx.conf ssl_session_cache
[08/04/2025 00:46:26] warn: Localization 1036 was not found for nginx.conf ssl_session_timeout
[08/04/2025 00:46:26] warn: Localization 1036 was not found for nginx.conf ssl_stapling
[08/04/2025 00:46:26] warn: Localization 1036 was not found for nginx.conf valid_referers
[08/04/2025 00:46:26] warn: Localization 1036 was not found for php.ini allow_url_fopen
[08/04/2025 00:46:26] warn: Localization 1036 was not found for php.ini allow_url_include
[08/04/2025 00:46:26] warn: Localization 1036 was not found for php.ini assert.active
[08/04/2025 00:46:26] warn: Localization 1036 was not found for php.ini auto_append_file
[08/04/2025 00:46:26] warn: Localization 1036 was not found for php.ini auto_prepend_file
[08/04/2025 00:46:26] warn: Localization 1036 was not found for php.ini cgi.fix_pathinfo
[08/04/2025 00:46:26] warn: Localization 1036 was not found for php.ini cgi.force_redirect
[08/04/2025 00:46:26] warn: Localization 1036 was not found for php.ini disable_functions
[08/04/2025 00:46:26] warn: Localization 1036 was not found for php.ini display_errors
[08/04/2025 00:46:26] warn: Localization 1036 was not found for php.ini display_startup_errors
[08/04/2025 00:46:26] warn: Localization 1036 was not found for php.ini enable_dl
[08/04/2025 00:46:26] warn: Localization 1036 was not found for php.ini expose_php
[08/04/2025 00:46:26] warn: Localization 1036 was not found for php.ini log_errors
[08/04/2025 00:46:26] warn: Localization 1036 was not found for php.ini magic_quotes_gpc
[08/04/2025 00:46:26] warn: Localization 1036 was not found for php.ini magic_quotes_runtime
[08/04/2025 00:46:26] warn: Localization 1036 was not found for php.ini magic_quotes_sybase
[08/04/2025 00:46:26] warn: Localization 1036 was not found for php.ini max_execution_time
[08/04/2025 00:46:26] warn: Localization 1036 was not found for php.ini max_input_nesting_level
[08/04/2025 00:46:26] warn: Localization 1036 was not found for php.ini max_input_time
[08/04/2025 00:46:26] warn: Localization 1036 was not found for php.ini memory_limit
[08/04/2025 00:46:26] warn: Localization 1036 was not found for php.ini open_basedir
[08/04/2025 00:46:26] warn: Localization 1036 was not found for php.ini post_max_size
[08/04/2025 00:46:26] warn: Localization 1036 was not found for php.ini register_globals
[08/04/2025 00:46:26] warn: Localization 1036 was not found for php.ini request_order
[08/04/2025 00:46:26] warn: Localization 1036 was not found for php.ini safe_mode
[08/04/2025 00:46:26] warn: Localization 1036 was not found for php.ini session.cookie_httponly
[08/04/2025 00:46:26] warn: Localization 1036 was not found for php.ini session.cookie_lifetime
[08/04/2025 00:46:26] warn: Localization 1036 was not found for php.ini session.cookie_secure
[08/04/2025 00:46:26] warn: Localization 1036 was not found for php.ini session.save_path
[08/04/2025 00:46:26] warn: Localization 1036 was not found for php.ini session.use_cookies
[08/04/2025 00:46:26] warn: Localization 1036 was not found for php.ini session.use_only_cookies
[08/04/2025 00:46:26] warn: Localization 1036 was not found for php.ini session.use_strict_mode
[08/04/2025 00:46:26] warn: Localization 1036 was not found for php.ini session.use_trans_sid
[08/04/2025 00:46:26] warn: Localization 1036 was not found for php.ini upload_max_filesize
[08/04/2025 00:46:26] warn: Localization 1036 was not found for potential vulnerability
[08/04/2025 00:46:26] warn: Localization 1036 was not found for server.xml_tomcat @allowtrace
[08/04/2025 00:46:26] warn: Localization 1036 was not found for server.xml_tomcat @autodeploy
[08/04/2025 00:46:26] warn: Localization 1036 was not found for server.xml_tomcat @clientauth
[08/04/2025 00:46:26] warn: Localization 1036 was not found for server.xml_tomcat @connectiontimeout
[08/04/2025 00:46:26] warn: Localization 1036 was not found for server.xml_tomcat @deployonstartup
[08/04/2025 00:46:26] warn: Localization 1036 was not found for server.xml_tomcat @maxhttpheadersize
[08/04/2025 00:46:26] warn: Localization 1036 was not found for server.xml_tomcat @secure
[08/04/2025 00:46:26] warn: Localization 1036 was not found for server.xml_tomcat @shutdown
[08/04/2025 00:46:26] warn: Localization 1036 was not found for server.xml_tomcat @xpoweredby
[08/04/2025 00:46:26] warn: Localization 1036 was not found for server.xml_websphere @allowlogoutpageredirecttoanyhost
[08/04/2025 00:46:26] warn: Localization 1036 was not found for server.xml_websphere @displayauthenticationrealm
[08/04/2025 00:46:26] warn: Localization 1036 was not found for server.xml_websphere @preservefullyqualifiedreferrerurl
[08/04/2025 00:46:26] warn: Localization 1036 was not found for standalone.xml @default-user
[08/04/2025 00:46:26] warn: Localization 1036 was not found for standalone.xml @display-source-fragment
[08/04/2025 00:46:26] warn: Localization 1036 was not found for standalone.xml @scan-interval
[08/04/2025 00:46:26] warn: Localization 1036 was not found for standalone.xml @value
[08/04/2025 00:46:26] warn: Localization 1036 was not found for standalone.xml @x-powered-by
[08/04/2025 00:46:26] warn: Localization 1036 was not found for web.config @allowoverride
[08/04/2025 00:46:26] warn: Localization 1036 was not found for web.config @cacherolesincookie
[08/04/2025 00:46:26] warn: Localization 1036 was not found for web.config @certificatevalidationmode
[08/04/2025 00:46:26] warn: Localization 1036 was not found for web.config @connectionprotection
[08/04/2025 00:46:26] warn: Localization 1036 was not found for web.config @cookieless
[08/04/2025 00:46:26] warn: Localization 1036 was not found for web.config @cookieprotection
[08/04/2025 00:46:26] warn: Localization 1036 was not found for web.config @cookierequiressl
[08/04/2025 00:46:26] warn: Localization 1036 was not found for web.config @cookieslidingexpiration
[08/04/2025 00:46:26] warn: Localization 1036 was not found for web.config @cookietimeout
[08/04/2025 00:46:26] warn: Localization 1036 was not found for web.config @createpersistentcookie
[08/04/2025 00:46:26] warn: Localization 1036 was not found for web.config @debug
[08/04/2025 00:46:26] warn: Localization 1036 was not found for web.config @decryptionkey
[08/04/2025 00:46:26] warn: Localization 1036 was not found for web.config @enablecrossappredirects
[08/04/2025 00:46:26] warn: Localization 1036 was not found for web.config @enabled
[08/04/2025 00:46:26] warn: Localization 1036 was not found for web.config @enabled[directorybrowse]
[08/04/2025 00:46:26] warn: Localization 1036 was not found for web.config @enableeventvalidation
[08/04/2025 00:46:26] warn: Localization 1036 was not found for web.config @enableheaderchecking
[08/04/2025 00:46:26] warn: Localization 1036 was not found for web.config @enableversionheader
[08/04/2025 00:46:26] warn: Localization 1036 was not found for web.config @enableviewstatemac
[08/04/2025 00:46:26] warn: Localization 1036 was not found for web.config @httponlycookies
[08/04/2025 00:46:26] warn: Localization 1036 was not found for web.config @level
[08/04/2025 00:46:26] warn: Localization 1036 was not found for web.config @maxeventdetaillength
[08/04/2025 00:46:26] warn: Localization 1036 was not found for web.config @maxeventlengthforsimplemessage
[08/04/2025 00:46:26] warn: Localization 1036 was not found for web.config @maxrequestlength
[08/04/2025 00:46:26] warn: Localization 1036 was not found for web.config @maxsizeforsimplemessage
[08/04/2025 00:46:26] warn: Localization 1036 was not found for web.config @minrequirednonalphanumericcharacters
[08/04/2025 00:46:26] warn: Localization 1036 was not found for web.config @minrequiredpasswordlength
[08/04/2025 00:46:26] warn: Localization 1036 was not found for web.config @mode
[08/04/2025 00:46:26] warn: Localization 1036 was not found for web.config @name[@credentials]
[08/04/2025 00:46:26] warn: Localization 1036 was not found for web.config @passwordformat
[08/04/2025 00:46:26] warn: Localization 1036 was not found for web.config @protection
[08/04/2025 00:46:26] warn: Localization 1036 was not found for web.config @requestvalidationmode
[08/04/2025 00:46:26] warn: Localization 1036 was not found for web.config @requiressl
[08/04/2025 00:46:26] warn: Localization 1036 was not found for web.config @requiressl[@authentication]
[08/04/2025 00:46:26] warn: Localization 1036 was not found for web.config @slidingexpiration
[08/04/2025 00:46:26] warn: Localization 1036 was not found for web.config @statuscode
[08/04/2025 00:46:26] warn: Localization 1036 was not found for web.config @timeout
[08/04/2025 00:46:26] warn: Localization 1036 was not found for web.config @type
[08/04/2025 00:46:26] warn: Localization 1036 was not found for web.config @username[@identity]
[08/04/2025 00:46:26] warn: Localization 1036 was not found for web.config @users
[08/04/2025 00:46:26] warn: Localization 1036 was not found for web.config @useunsafeheaderparsing
[08/04/2025 00:46:26] warn: Localization 1036 was not found for web.config @validaterequest
[08/04/2025 00:46:26] warn: Localization 1036 was not found for web.config @validation
[08/04/2025 00:46:26] warn: Localization 1036 was not found for web.config @validationkey
[08/04/2025 00:46:26] warn: Localization 1036 was not found for web.config @value
[08/04/2025 00:46:26] warn: Localization 1036 was not found for web.config @value[@accesscontrolalloworiginheader]
[08/04/2025 00:46:26] warn: Localization 1036 was not found for web.config @value[@aspnetcore_environment]
[08/04/2025 00:46:26] warn: Localization 1036 was not found for web.config @value[uselegacyencryption]
[08/04/2025 00:46:26] warn: Localization 1036 was not found for web.config @value[x-frame-options]
[08/04/2025 00:46:26] warn: Localization 1036 was not found for web.config @viewstateencryptionmode
[08/04/2025 00:46:26] warn: Localization 1036 was not found for web.config ciphervalue[@sessionstate]
[08/04/2025 00:46:26] warn: Localization 1036 was not found for web.config remove/@name[documentation]
[08/04/2025 00:46:26] warn: Localization 1036 was not found for web.config remove/@name[x-powered-by]
[08/04/2025 00:46:26] warn: Localization 1036 was not found for web.xml error-code
[08/04/2025 00:46:26] warn: Localization 1036 was not found for web.xml http-method
[08/04/2025 00:46:26] warn: Localization 1036 was not found for web.xml http-only
[08/04/2025 00:46:26] warn: Localization 1036 was not found for web.xml param-value
[08/04/2025 00:46:26] warn: Localization 1036 was not found for web.xml secure
[08/04/2025 00:46:26] warn: Localization 1036 was not found for web.xml session-timeout
[08/04/2025 00:46:26] warn: Localization 1036 was not found for web.xml tracking-mode
[08/04/2025 00:46:26] warn: Localization 1036 was not found for web.xml transport-guarantee
[08/04/2025 00:46:26] info: Clean up logs files was started
[08/04/2025 00:46:26] info: Clean up logs files was finished
