[07/04/2025 23:27:37] info: Logging was started to file.
[07/04/2025 23:27:37] info: Start application inspector initialization
[07/04/2025 23:27:37] info: Hide developer mode UI
[07/04/2025 23:27:38] info: Infrastructure Configurations: {"port":8001,"infrastructureAssemblyFolderPath":"C:\\Users\\kokou\\AppData\\Local\\Application Inspector Analyzer","applicationResourcesFolderPath":"C:\\Users\\kokou\\AppData\\Local\\Application Inspector Analyzer","scanTargetFolderPath":"c:\\Users\\kokou\\Nextcloud3\\AZ400","isDebugging":false,"logLevel":{"i2_1":"Error","j2_1":5,"type":5,"key":"Settings.LogLevel.Error.Text"},"logDir":"c:\\Users\\kokou\\Nextcloud3\\AZ400\\.ai\\Logs\\Infrastructure\\2025-04-07-23-27-37","tipsFoundNotificationThreshold":1000,"similarIssuesFoundNotificationThreshold":1000,"applicationLocalDataFolderPath":"c:\\Users\\kokou\\Nextcloud3\\AZ400\\.ai"}
[07/04/2025 23:27:38] info: Start infrastructure initialization
[07/04/2025 23:27:41] info: Infrastructure was started
[07/04/2025 23:27:50] info: Initialize aie integration isn't initialized
[07/04/2025 23:27:50] info: Infrastructure was initialized
[07/04/2025 23:27:50] info: Infrastructure Installer was deleted
[07/04/2025 23:27:51] warn: Localization 1036 was not found for apache mod_negotiation resource location disclosure
[07/04/2025 23:27:51] warn: Localization 1036 was not found for arbitrary directory copying
[07/04/2025 23:27:51] warn: Localization 1036 was not found for arbitrary directory creation
[07/04/2025 23:27:51] warn: Localization 1036 was not found for arbitrary directory deletion
[07/04/2025 23:27:51] warn: Localization 1036 was not found for arbitrary directory listing
[07/04/2025 23:27:51] warn: Localization 1036 was not found for arbitrary directory moving
[07/04/2025 23:27:51] warn: Localization 1036 was not found for arbitrary file copying
[07/04/2025 23:27:51] warn: Localization 1036 was not found for arbitrary file creation
[07/04/2025 23:27:51] warn: Localization 1036 was not found for arbitrary file deletion
[07/04/2025 23:27:51] warn: Localization 1036 was not found for arbitrary file modification
[07/04/2025 23:27:51] warn: Localization 1036 was not found for arbitrary file moving
[07/04/2025 23:27:51] warn: Localization 1036 was not found for arbitrary file reading
[07/04/2025 23:27:51] warn: Localization 1036 was not found for cookie injection
[07/04/2025 23:27:51] warn: Localization 1036 was not found for credentials brute-force
[07/04/2025 23:27:51] warn: Localization 1036 was not found for cross-site request forgery
[07/04/2025 23:27:51] warn: Localization 1036 was not found for cross-site scripting
[07/04/2025 23:27:51] warn: Localization 1036 was not found for cursor injection
[07/04/2025 23:27:51] warn: Localization 1036 was not found for cursor sqli
[07/04/2025 23:27:51] warn: Localization 1036 was not found for default
[07/04/2025 23:27:51] warn: Localization 1036 was not found for denial of service
[07/04/2025 23:27:51] warn: Localization 1036 was not found for deserialization of untrusted data
[07/04/2025 23:27:51] warn: Localization 1036 was not found for df
[07/04/2025 23:27:51] warn: Localization 1036 was not found for djangoorminjection
[07/04/2025 23:27:51] warn: Localization 1036 was not found for dll injection
[07/04/2025 23:27:51] warn: Localization 1036 was not found for double free
[07/04/2025 23:27:51] warn: Localization 1036 was not found for dynamic code injection
[07/04/2025 23:27:51] warn: Localization 1036 was not found for dynamic query injection
[07/04/2025 23:27:51] warn: Localization 1036 was not found for external control of configuration
[07/04/2025 23:27:51] warn: Localization 1036 was not found for fingerprinting
[07/04/2025 23:27:51] warn: Localization 1036 was not found for format string
[07/04/2025 23:27:51] warn: Localization 1036 was not found for hardcoded password
[07/04/2025 23:27:51] warn: Localization 1036 was not found for heap overflow
[07/04/2025 23:27:51] warn: Localization 1036 was not found for http header injection
[07/04/2025 23:27:51] warn: Localization 1036 was not found for http request splitting
[07/04/2025 23:27:51] warn: Localization 1036 was not found for http response splitting
[07/04/2025 23:27:51] warn: Localization 1036 was not found for improper access control taint
[07/04/2025 23:27:51] warn: Localization 1036 was not found for improper resource shutdown or release
[07/04/2025 23:27:51] warn: Localization 1036 was not found for information exposure
[07/04/2025 23:27:51] warn: Localization 1036 was not found for injection
[07/04/2025 23:27:51] warn: Localization 1036 was not found for insecure direct object references
[07/04/2025 23:27:51] warn: Localization 1036 was not found for insufficient session expiration
[07/04/2025 23:27:51] warn: Localization 1036 was not found for integer overflow
[07/04/2025 23:27:51] warn: Localization 1036 was not found for ldap injection
[07/04/2025 23:27:51] warn: Localization 1036 was not found for like injection
[07/04/2025 23:27:51] warn: Localization 1036 was not found for linq injection
[07/04/2025 23:27:51] warn: Localization 1036 was not found for local file inclusion
[07/04/2025 23:27:51] warn: Localization 1036 was not found for log forging
[07/04/2025 23:27:51] warn: Localization 1036 was not found for nosql injection
[07/04/2025 23:27:51] warn: Localization 1036 was not found for null dereference
[07/04/2025 23:27:51] warn: Localization 1036 was not found for object injection
[07/04/2025 23:27:51] warn: Localization 1036 was not found for open redirect
[07/04/2025 23:27:51] warn: Localization 1036 was not found for orm injection
[07/04/2025 23:27:51] warn: Localization 1036 was not found for os commanding
[07/04/2025 23:27:51] warn: Localization 1036 was not found for padding oracle attack
[07/04/2025 23:27:51] warn: Localization 1036 was not found for path traversal
[07/04/2025 23:27:51] warn: Localization 1036 was not found for persistent cookie exposing
[07/04/2025 23:27:51] warn: Localization 1036 was not found for potential path traversal
[07/04/2025 23:27:51] warn: Localization 1036 was not found for process control
[07/04/2025 23:27:51] warn: Localization 1036 was not found for redos
[07/04/2025 23:27:51] warn: Localization 1036 was not found for remote code execution
[07/04/2025 23:27:51] warn: Localization 1036 was not found for remote file inclusion
[07/04/2025 23:27:51] warn: Localization 1036 was not found for resource exhaustion
[07/04/2025 23:27:51] warn: Localization 1036 was not found for resource location brute-force
[07/04/2025 23:27:51] warn: Localization 1036 was not found for server-side request forgery
[07/04/2025 23:27:51] warn: Localization 1036 was not found for server-side template injection
[07/04/2025 23:27:51] warn: Localization 1036 was not found for serverfingerprinting
[07/04/2025 23:27:51] warn: Localization 1036 was not found for session management weakness
[07/04/2025 23:27:51] warn: Localization 1036 was not found for shellshock
[07/04/2025 23:27:51] warn: Localization 1036 was not found for smtp header injection
[07/04/2025 23:27:51] warn: Localization 1036 was not found for sql injection
[07/04/2025 23:27:51] warn: Localization 1036 was not found for sqli
[07/04/2025 23:27:51] warn: Localization 1036 was not found for stack overflow
[07/04/2025 23:27:51] warn: Localization 1036 was not found for uaf
[07/04/2025 23:27:51] warn: Localization 1036 was not found for uncontrolled data manipulation
[07/04/2025 23:27:51] warn: Localization 1036 was not found for uncontrolled env var modification
[07/04/2025 23:27:51] warn: Localization 1036 was not found for unrestricted file upload
[07/04/2025 23:27:51] warn: Localization 1036 was not found for use after free
[07/04/2025 23:27:51] warn: Localization 1036 was not found for webview xss taint
[07/04/2025 23:27:51] warn: Localization 1036 was not found for xml entity expansion
[07/04/2025 23:27:51] warn: Localization 1036 was not found for xml external entity
[07/04/2025 23:27:51] warn: Localization 1036 was not found for xpath injection
[07/04/2025 23:27:51] warn: Localization 1036 was not found for xquery injection
[07/04/2025 23:27:51] warn: Localization 1036 was not found for 100
[07/04/2025 23:27:51] warn: Localization 1036 was not found for 101
[07/04/2025 23:27:51] warn: Localization 1036 was not found for 102
[07/04/2025 23:27:51] warn: Localization 1036 was not found for 103
[07/04/2025 23:27:51] warn: Localization 1036 was not found for 104
[07/04/2025 23:27:51] warn: Localization 1036 was not found for 105
[07/04/2025 23:27:51] warn: Localization 1036 was not found for 107
[07/04/2025 23:27:51] warn: Localization 1036 was not found for 108
[07/04/2025 23:27:51] warn: Localization 1036 was not found for 109
[07/04/2025 23:27:51] warn: Localization 1036 was not found for 111
[07/04/2025 23:27:51] warn: Localization 1036 was not found for 113
[07/04/2025 23:27:51] warn: Localization 1036 was not found for 114
[07/04/2025 23:27:51] warn: Localization 1036 was not found for 116
[07/04/2025 23:27:51] warn: Localization 1036 was not found for 117
[07/04/2025 23:27:51] warn: Localization 1036 was not found for 118
[07/04/2025 23:27:51] warn: Localization 1036 was not found for 120
[07/04/2025 23:27:51] warn: Localization 1036 was not found for 122
[07/04/2025 23:27:51] warn: Localization 1036 was not found for 123
[07/04/2025 23:27:51] warn: Localization 1036 was not found for 124
[07/04/2025 23:27:51] warn: Localization 1036 was not found for 125
[07/04/2025 23:27:51] warn: Localization 1036 was not found for 127
[07/04/2025 23:27:51] warn: Localization 1036 was not found for 128
[07/04/2025 23:27:51] warn: Localization 1036 was not found for 129
[07/04/2025 23:27:51] warn: Localization 1036 was not found for 130
[07/04/2025 23:27:51] warn: Localization 1036 was not found for 135
[07/04/2025 23:27:51] warn: Localization 1036 was not found for 138
[07/04/2025 23:27:51] warn: Localization 1036 was not found for 139
[07/04/2025 23:27:51] warn: Localization 1036 was not found for 140
[07/04/2025 23:27:51] warn: Localization 1036 was not found for 141
[07/04/2025 23:27:51] warn: Localization 1036 was not found for 142
[07/04/2025 23:27:51] warn: Localization 1036 was not found for 144
[07/04/2025 23:27:51] warn: Localization 1036 was not found for 145
[07/04/2025 23:27:51] warn: Localization 1036 was not found for 146
[07/04/2025 23:27:51] warn: Localization 1036 was not found for 147
[07/04/2025 23:27:51] warn: Localization 1036 was not found for 148
[07/04/2025 23:27:51] warn: Localization 1036 was not found for 149
[07/04/2025 23:27:51] warn: Localization 1036 was not found for 150
[07/04/2025 23:27:51] warn: Localization 1036 was not found for 151
[07/04/2025 23:27:51] warn: Localization 1036 was not found for 152
[07/04/2025 23:27:51] warn: Localization 1036 was not found for 153
[07/04/2025 23:27:51] warn: Localization 1036 was not found for 154
[07/04/2025 23:27:51] warn: Localization 1036 was not found for 156
[07/04/2025 23:27:51] warn: Localization 1036 was not found for 157
[07/04/2025 23:27:51] warn: Localization 1036 was not found for 158
[07/04/2025 23:27:51] warn: Localization 1036 was not found for 159
[07/04/2025 23:27:51] warn: Localization 1036 was not found for 160
[07/04/2025 23:27:51] warn: Localization 1036 was not found for 161
[07/04/2025 23:27:51] warn: Localization 1036 was not found for 162
[07/04/2025 23:27:51] warn: Localization 1036 was not found for 163
[07/04/2025 23:27:51] warn: Localization 1036 was not found for 164
[07/04/2025 23:27:51] warn: Localization 1036 was not found for 165
[07/04/2025 23:27:51] warn: Localization 1036 was not found for 200
[07/04/2025 23:27:51] warn: Localization 1036 was not found for 24544
[07/04/2025 23:27:51] warn: Localization 1036 was not found for 24545
[07/04/2025 23:27:51] warn: Localization 1036 was not found for 24546
[07/04/2025 23:27:51] warn: Localization 1036 was not found for 24547
[07/04/2025 23:27:51] warn: Localization 1036 was not found for 24548
[07/04/2025 23:27:51] warn: Localization 1036 was not found for 24549
[07/04/2025 23:27:51] warn: Localization 1036 was not found for 24550
[07/04/2025 23:27:51] warn: Localization 1036 was not found for 24551
[07/04/2025 23:27:51] warn: Localization 1036 was not found for 24552
[07/04/2025 23:27:51] warn: Localization 1036 was not found for 24553
[07/04/2025 23:27:51] warn: Localization 1036 was not found for 24554
[07/04/2025 23:27:51] warn: Localization 1036 was not found for 24555
[07/04/2025 23:27:51] warn: Localization 1036 was not found for 24556
[07/04/2025 23:27:51] warn: Localization 1036 was not found for 24557
[07/04/2025 23:27:51] warn: Localization 1036 was not found for 24558
[07/04/2025 23:27:51] warn: Localization 1036 was not found for 24559
[07/04/2025 23:27:51] warn: Localization 1036 was not found for 24560
[07/04/2025 23:27:51] warn: Localization 1036 was not found for 24561
[07/04/2025 23:27:51] warn: Localization 1036 was not found for 24562
[07/04/2025 23:27:51] warn: Localization 1036 was not found for 24563
[07/04/2025 23:27:51] warn: Localization 1036 was not found for 24564
[07/04/2025 23:27:51] warn: Localization 1036 was not found for 24565
[07/04/2025 23:27:51] warn: Localization 1036 was not found for 24566
[07/04/2025 23:27:51] warn: Localization 1036 was not found for 24567
[07/04/2025 23:27:51] warn: Localization 1036 was not found for 24568
[07/04/2025 23:27:51] warn: Localization 1036 was not found for 305
[07/04/2025 23:27:51] warn: Localization 1036 was not found for 96
[07/04/2025 23:27:51] warn: Localization 1036 was not found for 97
[07/04/2025 23:27:51] warn: Localization 1036 was not found for 98
[07/04/2025 23:27:51] warn: Localization 1036 was not found for 99
[07/04/2025 23:27:51] warn: Localization 1036 was not found for attributes code inside addeventlistener
[07/04/2025 23:27:51] warn: Localization 1036 was not found for attributes code inside attachevent
[07/04/2025 23:27:51] warn: Localization 1036 was not found for attributes code inside createattribute
[07/04/2025 23:27:51] warn: Localization 1036 was not found for attributes code inside element event
[07/04/2025 23:27:51] warn: Localization 1036 was not found for attributes code inside setattribute
[07/04/2025 23:27:51] warn: Localization 1036 was not found for attributes code inside setattributens
[07/04/2025 23:27:51] warn: Localization 1036 was not found for buffer overflow
[07/04/2025 23:27:51] warn: Localization 1036 was not found for buffer overflow in python
[07/04/2025 23:27:51] warn: Localization 1036 was not found for buffer overflow pm
[07/04/2025 23:27:51] warn: Localization 1036 was not found for class defines clone but not implement cloneable
[07/04/2025 23:27:51] warn: Localization 1036 was not found for csrf protection disabled
[07/04/2025 23:27:51] warn: Localization 1036 was not found for cursor snarfing plsql
[07/04/2025 23:27:51] warn: Localization 1036 was not found for cursor snarfing tsql
[07/04/2025 23:27:51] warn: Localization 1036 was not found for dangerous function plsql
[07/04/2025 23:27:51] warn: Localization 1036 was not found for dangerous function tsql
[07/04/2025 23:27:51] warn: Localization 1036 was not found for debug information leakage
[07/04/2025 23:27:51] warn: Localization 1036 was not found for debug mode python
[07/04/2025 23:27:51] warn: Localization 1036 was not found for deprecated functions objc
[07/04/2025 23:27:51] warn: Localization 1036 was not found for deserialization of untrusted data pm
[07/04/2025 23:27:51] warn: Localization 1036 was not found for deserialization of untrusted data pm python
[07/04/2025 23:27:51] warn: Localization 1036 was not found for detection of error condition without action
[07/04/2025 23:27:51] warn: Localization 1036 was not found for direct use of threads
[07/04/2025 23:27:51] warn: Localization 1036 was not found for directorytraversalcreatereadstream
[07/04/2025 23:27:51] warn: Localization 1036 was not found for directorytraversalreadfile
[07/04/2025 23:27:51] warn: Localization 1036 was not found for disabling ssl certificate checks
[07/04/2025 23:27:51] warn: Localization 1036 was not found for disabling ssl certificate checks c
[07/04/2025 23:27:51] warn: Localization 1036 was not found for disabling ssl-tls certificate checks go
[07/04/2025 23:27:51] warn: Localization 1036 was not found for divide by zero
[07/04/2025 23:27:51] warn: Localization 1036 was not found for dom modification contextual fragment
[07/04/2025 23:27:51] warn: Localization 1036 was not found for dom modification html tag
[07/04/2025 23:27:51] warn: Localization 1036 was not found for dom modification selected position
[07/04/2025 23:27:51] warn: Localization 1036 was not found for dom modification string inside document
[07/04/2025 23:27:51] warn: Localization 1036 was not found for download of code without integrity check
[07/04/2025 23:27:51] warn: Localization 1036 was not found for embedded malicious code
[07/04/2025 23:27:51] warn: Localization 1036 was not found for empty default exception handler
[07/04/2025 23:27:51] warn: Localization 1036 was not found for erroneous null comparison
[07/04/2025 23:27:51] warn: Localization 1036 was not found for exposure of data element to wrong session
[07/04/2025 23:27:51] warn: Localization 1036 was not found for exposure of system data to an unauthorized control sphere
[07/04/2025 23:27:51] warn: Localization 1036 was not found for external control of file name or path
[07/04/2025 23:27:51] warn: Localization 1036 was not found for file snarfing plsql
[07/04/2025 23:27:51] warn: Localization 1036 was not found for format string pm
[07/04/2025 23:27:51] warn: Localization 1036 was not found for forwarding via location
[07/04/2025 23:27:51] warn: Localization 1036 was not found for forwarding via location function
[07/04/2025 23:27:51] warn: Localization 1036 was not found for forwarding via opening new tab
[07/04/2025 23:27:51] warn: Localization 1036 was not found for ftpusage
[07/04/2025 23:27:51] warn: Localization 1036 was not found for go weak cryptographic hash
[07/04/2025 23:27:51] warn: Localization 1036 was not found for hardcoded initialization vector
[07/04/2025 23:27:51] warn: Localization 1036 was not found for hardcoded key
[07/04/2025 23:27:51] warn: Localization 1036 was not found for hardcoded password kotlin
[07/04/2025 23:27:51] warn: Localization 1036 was not found for hardcoded password pm
[07/04/2025 23:27:51] warn: Localization 1036 was not found for hardcoded pbkdf password
[07/04/2025 23:27:51] warn: Localization 1036 was not found for headerinjection
[07/04/2025 23:27:51] warn: Localization 1036 was not found for improper access control
[07/04/2025 23:27:51] warn: Localization 1036 was not found for improper access control c
[07/04/2025 23:27:51] warn: Localization 1036 was not found for improper certificate validation
[07/04/2025 23:27:51] warn: Localization 1036 was not found for improper check for unusual or exceptional conditions
[07/04/2025 23:27:51] warn: Localization 1036 was not found for improperly implemented security check for standard
[07/04/2025 23:27:51] warn: Localization 1036 was not found for include interface ssl
[07/04/2025 23:27:51] warn: Localization 1036 was not found for incorrect permission assignment for critical resource
[07/04/2025 23:27:51] warn: Localization 1036 was not found for incorrect permission assignment for critical resource 1
[07/04/2025 23:27:51] warn: Localization 1036 was not found for incorrect permission assignment for critical resource go
[07/04/2025 23:27:51] warn: Localization 1036 was not found for incorrect permission assignment for critical resource java
[07/04/2025 23:27:51] warn: Localization 1036 was not found for incorrect unix api using
[07/04/2025 23:27:51] warn: Localization 1036 was not found for incorrect usage of seeds in pseudo-random number generator
[07/04/2025 23:27:51] warn: Localization 1036 was not found for incorrectpermissionassignmentphp
[07/04/2025 23:27:51] warn: Localization 1036 was not found for information exposure pm
[07/04/2025 23:27:51] warn: Localization 1036 was not found for information exposure through an error message
[07/04/2025 23:27:51] warn: Localization 1036 was not found for information exposure through comments
[07/04/2025 23:27:51] warn: Localization 1036 was not found for information exposure through persistent cookies
[07/04/2025 23:27:51] warn: Localization 1036 was not found for information exposure through persistent cookies 1
[07/04/2025 23:27:51] warn: Localization 1036 was not found for information exposure through static content
[07/04/2025 23:27:51] warn: Localization 1036 was not found for informationexposureviaexception
[07/04/2025 23:27:51] warn: Localization 1036 was not found for insecure cipher key export
[07/04/2025 23:27:51] warn: Localization 1036 was not found for insecure connection protocol
[07/04/2025 23:27:51] warn: Localization 1036 was not found for insecure cookie 1
[07/04/2025 23:27:51] warn: Localization 1036 was not found for insecure cookie 2
[07/04/2025 23:27:51] warn: Localization 1036 was not found for insecure cookie scope
[07/04/2025 23:27:51] warn: Localization 1036 was not found for insecure data storage
[07/04/2025 23:27:51] warn: Localization 1036 was not found for insecure data storage objc simple
[07/04/2025 23:27:51] warn: Localization 1036 was not found for insecure network binding
[07/04/2025 23:27:51] warn: Localization 1036 was not found for insecure randomness ojbc
[07/04/2025 23:27:51] warn: Localization 1036 was not found for insecure randomness plsql
[07/04/2025 23:27:51] warn: Localization 1036 was not found for insecure randomness tsql
[07/04/2025 23:27:51] warn: Localization 1036 was not found for insecure rsa padding
[07/04/2025 23:27:51] warn: Localization 1036 was not found for insecure rsa padding 1
[07/04/2025 23:27:51] warn: Localization 1036 was not found for insecure ssl connection
[07/04/2025 23:27:51] warn: Localization 1036 was not found for insecure ssl connection 1
[07/04/2025 23:27:51] warn: Localization 1036 was not found for insecure ssl protocol
[07/04/2025 23:27:51] warn: Localization 1036 was not found for insecure transport java
[07/04/2025 23:27:51] warn: Localization 1036 was not found for insecure usage of jinja templates
[07/04/2025 23:27:51] warn: Localization 1036 was not found for insecure usage of mako templates
[07/04/2025 23:27:51] warn: Localization 1036 was not found for insecure validation functions
[07/04/2025 23:27:51] warn: Localization 1036 was not found for insecure validation functions 1
[07/04/2025 23:27:51] warn: Localization 1036 was not found for insecure work with temporary files
[07/04/2025 23:27:51] warn: Localization 1036 was not found for insecureevalpython
[07/04/2025 23:27:51] warn: Localization 1036 was not found for insufficient cors policy
[07/04/2025 23:27:51] warn: Localization 1036 was not found for insufficient encryption key length
[07/04/2025 23:27:51] warn: Localization 1036 was not found for insufficient encryption key length 1
[07/04/2025 23:27:51] warn: Localization 1036 was not found for insufficient key size go
[07/04/2025 23:27:51] warn: Localization 1036 was not found for insufficient logging&monitoring
[07/04/2025 23:27:51] warn: Localization 1036 was not found for insufficient session expiration pm
[07/04/2025 23:27:51] warn: Localization 1036 was not found for insufficientencryptionkeylength
[07/04/2025 23:27:51] warn: Localization 1036 was not found for integer overflow pm
[07/04/2025 23:27:51] warn: Localization 1036 was not found for jquery function that adds element
[07/04/2025 23:27:51] warn: Localization 1036 was not found for jquery function that replaces element
[07/04/2025 23:27:51] warn: Localization 1036 was not found for jquery html inside dom
[07/04/2025 23:27:51] warn: Localization 1036 was not found for jquery unsafe functions for dom
[07/04/2025 23:27:51] warn: Localization 1036 was not found for jquery wrap element to html
[07/04/2025 23:27:51] warn: Localization 1036 was not found for json-test
[07/04/2025 23:27:51] warn: Localization 1036 was not found for lack of the host key verification go
[07/04/2025 23:27:51] warn: Localization 1036 was not found for least privilege violation
[07/04/2025 23:27:51] warn: Localization 1036 was not found for leftover debug code
[07/04/2025 23:27:51] warn: Localization 1036 was not found for marksafepython
[07/04/2025 23:27:51] warn: Localization 1036 was not found for memory leak
[07/04/2025 23:27:51] warn: Localization 1036 was not found for method without super clone
[07/04/2025 23:27:51] warn: Localization 1036 was not found for method without super finalize
[07/04/2025 23:27:51] warn: Localization 1036 was not found for missing auth localized reason
[07/04/2025 23:27:51] warn: Localization 1036 was not found for missing encryption of sensitive data
[07/04/2025 23:27:51] warn: Localization 1036 was not found for none
[07/04/2025 23:27:51] warn: Localization 1036 was not found for notlsreject
[07/04/2025 23:27:51] warn: Localization 1036 was not found for nslog using
[07/04/2025 23:27:51] warn: Localization 1036 was not found for null dereference pattern
[07/04/2025 23:27:51] warn: Localization 1036 was not found for null pbkdf password
[07/04/2025 23:27:51] warn: Localization 1036 was not found for obsolete function
[07/04/2025 23:27:51] warn: Localization 1036 was not found for openredirect
[07/04/2025 23:27:51] warn: Localization 1036 was not found for overly broad grant
[07/04/2025 23:27:51] warn: Localization 1036 was not found for override equals method without hashcode
[07/04/2025 23:27:51] warn: Localization 1036 was not found for pattern matching
[07/04/2025 23:27:51] warn: Localization 1036 was not found for php pm sensitive cookie in https session without ‘secure’ attribute
[07/04/2025 23:27:51] warn: Localization 1036 was not found for plaintext storage of a password
[07/04/2025 23:27:51] warn: Localization 1036 was not found for plaintext storage of a password 1
[07/04/2025 23:27:51] warn: Localization 1036 was not found for play 1 html xss
[07/04/2025 23:27:51] warn: Localization 1036 was not found for play 2 html xss
[07/04/2025 23:27:51] warn: Localization 1036 was not found for poor logging practice logger
[07/04/2025 23:27:51] warn: Localization 1036 was not found for poor logging practice system
[07/04/2025 23:27:51] warn: Localization 1036 was not found for possible rce through sql injection
[07/04/2025 23:27:51] warn: Localization 1036 was not found for private array typed field returned from a public method
[07/04/2025 23:27:51] warn: Localization 1036 was not found for public data assigned to private array typed field
[07/04/2025 23:27:51] warn: Localization 1036 was not found for python weak cryptographic hash
[07/04/2025 23:27:51] warn: Localization 1036 was not found for python2input
[07/04/2025 23:27:51] warn: Localization 1036 was not found for pythonassertion
[07/04/2025 23:27:51] warn: Localization 1036 was not found for reflectedcrosssitescripting
[07/04/2025 23:27:51] warn: Localization 1036 was not found for reliance on dns lookups in a security decision
[07/04/2025 23:27:51] warn: Localization 1036 was not found for return of stack variable address
[07/04/2025 23:27:51] warn: Localization 1036 was not found for reversible one way hash
[07/04/2025 23:27:51] warn: Localization 1036 was not found for sensitive cookie in https session without ‘secure’ attribute
[07/04/2025 23:27:51] warn: Localization 1036 was not found for sensitive cookie in https session without httponly attribute
[07/04/2025 23:27:51] warn: Localization 1036 was not found for sensitive cookie in https session without secure attribute
[07/04/2025 23:27:51] warn: Localization 1036 was not found for serversideinjectioneval
[07/04/2025 23:27:51] warn: Localization 1036 was not found for serversideinjectionfunction
[07/04/2025 23:27:51] warn: Localization 1036 was not found for serversideinjectionsetinterval
[07/04/2025 23:27:51] warn: Localization 1036 was not found for serversideinjectionsettimeout
[07/04/2025 23:27:51] warn: Localization 1036 was not found for serversideinjectionyaml
[07/04/2025 23:27:51] warn: Localization 1036 was not found for ssl configuration flaws
[07/04/2025 23:27:51] warn: Localization 1036 was not found for static random number generator
[07/04/2025 23:27:51] warn: Localization 1036 was not found for time of check time of use race condition
[07/04/2025 23:27:51] warn: Localization 1036 was not found for trust boundary violation
[07/04/2025 23:27:51] warn: Localization 1036 was not found for type confusion
[07/04/2025 23:27:51] warn: Localization 1036 was not found for uncontrolled memory allocation
[07/04/2025 23:27:51] warn: Localization 1036 was not found for uncontrolled recursion
[07/04/2025 23:27:51] warn: Localization 1036 was not found for unreachable code
[07/04/2025 23:27:51] warn: Localization 1036 was not found for unsafe cross-origin resource sharing
[07/04/2025 23:27:51] warn: Localization 1036 was not found for unsafe reflection
[07/04/2025 23:27:51] warn: Localization 1036 was not found for unsalted one way hash
[07/04/2025 23:27:51] warn: Localization 1036 was not found for unsalted one way hash 1
[07/04/2025 23:27:51] warn: Localization 1036 was not found for unsaltedonewayhash
[07/04/2025 23:27:51] warn: Localization 1036 was not found for unused var
[07/04/2025 23:27:51] warn: Localization 1036 was not found for urllibusagepython
[07/04/2025 23:27:51] warn: Localization 1036 was not found for use broken crypto
[07/04/2025 23:27:51] warn: Localization 1036 was not found for use of a broken or risky cryptographic algorithm
[07/04/2025 23:27:51] warn: Localization 1036 was not found for use of a broken or risky cryptographic algorithm 1
[07/04/2025 23:27:51] warn: Localization 1036 was not found for use of a broken or risky cryptographic algorithm 2
[07/04/2025 23:27:51] warn: Localization 1036 was not found for use of a broken or risky cryptographic algorithm 3
[07/04/2025 23:27:51] warn: Localization 1036 was not found for use of a broken or risky cryptographic algorithm 4
[07/04/2025 23:27:51] warn: Localization 1036 was not found for use of a broken or risky cryptographic algorithm 5
[07/04/2025 23:27:51] warn: Localization 1036 was not found for use of a broken or risky cryptographic algorithm 6
[07/04/2025 23:27:51] warn: Localization 1036 was not found for use of a broken or risky cryptographic algorithm go
[07/04/2025 23:27:51] warn: Localization 1036 was not found for use of function with inconsistent implementations
[07/04/2025 23:27:51] warn: Localization 1036 was not found for use of hardcoded cryptographic key
[07/04/2025 23:27:51] warn: Localization 1036 was not found for use of insufficiently random values
[07/04/2025 23:27:51] warn: Localization 1036 was not found for use of insufficiently random values 1
[07/04/2025 23:27:51] warn: Localization 1036 was not found for use of insufficiently random values 2
[07/04/2025 23:27:51] warn: Localization 1036 was not found for use of nullpointerexception catch
[07/04/2025 23:27:51] warn: Localization 1036 was not found for use of obsolete function 1
[07/04/2025 23:27:51] warn: Localization 1036 was not found for use of system exit
[07/04/2025 23:27:51] warn: Localization 1036 was not found for use of uninitialized variable
[07/04/2025 23:27:51] warn: Localization 1036 was not found for user driven insecure hash algorithm
[07/04/2025 23:27:51] warn: Localization 1036 was not found for user driven insecure hash algorithm 1
[07/04/2025 23:27:51] warn: Localization 1036 was not found for vulnerable template module
[07/04/2025 23:27:51] warn: Localization 1036 was not found for weak crypto api objc
[07/04/2025 23:27:51] warn: Localization 1036 was not found for weak crypto hash api objc
[07/04/2025 23:27:51] warn: Localization 1036 was not found for weak crypto iv objc
[07/04/2025 23:27:51] warn: Localization 1036 was not found for weak crypto key objc
[07/04/2025 23:27:51] warn: Localization 1036 was not found for weak cryptographic algorithm 1
[07/04/2025 23:27:51] warn: Localization 1036 was not found for weak cryptographic hash
[07/04/2025 23:27:51] warn: Localization 1036 was not found for weak cryptographic hash plsql
[07/04/2025 23:27:51] warn: Localization 1036 was not found for weak cryptographic hash tsql
[07/04/2025 23:27:51] warn: Localization 1036 was not found for weak hmac key objc
[07/04/2025 23:27:51] warn: Localization 1036 was not found for weak password requirements
[07/04/2025 23:27:51] warn: Localization 1036 was not found for weak pbkdf salt
[07/04/2025 23:27:51] warn: Localization 1036 was not found for weak rsa objc
[07/04/2025 23:27:51] warn: Localization 1036 was not found for weakhashcrypto
[07/04/2025 23:27:51] warn: Localization 1036 was not found for weakhashcryptojs
[07/04/2025 23:27:51] warn: Localization 1036 was not found for webforms validaterequest
[07/04/2025 23:27:51] warn: Localization 1036 was not found for webview xss
[07/04/2025 23:27:51] warn: Localization 1036 was not found for xml external entity pm
[07/04/2025 23:27:51] warn: Localization 1036 was not found for xss protection disabled
[07/04/2025 23:27:51] warn: Localization 1036 was not found for yaml load
[07/04/2025 23:27:51] warn: Localization 1036 was not found for .htaccess addhandler
[07/04/2025 23:27:51] warn: Localization 1036 was not found for .htaccess addtype
[07/04/2025 23:27:51] warn: Localization 1036 was not found for .htaccess options
[07/04/2025 23:27:51] warn: Localization 1036 was not found for .htaccess php_value
[07/04/2025 23:27:51] warn: Localization 1036 was not found for .htaccess serversignature
[07/04/2025 23:27:51] warn: Localization 1036 was not found for android_manifest.xml @android:allowbackup
[07/04/2025 23:27:51] warn: Localization 1036 was not found for android_manifest.xml @android:debuggable
[07/04/2025 23:27:51] warn: Localization 1036 was not found for android_manifest.xml @android:exported
[07/04/2025 23:27:51] warn: Localization 1036 was not found for android_manifest.xml @android:exported[provider]
[07/04/2025 23:27:51] warn: Localization 1036 was not found for android_manifest.xml @android:protectionlevel
[07/04/2025 23:27:51] warn: Localization 1036 was not found for android_manifest.xml @android:scheme
[07/04/2025 23:27:51] warn: Localization 1036 was not found for android_networksecurityconfig.xml @src
[07/04/2025 23:27:51] warn: Localization 1036 was not found for apache.conf addhandler
[07/04/2025 23:27:51] warn: Localization 1036 was not found for apache.conf addtype
[07/04/2025 23:27:51] warn: Localization 1036 was not found for apache.conf loadmodule
[07/04/2025 23:27:51] warn: Localization 1036 was not found for apache.conf options
[07/04/2025 23:27:51] warn: Localization 1036 was not found for apache.conf php_value
[07/04/2025 23:27:51] warn: Localization 1036 was not found for apache.conf serversignature
[07/04/2025 23:27:51] warn: Localization 1036 was not found for apache.conf servertokens
[07/04/2025 23:27:51] warn: Localization 1036 was not found for apache.conf traceenable
[07/04/2025 23:27:51] warn: Localization 1036 was not found for applicationhost.config @accesspolicy
[07/04/2025 23:27:51] warn: Localization 1036 was not found for applicationhost.config @notlistedisapisallowed
[07/04/2025 23:27:51] warn: Localization 1036 was not found for applicationhost.config @username
[07/04/2025 23:27:51] warn: Localization 1036 was not found for conf arbitrary file upload file_uploads
[07/04/2025 23:27:51] warn: Localization 1036 was not found for conf cross site scripting vulnerability http-only
[07/04/2025 23:27:51] warn: Localization 1036 was not found for conf cross site scripting vulnerability httponlycookies
[07/04/2025 23:27:51] warn: Localization 1036 was not found for conf cross site scripting vulnerability register_globals
[07/04/2025 23:27:51] warn: Localization 1036 was not found for conf cross site scripting vulnerability session.cookie_httponly
[07/04/2025 23:27:51] warn: Localization 1036 was not found for conf cross site scripting vulnerability traceenable
[07/04/2025 23:27:51] warn: Localization 1036 was not found for conf cross site scripting vulnerability validaterequest
[07/04/2025 23:27:51] warn: Localization 1036 was not found for conf denial of service loadmodule security2_module
[07/04/2025 23:27:51] warn: Localization 1036 was not found for conf denial of service max_execution_time
[07/04/2025 23:27:51] warn: Localization 1036 was not found for conf denial of service max_input_nesting_level
[07/04/2025 23:27:51] warn: Localization 1036 was not found for conf denial of service max_input_time
[07/04/2025 23:27:51] warn: Localization 1036 was not found for conf denial of service memory_limit
[07/04/2025 23:27:51] warn: Localization 1036 was not found for conf denial of service post_max_size
[07/04/2025 23:27:51] warn: Localization 1036 was not found for conf denial of service upload_max_filesize
[07/04/2025 23:27:51] warn: Localization 1036 was not found for conf directory indexing autoindex
[07/04/2025 23:27:51] warn: Localization 1036 was not found for conf directory indexing loadmodule autoindex_module
[07/04/2025 23:27:51] warn: Localization 1036 was not found for conf directory indexing options
[07/04/2025 23:27:51] warn: Localization 1036 was not found for conf directory indexing ssi
[07/04/2025 23:27:51] warn: Localization 1036 was not found for conf information leakage curl.cainfo
[07/04/2025 23:27:51] warn: Localization 1036 was not found for conf information leakage debug
[07/04/2025 23:27:51] warn: Localization 1036 was not found for conf information leakage display_errors
[07/04/2025 23:27:51] warn: Localization 1036 was not found for conf information leakage display_startup_errors
[07/04/2025 23:27:51] warn: Localization 1036 was not found for conf information leakage error-code
[07/04/2025 23:27:51] warn: Localization 1036 was not found for conf information leakage errordocument
[07/04/2025 23:27:51] warn: Localization 1036 was not found for conf information leakage expose_php
[07/04/2025 23:27:51] warn: Localization 1036 was not found for conf information leakage loadmodule include_module
[07/04/2025 23:27:51] warn: Localization 1036 was not found for conf information leakage loadmodule info_module
[07/04/2025 23:27:51] warn: Localization 1036 was not found for conf information leakage loadmodule negotiation_module
[07/04/2025 23:27:51] warn: Localization 1036 was not found for conf information leakage mode
[07/04/2025 23:27:51] warn: Localization 1036 was not found for conf information leakage param-name
[07/04/2025 23:27:51] warn: Localization 1036 was not found for conf information leakage param-name-xsrf
[07/04/2025 23:27:51] warn: Localization 1036 was not found for conf information leakage request_order
[07/04/2025 23:27:51] warn: Localization 1036 was not found for conf information leakage server_tokens
[07/04/2025 23:27:51] warn: Localization 1036 was not found for conf information leakage serversignature
[07/04/2025 23:27:51] warn: Localization 1036 was not found for conf information leakage servertokens
[07/04/2025 23:27:51] warn: Localization 1036 was not found for conf information leakage statuscode
[07/04/2025 23:27:51] warn: Localization 1036 was not found for conf information leakage value
[07/04/2025 23:27:51] warn: Localization 1036 was not found for conf insufficient authentication enableviewstatemac
[07/04/2025 23:27:51] warn: Localization 1036 was not found for conf insufficient session expiration session-timeout
[07/04/2025 23:27:51] warn: Localization 1036 was not found for conf insufficient transport layer protection requiressl
[07/04/2025 23:27:51] warn: Localization 1036 was not found for conf insufficient transport layer protection secure
[07/04/2025 23:27:51] warn: Localization 1036 was not found for conf insufficient transport layer protection transport-guarantee
[07/04/2025 23:27:51] warn: Localization 1036 was not found for conf obsolete option safe_mode
[07/04/2025 23:27:51] warn: Localization 1036 was not found for conf obsolete option safe_mode_exec_dir
[07/04/2025 23:27:51] warn: Localization 1036 was not found for conf obsolete option safe_mode_gid
[07/04/2025 23:27:51] warn: Localization 1036 was not found for conf obsolete option safe_mode_include_dir
[07/04/2025 23:27:51] warn: Localization 1036 was not found for conf path traversal vulnerability open_basedir
[07/04/2025 23:27:51] warn: Localization 1036 was not found for conf remote code execution addhandler
[07/04/2025 23:27:51] warn: Localization 1036 was not found for conf remote code execution addtype
[07/04/2025 23:27:51] warn: Localization 1036 was not found for conf remote code execution assert.active
[07/04/2025 23:27:51] warn: Localization 1036 was not found for conf remote code execution auto_append_file
[07/04/2025 23:27:51] warn: Localization 1036 was not found for conf remote code execution auto_prepend_file
[07/04/2025 23:27:51] warn: Localization 1036 was not found for conf remote code execution enable_dl
[07/04/2025 23:27:51] warn: Localization 1036 was not found for conf remote code execution php_value
[07/04/2025 23:27:51] warn: Localization 1036 was not found for conf remote command execution disable_functions
[07/04/2025 23:27:51] warn: Localization 1036 was not found for conf remote command execution http-method
[07/04/2025 23:27:51] warn: Localization 1036 was not found for conf remote command execution loadmodule cgi_module
[07/04/2025 23:27:51] warn: Localization 1036 was not found for conf remote file inclusion allow_url_fopen
[07/04/2025 23:27:51] warn: Localization 1036 was not found for conf remote file inclusion allow_url_include
[07/04/2025 23:27:51] warn: Localization 1036 was not found for conf remote file inclusion cgi.fix_pathinfo
[07/04/2025 23:27:51] warn: Localization 1036 was not found for conf response splitting enableheaderchecking
[07/04/2025 23:27:51] warn: Localization 1036 was not found for conf response splitting useunsafeheaderparsing
[07/04/2025 23:27:51] warn: Localization 1036 was not found for conf session hijacking log_errors
[07/04/2025 23:27:51] warn: Localization 1036 was not found for conf session hijacking session.cookie_lifetime
[07/04/2025 23:27:51] warn: Localization 1036 was not found for conf session hijacking session.cookie_secure
[07/04/2025 23:27:51] warn: Localization 1036 was not found for conf session hijacking session.referer_check
[07/04/2025 23:27:51] warn: Localization 1036 was not found for conf session hijacking session.save_path
[07/04/2025 23:27:51] warn: Localization 1036 was not found for conf session hijacking session.use_cookies
[07/04/2025 23:27:51] warn: Localization 1036 was not found for conf session hijacking session.use_only_cookies
[07/04/2025 23:27:51] warn: Localization 1036 was not found for conf session hijacking session.use_strict_mode
[07/04/2025 23:27:51] warn: Localization 1036 was not found for conf session hijacking ssl
[07/04/2025 23:27:51] warn: Localization 1036 was not found for conf session hijacking ssl_certificate
[07/04/2025 23:27:51] warn: Localization 1036 was not found for conf session hijacking ssl_certificate_key
[07/04/2025 23:27:51] warn: Localization 1036 was not found for conf session hijacking ssl_ciphers
[07/04/2025 23:27:51] warn: Localization 1036 was not found for conf session hijacking ssl_dhparam
[07/04/2025 23:27:51] warn: Localization 1036 was not found for conf session hijacking ssl_prefer_server_ciphers
[07/04/2025 23:27:51] warn: Localization 1036 was not found for conf session hijacking ssl_protocols
[07/04/2025 23:27:51] warn: Localization 1036 was not found for conf session hijacking ssl_session_cache
[07/04/2025 23:27:51] warn: Localization 1036 was not found for conf session hijacking ssl_session_timeout
[07/04/2025 23:27:51] warn: Localization 1036 was not found for conf session hijacking ssl_stapling
[07/04/2025 23:27:51] warn: Localization 1036 was not found for conf session hijacking tracking-mode
[07/04/2025 23:27:51] warn: Localization 1036 was not found for conf sql injection magic_quotes_gpc
[07/04/2025 23:27:51] warn: Localization 1036 was not found for conf sql injection magic_quotes_runtime
[07/04/2025 23:27:51] warn: Localization 1036 was not found for conf sql injection magic_quotes_sybase
[07/04/2025 23:27:51] warn: Localization 1036 was not found for domain.xml @audit-enabled
[07/04/2025 23:27:51] warn: Localization 1036 was not found for domain.xml @port
[07/04/2025 23:27:51] warn: Localization 1036 was not found for domain.xml @value
[07/04/2025 23:27:51] warn: Localization 1036 was not found for domain.xml @xpowered-by
[07/04/2025 23:27:51] warn: Localization 1036 was not found for domain.xml jvm-options
[07/04/2025 23:27:51] warn: Localization 1036 was not found for ios_info.plist cfbundleurltypes
[07/04/2025 23:27:51] warn: Localization 1036 was not found for ios_info.plist nsexceptionallowsinsecurehttploads
[07/04/2025 23:27:51] warn: Localization 1036 was not found for ios_info.plist nsexceptionminimumtlsversion
[07/04/2025 23:27:51] warn: Localization 1036 was not found for ios_info.plist nstemporarythirdpartyexceptionallowsinsecurehttploads
[07/04/2025 23:27:51] warn: Localization 1036 was not found for ios_info.plist nstemporarythirdpartyexceptionminimumtlsversion
[07/04/2025 23:27:51] warn: Localization 1036 was not found for lighttpd.conf cgi.assign
[07/04/2025 23:27:51] warn: Localization 1036 was not found for lighttpd.conf server.dir-listing
[07/04/2025 23:27:51] warn: Localization 1036 was not found for lighttpd.conf setenv.add-response-header
[07/04/2025 23:27:51] warn: Localization 1036 was not found for lighttpd.conf status.config-url
[07/04/2025 23:27:51] warn: Localization 1036 was not found for lighttpd.conf status.status-url
[07/04/2025 23:27:51] warn: Localization 1036 was not found for lighttpd.conf webdav.is-readonly
[07/04/2025 23:27:51] warn: Localization 1036 was not found for machine.config @debug
[07/04/2025 23:27:51] warn: Localization 1036 was not found for machine.config @decryption
[07/04/2025 23:27:51] warn: Localization 1036 was not found for machine.config @decryptionkey
[07/04/2025 23:27:51] warn: Localization 1036 was not found for machine.config @passwordformat
[07/04/2025 23:27:51] warn: Localization 1036 was not found for machine.config @retail
[07/04/2025 23:27:51] warn: Localization 1036 was not found for machine.config @username[@processmodel]
[07/04/2025 23:27:51] warn: Localization 1036 was not found for machine.config @validation
[07/04/2025 23:27:51] warn: Localization 1036 was not found for machine.config @validationkey
[07/04/2025 23:27:51] warn: Localization 1036 was not found for nginx.conf add_header
[07/04/2025 23:27:51] warn: Localization 1036 was not found for nginx.conf add_header[inheritance]
[07/04/2025 23:27:51] warn: Localization 1036 was not found for nginx.conf alias[traversal]
[07/04/2025 23:27:51] warn: Localization 1036 was not found for nginx.conf autoindex
[07/04/2025 23:27:51] warn: Localization 1036 was not found for nginx.conf error_log
[07/04/2025 23:27:51] warn: Localization 1036 was not found for nginx.conf error_page
[07/04/2025 23:27:51] warn: Localization 1036 was not found for nginx.conf more_set_headers
[07/04/2025 23:27:51] warn: Localization 1036 was not found for nginx.conf proxy_set_header
[07/04/2025 23:27:51] warn: Localization 1036 was not found for nginx.conf server_tokens
[07/04/2025 23:27:51] warn: Localization 1036 was not found for nginx.conf ssi
[07/04/2025 23:27:51] warn: Localization 1036 was not found for nginx.conf ssl
[07/04/2025 23:27:51] warn: Localization 1036 was not found for nginx.conf ssl_certificate
[07/04/2025 23:27:51] warn: Localization 1036 was not found for nginx.conf ssl_certificate_key
[07/04/2025 23:27:51] warn: Localization 1036 was not found for nginx.conf ssl_ciphers
[07/04/2025 23:27:51] warn: Localization 1036 was not found for nginx.conf ssl_dhparam
[07/04/2025 23:27:51] warn: Localization 1036 was not found for nginx.conf ssl_prefer_server_ciphers
[07/04/2025 23:27:51] warn: Localization 1036 was not found for nginx.conf ssl_protocols
[07/04/2025 23:27:51] warn: Localization 1036 was not found for nginx.conf ssl_session_cache
[07/04/2025 23:27:51] warn: Localization 1036 was not found for nginx.conf ssl_session_timeout
[07/04/2025 23:27:51] warn: Localization 1036 was not found for nginx.conf ssl_stapling
[07/04/2025 23:27:51] warn: Localization 1036 was not found for nginx.conf valid_referers
[07/04/2025 23:27:51] warn: Localization 1036 was not found for php.ini allow_url_fopen
[07/04/2025 23:27:51] warn: Localization 1036 was not found for php.ini allow_url_include
[07/04/2025 23:27:51] warn: Localization 1036 was not found for php.ini assert.active
[07/04/2025 23:27:51] warn: Localization 1036 was not found for php.ini auto_append_file
[07/04/2025 23:27:51] warn: Localization 1036 was not found for php.ini auto_prepend_file
[07/04/2025 23:27:51] warn: Localization 1036 was not found for php.ini cgi.fix_pathinfo
[07/04/2025 23:27:51] warn: Localization 1036 was not found for php.ini cgi.force_redirect
[07/04/2025 23:27:51] warn: Localization 1036 was not found for php.ini disable_functions
[07/04/2025 23:27:51] warn: Localization 1036 was not found for php.ini display_errors
[07/04/2025 23:27:51] warn: Localization 1036 was not found for php.ini display_startup_errors
[07/04/2025 23:27:51] warn: Localization 1036 was not found for php.ini enable_dl
[07/04/2025 23:27:51] warn: Localization 1036 was not found for php.ini expose_php
[07/04/2025 23:27:51] warn: Localization 1036 was not found for php.ini log_errors
[07/04/2025 23:27:51] warn: Localization 1036 was not found for php.ini magic_quotes_gpc
[07/04/2025 23:27:51] warn: Localization 1036 was not found for php.ini magic_quotes_runtime
[07/04/2025 23:27:51] warn: Localization 1036 was not found for php.ini magic_quotes_sybase
[07/04/2025 23:27:51] warn: Localization 1036 was not found for php.ini max_execution_time
[07/04/2025 23:27:51] warn: Localization 1036 was not found for php.ini max_input_nesting_level
[07/04/2025 23:27:51] warn: Localization 1036 was not found for php.ini max_input_time
[07/04/2025 23:27:51] warn: Localization 1036 was not found for php.ini memory_limit
[07/04/2025 23:27:51] warn: Localization 1036 was not found for php.ini open_basedir
[07/04/2025 23:27:51] warn: Localization 1036 was not found for php.ini post_max_size
[07/04/2025 23:27:51] warn: Localization 1036 was not found for php.ini register_globals
[07/04/2025 23:27:51] warn: Localization 1036 was not found for php.ini request_order
[07/04/2025 23:27:51] warn: Localization 1036 was not found for php.ini safe_mode
[07/04/2025 23:27:51] warn: Localization 1036 was not found for php.ini session.cookie_httponly
[07/04/2025 23:27:51] warn: Localization 1036 was not found for php.ini session.cookie_lifetime
[07/04/2025 23:27:51] warn: Localization 1036 was not found for php.ini session.cookie_secure
[07/04/2025 23:27:51] warn: Localization 1036 was not found for php.ini session.save_path
[07/04/2025 23:27:51] warn: Localization 1036 was not found for php.ini session.use_cookies
[07/04/2025 23:27:51] warn: Localization 1036 was not found for php.ini session.use_only_cookies
[07/04/2025 23:27:51] warn: Localization 1036 was not found for php.ini session.use_strict_mode
[07/04/2025 23:27:51] warn: Localization 1036 was not found for php.ini session.use_trans_sid
[07/04/2025 23:27:51] warn: Localization 1036 was not found for php.ini upload_max_filesize
[07/04/2025 23:27:51] warn: Localization 1036 was not found for potential vulnerability
[07/04/2025 23:27:51] warn: Localization 1036 was not found for server.xml_tomcat @allowtrace
[07/04/2025 23:27:51] warn: Localization 1036 was not found for server.xml_tomcat @autodeploy
[07/04/2025 23:27:51] warn: Localization 1036 was not found for server.xml_tomcat @clientauth
[07/04/2025 23:27:51] warn: Localization 1036 was not found for server.xml_tomcat @connectiontimeout
[07/04/2025 23:27:51] warn: Localization 1036 was not found for server.xml_tomcat @deployonstartup
[07/04/2025 23:27:51] warn: Localization 1036 was not found for server.xml_tomcat @maxhttpheadersize
[07/04/2025 23:27:51] warn: Localization 1036 was not found for server.xml_tomcat @secure
[07/04/2025 23:27:51] warn: Localization 1036 was not found for server.xml_tomcat @shutdown
[07/04/2025 23:27:51] warn: Localization 1036 was not found for server.xml_tomcat @xpoweredby
[07/04/2025 23:27:51] warn: Localization 1036 was not found for server.xml_websphere @allowlogoutpageredirecttoanyhost
[07/04/2025 23:27:51] warn: Localization 1036 was not found for server.xml_websphere @displayauthenticationrealm
[07/04/2025 23:27:51] warn: Localization 1036 was not found for server.xml_websphere @preservefullyqualifiedreferrerurl
[07/04/2025 23:27:51] warn: Localization 1036 was not found for standalone.xml @default-user
[07/04/2025 23:27:51] warn: Localization 1036 was not found for standalone.xml @display-source-fragment
[07/04/2025 23:27:51] warn: Localization 1036 was not found for standalone.xml @scan-interval
[07/04/2025 23:27:51] warn: Localization 1036 was not found for standalone.xml @value
[07/04/2025 23:27:51] warn: Localization 1036 was not found for standalone.xml @x-powered-by
[07/04/2025 23:27:51] warn: Localization 1036 was not found for web.config @allowoverride
[07/04/2025 23:27:51] warn: Localization 1036 was not found for web.config @cacherolesincookie
[07/04/2025 23:27:51] warn: Localization 1036 was not found for web.config @certificatevalidationmode
[07/04/2025 23:27:51] warn: Localization 1036 was not found for web.config @connectionprotection
[07/04/2025 23:27:51] warn: Localization 1036 was not found for web.config @cookieless
[07/04/2025 23:27:51] warn: Localization 1036 was not found for web.config @cookieprotection
[07/04/2025 23:27:51] warn: Localization 1036 was not found for web.config @cookierequiressl
[07/04/2025 23:27:51] warn: Localization 1036 was not found for web.config @cookieslidingexpiration
[07/04/2025 23:27:51] warn: Localization 1036 was not found for web.config @cookietimeout
[07/04/2025 23:27:51] warn: Localization 1036 was not found for web.config @createpersistentcookie
[07/04/2025 23:27:51] warn: Localization 1036 was not found for web.config @debug
[07/04/2025 23:27:51] warn: Localization 1036 was not found for web.config @decryptionkey
[07/04/2025 23:27:51] warn: Localization 1036 was not found for web.config @enablecrossappredirects
[07/04/2025 23:27:51] warn: Localization 1036 was not found for web.config @enabled
[07/04/2025 23:27:51] warn: Localization 1036 was not found for web.config @enabled[directorybrowse]
[07/04/2025 23:27:51] warn: Localization 1036 was not found for web.config @enableeventvalidation
[07/04/2025 23:27:51] warn: Localization 1036 was not found for web.config @enableheaderchecking
[07/04/2025 23:27:51] warn: Localization 1036 was not found for web.config @enableversionheader
[07/04/2025 23:27:51] warn: Localization 1036 was not found for web.config @enableviewstatemac
[07/04/2025 23:27:51] warn: Localization 1036 was not found for web.config @httponlycookies
[07/04/2025 23:27:51] warn: Localization 1036 was not found for web.config @level
[07/04/2025 23:27:51] warn: Localization 1036 was not found for web.config @maxeventdetaillength
[07/04/2025 23:27:51] warn: Localization 1036 was not found for web.config @maxeventlengthforsimplemessage
[07/04/2025 23:27:51] warn: Localization 1036 was not found for web.config @maxrequestlength
[07/04/2025 23:27:51] warn: Localization 1036 was not found for web.config @maxsizeforsimplemessage
[07/04/2025 23:27:51] warn: Localization 1036 was not found for web.config @minrequirednonalphanumericcharacters
[07/04/2025 23:27:51] warn: Localization 1036 was not found for web.config @minrequiredpasswordlength
[07/04/2025 23:27:51] warn: Localization 1036 was not found for web.config @mode
[07/04/2025 23:27:51] warn: Localization 1036 was not found for web.config @name[@credentials]
[07/04/2025 23:27:51] warn: Localization 1036 was not found for web.config @passwordformat
[07/04/2025 23:27:51] warn: Localization 1036 was not found for web.config @protection
[07/04/2025 23:27:51] warn: Localization 1036 was not found for web.config @requestvalidationmode
[07/04/2025 23:27:51] warn: Localization 1036 was not found for web.config @requiressl
[07/04/2025 23:27:51] warn: Localization 1036 was not found for web.config @requiressl[@authentication]
[07/04/2025 23:27:51] warn: Localization 1036 was not found for web.config @slidingexpiration
[07/04/2025 23:27:51] warn: Localization 1036 was not found for web.config @statuscode
[07/04/2025 23:27:51] warn: Localization 1036 was not found for web.config @timeout
[07/04/2025 23:27:51] warn: Localization 1036 was not found for web.config @type
[07/04/2025 23:27:51] warn: Localization 1036 was not found for web.config @username[@identity]
[07/04/2025 23:27:51] warn: Localization 1036 was not found for web.config @users
[07/04/2025 23:27:51] warn: Localization 1036 was not found for web.config @useunsafeheaderparsing
[07/04/2025 23:27:51] warn: Localization 1036 was not found for web.config @validaterequest
[07/04/2025 23:27:51] warn: Localization 1036 was not found for web.config @validation
[07/04/2025 23:27:51] warn: Localization 1036 was not found for web.config @validationkey
[07/04/2025 23:27:51] warn: Localization 1036 was not found for web.config @value
[07/04/2025 23:27:51] warn: Localization 1036 was not found for web.config @value[@accesscontrolalloworiginheader]
[07/04/2025 23:27:51] warn: Localization 1036 was not found for web.config @value[@aspnetcore_environment]
[07/04/2025 23:27:51] warn: Localization 1036 was not found for web.config @value[uselegacyencryption]
[07/04/2025 23:27:51] warn: Localization 1036 was not found for web.config @value[x-frame-options]
[07/04/2025 23:27:51] warn: Localization 1036 was not found for web.config @viewstateencryptionmode
[07/04/2025 23:27:51] warn: Localization 1036 was not found for web.config ciphervalue[@sessionstate]
[07/04/2025 23:27:51] warn: Localization 1036 was not found for web.config remove/@name[documentation]
[07/04/2025 23:27:51] warn: Localization 1036 was not found for web.config remove/@name[x-powered-by]
[07/04/2025 23:27:51] warn: Localization 1036 was not found for web.xml error-code
[07/04/2025 23:27:51] warn: Localization 1036 was not found for web.xml http-method
[07/04/2025 23:27:51] warn: Localization 1036 was not found for web.xml http-only
[07/04/2025 23:27:51] warn: Localization 1036 was not found for web.xml param-value
[07/04/2025 23:27:51] warn: Localization 1036 was not found for web.xml secure
[07/04/2025 23:27:51] warn: Localization 1036 was not found for web.xml session-timeout
[07/04/2025 23:27:51] warn: Localization 1036 was not found for web.xml tracking-mode
[07/04/2025 23:27:51] warn: Localization 1036 was not found for web.xml transport-guarantee
[07/04/2025 23:27:51] info: Clean up logs files was started
[07/04/2025 23:27:51] info: Clean up logs files was finished
